CRITICAL - 2025-05-09 10:56:53 --> ErrorException: move_uploaded_file(public/Backend-Assets/images/image/2020.jpg): Failed to open stream: No such file or directory
[Method: POST, Route: updateCalciumMineralPro]
in APPPATH/Controllers/Product/ProductController.php on line 257.
 1 [internal function]: CodeIgniter\Debug\Exceptions->errorHandler(2, 'move_uploaded_file(public/Backend-Assets/images/image/2020.jpg): Failed to open stream: No such file or directory', '/home/sitsolutionsco/public_html/sks.sitsolutions.co.in/app/Controllers/Product/ProductController.php', 257)
 2 APPPATH/Controllers/Product/ProductController.php(257): move_uploaded_file('/tmp/phpmLkApc', 'public/Backend-Assets/images/image/2020.jpg')
 3 SYSTEMPATH/CodeIgniter.php(933): App\Controllers\Product\ProductController->updateCalciumMineralPro()
 4 SYSTEMPATH/CodeIgniter.php(507): CodeIgniter\CodeIgniter->runController(Object(App\Controllers\Product\ProductController))
 5 SYSTEMPATH/CodeIgniter.php(354): CodeIgniter\CodeIgniter->handleRequest(null, Object(Config\Cache), false)
 6 SYSTEMPATH/Boot.php(334): CodeIgniter\CodeIgniter->run()
 7 SYSTEMPATH/Boot.php(67): CodeIgniter\Boot::runCodeIgniter(Object(CodeIgniter\CodeIgniter))
 8 FCPATH/index.php(56): CodeIgniter\Boot::bootWeb(Object(Config\Paths))
CRITICAL - 2025-05-09 11:27:29 --> ErrorException: Undefined variable $subCategoryData
[Method: POST, Route: product_details]
in APPPATH/Controllers/API/Product.php on line 51.
 1 APPPATH/Controllers/API/Product.php(51): CodeIgniter\Debug\Exceptions->errorHandler(2, 'Undefined variable $subCategoryData', '/home/sitsolutionsco/public_html/sks.sitsolutions.co.in/app/Controllers/API/Product.php', 51)
 2 SYSTEMPATH/CodeIgniter.php(933): App\Controllers\API\Product->product_details()
 3 SYSTEMPATH/CodeIgniter.php(507): CodeIgniter\CodeIgniter->runController(Object(App\Controllers\API\Product))
 4 SYSTEMPATH/CodeIgniter.php(354): CodeIgniter\CodeIgniter->handleRequest(null, Object(Config\Cache), false)
 5 SYSTEMPATH/Boot.php(334): CodeIgniter\CodeIgniter->run()
 6 SYSTEMPATH/Boot.php(67): CodeIgniter\Boot::runCodeIgniter(Object(CodeIgniter\CodeIgniter))
 7 FCPATH/index.php(56): CodeIgniter\Boot::bootWeb(Object(Config\Paths))
CRITICAL - 2025-05-09 11:28:45 --> ParseError: syntax error, unexpected token ";", expecting "function" or "const"
[Method: POST, Route: product_details]
in APPPATH/Controllers/API/Product.php on line 70.
 1 SYSTEMPATH/Autoloader/Autoloader.php(295): CodeIgniter\Autoloader\Autoloader->includeFile('/home/sitsolutionsco/public_html/sks.sitsolutions.co.in/app/Controllers/API/Product.php')
 2 SYSTEMPATH/Autoloader/Autoloader.php(271): CodeIgniter\Autoloader\Autoloader->loadInNamespace('App\\Controllers\\API\\Product')
 3 [internal function]: CodeIgniter\Autoloader\Autoloader->loadClass('App\\Controllers\\API\\Product')
 4 SYSTEMPATH/CodeIgniter.php(885): class_exists('\\App\\Controllers\\API\\Product', true)
 5 SYSTEMPATH/CodeIgniter.php(494): CodeIgniter\CodeIgniter->startController()
 6 SYSTEMPATH/CodeIgniter.php(354): CodeIgniter\CodeIgniter->handleRequest(null, Object(Config\Cache), false)
 7 SYSTEMPATH/Boot.php(334): CodeIgniter\CodeIgniter->run()
 8 SYSTEMPATH/Boot.php(67): CodeIgniter\Boot::runCodeIgniter(Object(CodeIgniter\CodeIgniter))
 9 FCPATH/index.php(56): CodeIgniter\Boot::bootWeb(Object(Config\Paths))
CRITICAL - 2025-05-09 11:31:51 --> CodeIgniter\HTTP\Exceptions\BadRequestException: The URI you submitted has disallowed characters: "banner_list'"
[Method: GET, Route: banner_list%27]
in SYSTEMPATH/Router/Router.php on line 739.
 1 SYSTEMPATH/Router/Router.php(207): CodeIgniter\Router\Router->checkDisallowedChars('banner_list\'')
 2 SYSTEMPATH/CodeIgniter.php(832): CodeIgniter\Router\Router->handle('banner_list\'')
 3 SYSTEMPATH/CodeIgniter.php(455): CodeIgniter\CodeIgniter->tryToRouteIt(Object(CodeIgniter\Router\RouteCollection))
 4 SYSTEMPATH/CodeIgniter.php(354): CodeIgniter\CodeIgniter->handleRequest(null, Object(Config\Cache), false)
 5 SYSTEMPATH/Boot.php(334): CodeIgniter\CodeIgniter->run()
 6 SYSTEMPATH/Boot.php(67): CodeIgniter\Boot::runCodeIgniter(Object(CodeIgniter\CodeIgniter))
 7 FCPATH/index.php(56): CodeIgniter\Boot::bootWeb(Object(Config\Paths))
CRITICAL - 2025-05-09 11:32:07 --> CodeIgniter\HTTP\Exceptions\BadRequestException: The URI you submitted has disallowed characters: "banner_list'"
[Method: GET, Route: banner_list%27]
in SYSTEMPATH/Router/Router.php on line 739.
 1 SYSTEMPATH/Router/Router.php(207): CodeIgniter\Router\Router->checkDisallowedChars('banner_list\'')
 2 SYSTEMPATH/CodeIgniter.php(832): CodeIgniter\Router\Router->handle('banner_list\'')
 3 SYSTEMPATH/CodeIgniter.php(455): CodeIgniter\CodeIgniter->tryToRouteIt(Object(CodeIgniter\Router\RouteCollection))
 4 SYSTEMPATH/CodeIgniter.php(354): CodeIgniter\CodeIgniter->handleRequest(null, Object(Config\Cache), false)
 5 SYSTEMPATH/Boot.php(334): CodeIgniter\CodeIgniter->run()
 6 SYSTEMPATH/Boot.php(67): CodeIgniter\Boot::runCodeIgniter(Object(CodeIgniter\CodeIgniter))
 7 FCPATH/index.php(56): CodeIgniter\Boot::bootWeb(Object(Config\Paths))
CRITICAL - 2025-05-09 11:33:36 --> ErrorException: Undefined array key "id"
[Method: GET, Route: adminDashboard]
in APPPATH/Views/Include/header.php on line 3.
 1 APPPATH/Views/Include/header.php(3): CodeIgniter\Debug\Exceptions->errorHandler(2, 'Undefined array key "id"', '/home/sitsolutionsco/public_html/sks.sitsolutions.co.in/app/Views/Include/header.php', 3)
 2 SYSTEMPATH/View/View.php(224): include('/home/sitsolutionsco/public_html/sks.sitsolutions.co.in/app/Views/Include/header.php')
 3 SYSTEMPATH/View/View.php(227): CodeIgniter\View\View->CodeIgniter\View\{closure}()
 4 SYSTEMPATH/Common.php(1173): CodeIgniter\View\View->render('Include/header', [], true)
 5 APPPATH/Views/Dashboard/adminDashboard.php(11): view('Include/header')
 6 SYSTEMPATH/View/View.php(224): include('/home/sitsolutionsco/public_html/sks.sitsolutions.co.in/app/Views/Dashboard/adminDashboard.php')
 7 SYSTEMPATH/View/View.php(227): CodeIgniter\View\View->CodeIgniter\View\{closure}()
 8 SYSTEMPATH/Common.php(1173): CodeIgniter\View\View->render('Dashboard/adminDashboard', [], true)
 9 APPPATH/Controllers/Dashboard/DashboardController.php(20): view('Dashboard/adminDashboard')
10 SYSTEMPATH/CodeIgniter.php(933): App\Controllers\Dashboard\DashboardController->adminDashboard()
11 SYSTEMPATH/CodeIgniter.php(507): CodeIgniter\CodeIgniter->runController(Object(App\Controllers\Dashboard\DashboardController))
12 SYSTEMPATH/CodeIgniter.php(354): CodeIgniter\CodeIgniter->handleRequest(null, Object(Config\Cache), false)
13 SYSTEMPATH/Boot.php(334): CodeIgniter\CodeIgniter->run()
14 SYSTEMPATH/Boot.php(67): CodeIgniter\Boot::runCodeIgniter(Object(CodeIgniter\CodeIgniter))
15 FCPATH/index.php(56): CodeIgniter\Boot::bootWeb(Object(Config\Paths))
