CRITICAL - 2025-05-05 06:48:42 --> Error: Class "App\Models\Product\ProductModel" not found
[Method: GET, Route: addCalciumMineral]
in APPPATH/Controllers/Product/ProductController.php on line 15.
 1 SYSTEMPATH/CodeIgniter.php(903): App\Controllers\Product\ProductController->__construct()
 2 SYSTEMPATH/CodeIgniter.php(498): CodeIgniter\CodeIgniter->createController()
 3 SYSTEMPATH/CodeIgniter.php(354): CodeIgniter\CodeIgniter->handleRequest(null, Object(Config\Cache), false)
 4 SYSTEMPATH/Boot.php(334): CodeIgniter\CodeIgniter->run()
 5 SYSTEMPATH/Boot.php(67): CodeIgniter\Boot::runCodeIgniter(Object(CodeIgniter\CodeIgniter))
 6 FCPATH/index.php(56): CodeIgniter\Boot::bootWeb(Object(Config\Paths))
CRITICAL - 2025-05-05 06:49:49 --> CodeIgniter\View\Exceptions\ViewException: Invalid file: "CalciumMineral/addCalciumMineral.php"
[Method: GET, Route: addCalciumMineral]
in SYSTEMPATH/Exceptions/FrameworkException.php on line 39.
 1 SYSTEMPATH/View/View.php(212): CodeIgniter\Exceptions\FrameworkException::forInvalidFile('CalciumMineral/addCalciumMineral.php')
 2 SYSTEMPATH/Common.php(1173): CodeIgniter\View\View->render('CalciumMineral/addCalciumMineral', [], true)
 3 APPPATH/Controllers/Product/ProductController.php(34): view('CalciumMineral/addCalciumMineral')
 4 SYSTEMPATH/CodeIgniter.php(933): App\Controllers\Product\ProductController->addCalciumMineral()
 5 SYSTEMPATH/CodeIgniter.php(507): CodeIgniter\CodeIgniter->runController(Object(App\Controllers\Product\ProductController))
 6 SYSTEMPATH/CodeIgniter.php(354): CodeIgniter\CodeIgniter->handleRequest(null, Object(Config\Cache), false)
 7 SYSTEMPATH/Boot.php(334): CodeIgniter\CodeIgniter->run()
 8 SYSTEMPATH/Boot.php(67): CodeIgniter\Boot::runCodeIgniter(Object(CodeIgniter\CodeIgniter))
 9 FCPATH/index.php(56): CodeIgniter\Boot::bootWeb(Object(Config\Paths))
CRITICAL - 2025-05-05 06:50:02 --> CodeIgniter\View\Exceptions\ViewException: Invalid file: "CalciumMineral/addCalciumMineral.php"
[Method: GET, Route: addCalciumMineral]
in SYSTEMPATH/Exceptions/FrameworkException.php on line 39.
 1 SYSTEMPATH/View/View.php(212): CodeIgniter\Exceptions\FrameworkException::forInvalidFile('CalciumMineral/addCalciumMineral.php')
 2 SYSTEMPATH/Common.php(1173): CodeIgniter\View\View->render('CalciumMineral/addCalciumMineral', [], true)
 3 APPPATH/Controllers/Product/ProductController.php(34): view('CalciumMineral/addCalciumMineral')
 4 SYSTEMPATH/CodeIgniter.php(933): App\Controllers\Product\ProductController->addCalciumMineral()
 5 SYSTEMPATH/CodeIgniter.php(507): CodeIgniter\CodeIgniter->runController(Object(App\Controllers\Product\ProductController))
 6 SYSTEMPATH/CodeIgniter.php(354): CodeIgniter\CodeIgniter->handleRequest(null, Object(Config\Cache), false)
 7 SYSTEMPATH/Boot.php(334): CodeIgniter\CodeIgniter->run()
 8 SYSTEMPATH/Boot.php(67): CodeIgniter\Boot::runCodeIgniter(Object(CodeIgniter\CodeIgniter))
 9 FCPATH/index.php(56): CodeIgniter\Boot::bootWeb(Object(Config\Paths))
CRITICAL - 2025-05-05 07:01:27 --> ErrorException: Undefined variable $categoryD
[Method: GET, Route: addCalciumMineral]
in APPPATH/Views/Product/addCalciumMineral.php on line 44.
 1 APPPATH/Views/Product/addCalciumMineral.php(44): CodeIgniter\Debug\Exceptions->errorHandler(2, 'Undefined variable $categoryD', '/home/sitsolutionsco/public_html/sks.sitsolutions.co.in/app/Views/Product/addCalciumMineral.php', 44)
 2 SYSTEMPATH/View/View.php(224): include('/home/sitsolutionsco/public_html/sks.sitsolutions.co.in/app/Views/Product/addCalciumMineral.php')
 3 SYSTEMPATH/View/View.php(227): CodeIgniter\View\View->CodeIgniter\View\{closure}()
 4 SYSTEMPATH/Common.php(1173): CodeIgniter\View\View->render('Product/addCalciumMineral', [], true)
 5 APPPATH/Controllers/Product/ProductController.php(38): view('Product/addCalciumMineral', [...])
 6 SYSTEMPATH/CodeIgniter.php(933): App\Controllers\Product\ProductController->addCalciumMineral()
 7 SYSTEMPATH/CodeIgniter.php(507): CodeIgniter\CodeIgniter->runController(Object(App\Controllers\Product\ProductController))
 8 SYSTEMPATH/CodeIgniter.php(354): CodeIgniter\CodeIgniter->handleRequest(null, Object(Config\Cache), false)
 9 SYSTEMPATH/Boot.php(334): CodeIgniter\CodeIgniter->run()
10 SYSTEMPATH/Boot.php(67): CodeIgniter\Boot::runCodeIgniter(Object(CodeIgniter\CodeIgniter))
11 FCPATH/index.php(56): CodeIgniter\Boot::bootWeb(Object(Config\Paths))
CRITICAL - 2025-05-05 07:01:44 --> ErrorException: Undefined array key "subcategory"
[Method: GET, Route: addCalciumMineral]
in APPPATH/Views/Product/addCalciumMineral.php on line 66.
 1 APPPATH/Views/Product/addCalciumMineral.php(66): CodeIgniter\Debug\Exceptions->errorHandler(2, 'Undefined array key "subcategory"', '/home/sitsolutionsco/public_html/sks.sitsolutions.co.in/app/Views/Product/addCalciumMineral.php', 66)
 2 SYSTEMPATH/View/View.php(224): include('/home/sitsolutionsco/public_html/sks.sitsolutions.co.in/app/Views/Product/addCalciumMineral.php')
 3 SYSTEMPATH/View/View.php(227): CodeIgniter\View\View->CodeIgniter\View\{closure}()
 4 SYSTEMPATH/Common.php(1173): CodeIgniter\View\View->render('Product/addCalciumMineral', [], true)
 5 APPPATH/Controllers/Product/ProductController.php(38): view('Product/addCalciumMineral', [...])
 6 SYSTEMPATH/CodeIgniter.php(933): App\Controllers\Product\ProductController->addCalciumMineral()
 7 SYSTEMPATH/CodeIgniter.php(507): CodeIgniter\CodeIgniter->runController(Object(App\Controllers\Product\ProductController))
 8 SYSTEMPATH/CodeIgniter.php(354): CodeIgniter\CodeIgniter->handleRequest(null, Object(Config\Cache), false)
 9 SYSTEMPATH/Boot.php(334): CodeIgniter\CodeIgniter->run()
10 SYSTEMPATH/Boot.php(67): CodeIgniter\Boot::runCodeIgniter(Object(CodeIgniter\CodeIgniter))
11 FCPATH/index.php(56): CodeIgniter\Boot::bootWeb(Object(Config\Paths))
CRITICAL - 2025-05-05 07:54:34 --> ErrorException: Undefined array key "cat_id"
[Method: POST, Route: getUnitByCategory]
in APPPATH/Controllers/Product/ProductController.php on line 43.
 1 APPPATH/Controllers/Product/ProductController.php(43): CodeIgniter\Debug\Exceptions->errorHandler(2, 'Undefined array key "cat_id"', '/home/sitsolutionsco/public_html/sks.sitsolutions.co.in/app/Controllers/Product/ProductController.php', 43)
 2 SYSTEMPATH/CodeIgniter.php(933): App\Controllers\Product\ProductController->getUnitByCategory()
 3 SYSTEMPATH/CodeIgniter.php(507): CodeIgniter\CodeIgniter->runController(Object(App\Controllers\Product\ProductController))
 4 SYSTEMPATH/CodeIgniter.php(354): CodeIgniter\CodeIgniter->handleRequest(null, Object(Config\Cache), false)
 5 SYSTEMPATH/Boot.php(334): CodeIgniter\CodeIgniter->run()
 6 SYSTEMPATH/Boot.php(67): CodeIgniter\Boot::runCodeIgniter(Object(CodeIgniter\CodeIgniter))
 7 FCPATH/index.php(56): CodeIgniter\Boot::bootWeb(Object(Config\Paths))
CRITICAL - 2025-05-05 07:54:37 --> ErrorException: Undefined array key "cat_id"
[Method: POST, Route: getUnitByCategory]
in APPPATH/Controllers/Product/ProductController.php on line 43.
 1 APPPATH/Controllers/Product/ProductController.php(43): CodeIgniter\Debug\Exceptions->errorHandler(2, 'Undefined array key "cat_id"', '/home/sitsolutionsco/public_html/sks.sitsolutions.co.in/app/Controllers/Product/ProductController.php', 43)
 2 SYSTEMPATH/CodeIgniter.php(933): App\Controllers\Product\ProductController->getUnitByCategory()
 3 SYSTEMPATH/CodeIgniter.php(507): CodeIgniter\CodeIgniter->runController(Object(App\Controllers\Product\ProductController))
 4 SYSTEMPATH/CodeIgniter.php(354): CodeIgniter\CodeIgniter->handleRequest(null, Object(Config\Cache), false)
 5 SYSTEMPATH/Boot.php(334): CodeIgniter\CodeIgniter->run()
 6 SYSTEMPATH/Boot.php(67): CodeIgniter\Boot::runCodeIgniter(Object(CodeIgniter\CodeIgniter))
 7 FCPATH/index.php(56): CodeIgniter\Boot::bootWeb(Object(Config\Paths))
CRITICAL - 2025-05-05 07:55:18 --> ErrorException: Undefined array key "cat_id"
[Method: POST, Route: getUnitByCategory]
in APPPATH/Controllers/Product/ProductController.php on line 43.
 1 APPPATH/Controllers/Product/ProductController.php(43): CodeIgniter\Debug\Exceptions->errorHandler(2, 'Undefined array key "cat_id"', '/home/sitsolutionsco/public_html/sks.sitsolutions.co.in/app/Controllers/Product/ProductController.php', 43)
 2 SYSTEMPATH/CodeIgniter.php(933): App\Controllers\Product\ProductController->getUnitByCategory()
 3 SYSTEMPATH/CodeIgniter.php(507): CodeIgniter\CodeIgniter->runController(Object(App\Controllers\Product\ProductController))
 4 SYSTEMPATH/CodeIgniter.php(354): CodeIgniter\CodeIgniter->handleRequest(null, Object(Config\Cache), false)
 5 SYSTEMPATH/Boot.php(334): CodeIgniter\CodeIgniter->run()
 6 SYSTEMPATH/Boot.php(67): CodeIgniter\Boot::runCodeIgniter(Object(CodeIgniter\CodeIgniter))
 7 FCPATH/index.php(56): CodeIgniter\Boot::bootWeb(Object(Config\Paths))
CRITICAL - 2025-05-05 09:20:01 --> ErrorException: Undefined array key "cat_id"
[Method: POST, Route: getUnitByCategory]
in APPPATH/Controllers/Product/ProductController.php on line 43.
 1 APPPATH/Controllers/Product/ProductController.php(43): CodeIgniter\Debug\Exceptions->errorHandler(2, 'Undefined array key "cat_id"', '/home/sitsolutionsco/public_html/sks.sitsolutions.co.in/app/Controllers/Product/ProductController.php', 43)
 2 SYSTEMPATH/CodeIgniter.php(933): App\Controllers\Product\ProductController->getUnitByCategory()
 3 SYSTEMPATH/CodeIgniter.php(507): CodeIgniter\CodeIgniter->runController(Object(App\Controllers\Product\ProductController))
 4 SYSTEMPATH/CodeIgniter.php(354): CodeIgniter\CodeIgniter->handleRequest(null, Object(Config\Cache), false)
 5 SYSTEMPATH/Boot.php(334): CodeIgniter\CodeIgniter->run()
 6 SYSTEMPATH/Boot.php(67): CodeIgniter\Boot::runCodeIgniter(Object(CodeIgniter\CodeIgniter))
 7 FCPATH/index.php(56): CodeIgniter\Boot::bootWeb(Object(Config\Paths))
CRITICAL - 2025-05-05 09:20:28 --> ErrorException: Undefined array key "cat_id"
[Method: POST, Route: getUnitByCategory]
in APPPATH/Controllers/Product/ProductController.php on line 43.
 1 APPPATH/Controllers/Product/ProductController.php(43): CodeIgniter\Debug\Exceptions->errorHandler(2, 'Undefined array key "cat_id"', '/home/sitsolutionsco/public_html/sks.sitsolutions.co.in/app/Controllers/Product/ProductController.php', 43)
 2 SYSTEMPATH/CodeIgniter.php(933): App\Controllers\Product\ProductController->getUnitByCategory()
 3 SYSTEMPATH/CodeIgniter.php(507): CodeIgniter\CodeIgniter->runController(Object(App\Controllers\Product\ProductController))
 4 SYSTEMPATH/CodeIgniter.php(354): CodeIgniter\CodeIgniter->handleRequest(null, Object(Config\Cache), false)
 5 SYSTEMPATH/Boot.php(334): CodeIgniter\CodeIgniter->run()
 6 SYSTEMPATH/Boot.php(67): CodeIgniter\Boot::runCodeIgniter(Object(CodeIgniter\CodeIgniter))
 7 FCPATH/index.php(56): CodeIgniter\Boot::bootWeb(Object(Config\Paths))
CRITICAL - 2025-05-05 09:20:57 --> ErrorException: Undefined array key "cat_id"
[Method: POST, Route: getUnitByCategory]
in APPPATH/Controllers/Product/ProductController.php on line 43.
 1 APPPATH/Controllers/Product/ProductController.php(43): CodeIgniter\Debug\Exceptions->errorHandler(2, 'Undefined array key "cat_id"', '/home/sitsolutionsco/public_html/sks.sitsolutions.co.in/app/Controllers/Product/ProductController.php', 43)
 2 SYSTEMPATH/CodeIgniter.php(933): App\Controllers\Product\ProductController->getUnitByCategory()
 3 SYSTEMPATH/CodeIgniter.php(507): CodeIgniter\CodeIgniter->runController(Object(App\Controllers\Product\ProductController))
 4 SYSTEMPATH/CodeIgniter.php(354): CodeIgniter\CodeIgniter->handleRequest(null, Object(Config\Cache), false)
 5 SYSTEMPATH/Boot.php(334): CodeIgniter\CodeIgniter->run()
 6 SYSTEMPATH/Boot.php(67): CodeIgniter\Boot::runCodeIgniter(Object(CodeIgniter\CodeIgniter))
 7 FCPATH/index.php(56): CodeIgniter\Boot::bootWeb(Object(Config\Paths))
CRITICAL - 2025-05-05 09:22:38 --> ErrorException: Undefined variable $organizationList
[Method: POST, Route: getUnitByCategory]
in APPPATH/Controllers/Product/ProductController.php on line 46.
 1 APPPATH/Controllers/Product/ProductController.php(46): CodeIgniter\Debug\Exceptions->errorHandler(2, 'Undefined variable $organizationList', '/home/sitsolutionsco/public_html/sks.sitsolutions.co.in/app/Controllers/Product/ProductController.php', 46)
 2 SYSTEMPATH/CodeIgniter.php(933): App\Controllers\Product\ProductController->getUnitByCategory()
 3 SYSTEMPATH/CodeIgniter.php(507): CodeIgniter\CodeIgniter->runController(Object(App\Controllers\Product\ProductController))
 4 SYSTEMPATH/CodeIgniter.php(354): CodeIgniter\CodeIgniter->handleRequest(null, Object(Config\Cache), false)
 5 SYSTEMPATH/Boot.php(334): CodeIgniter\CodeIgniter->run()
 6 SYSTEMPATH/Boot.php(67): CodeIgniter\Boot::runCodeIgniter(Object(CodeIgniter\CodeIgniter))
 7 FCPATH/index.php(56): CodeIgniter\Boot::bootWeb(Object(Config\Paths))
CRITICAL - 2025-05-05 10:19:09 --> CodeIgniter\Database\Exceptions\DatabaseException: You must set the database table to be used with your query.
[Method: GET, Route: calciumMineralList]
in SYSTEMPATH/Database/BaseConnection.php on line 941.
 1 SYSTEMPATH/Model.php(714): CodeIgniter\Database\BaseConnection->table(null)
 2 SYSTEMPATH/Model.php(920): CodeIgniter\Model->builder()
 3 APPPATH/Controllers/Product/ProductController.php(28): CodeIgniter\Model->__call('getCalciumMineralList', [])
 4 SYSTEMPATH/CodeIgniter.php(933): App\Controllers\Product\ProductController->calciumMineralList()
 5 SYSTEMPATH/CodeIgniter.php(507): CodeIgniter\CodeIgniter->runController(Object(App\Controllers\Product\ProductController))
 6 SYSTEMPATH/CodeIgniter.php(354): CodeIgniter\CodeIgniter->handleRequest(null, Object(Config\Cache), false)
 7 SYSTEMPATH/Boot.php(334): CodeIgniter\CodeIgniter->run()
 8 SYSTEMPATH/Boot.php(67): CodeIgniter\Boot::runCodeIgniter(Object(CodeIgniter\CodeIgniter))
 9 FCPATH/index.php(56): CodeIgniter\Boot::bootWeb(Object(Config\Paths))
CRITICAL - 2025-05-05 10:25:39 --> CodeIgniter\Database\Exceptions\DatabaseException: You must set the database table to be used with your query.
[Method: GET, Route: calciumMineralList]
in SYSTEMPATH/Database/BaseConnection.php on line 941.
 1 SYSTEMPATH/Model.php(714): CodeIgniter\Database\BaseConnection->table(null)
 2 SYSTEMPATH/Model.php(920): CodeIgniter\Model->builder()
 3 APPPATH/Controllers/Product/ProductController.php(28): CodeIgniter\Model->__call('getCalciumMineralList', [])
 4 SYSTEMPATH/CodeIgniter.php(933): App\Controllers\Product\ProductController->calciumMineralList()
 5 SYSTEMPATH/CodeIgniter.php(507): CodeIgniter\CodeIgniter->runController(Object(App\Controllers\Product\ProductController))
 6 SYSTEMPATH/CodeIgniter.php(354): CodeIgniter\CodeIgniter->handleRequest(null, Object(Config\Cache), false)
 7 SYSTEMPATH/Boot.php(334): CodeIgniter\CodeIgniter->run()
 8 SYSTEMPATH/Boot.php(67): CodeIgniter\Boot::runCodeIgniter(Object(CodeIgniter\CodeIgniter))
 9 FCPATH/index.php(56): CodeIgniter\Boot::bootWeb(Object(Config\Paths))
CRITICAL - 2025-05-05 10:27:39 --> CodeIgniter\Database\Exceptions\DatabaseException: You must set the database table to be used with your query.
[Method: GET, Route: calciumMineralList]
in SYSTEMPATH/Database/BaseConnection.php on line 941.
 1 SYSTEMPATH/Model.php(714): CodeIgniter\Database\BaseConnection->table(null)
 2 SYSTEMPATH/Model.php(920): CodeIgniter\Model->builder()
 3 APPPATH/Controllers/Product/ProductController.php(28): CodeIgniter\Model->__call('getCalciumMineralList', [])
 4 SYSTEMPATH/CodeIgniter.php(933): App\Controllers\Product\ProductController->calciumMineralList()
 5 SYSTEMPATH/CodeIgniter.php(507): CodeIgniter\CodeIgniter->runController(Object(App\Controllers\Product\ProductController))
 6 SYSTEMPATH/CodeIgniter.php(354): CodeIgniter\CodeIgniter->handleRequest(null, Object(Config\Cache), false)
 7 SYSTEMPATH/Boot.php(334): CodeIgniter\CodeIgniter->run()
 8 SYSTEMPATH/Boot.php(67): CodeIgniter\Boot::runCodeIgniter(Object(CodeIgniter\CodeIgniter))
 9 FCPATH/index.php(56): CodeIgniter\Boot::bootWeb(Object(Config\Paths))
CRITICAL - 2025-05-05 10:29:48 --> ErrorException: Undefined variable $categoryList
[Method: GET, Route: calciumMineralList]
in APPPATH/Views/Product/calciumMineralList.php on line 60.
 1 APPPATH/Views/Product/calciumMineralList.php(60): CodeIgniter\Debug\Exceptions->errorHandler(2, 'Undefined variable $categoryList', '/home/sitsolutionsco/public_html/sks.sitsolutions.co.in/app/Views/Product/calciumMineralList.php', 60)
 2 SYSTEMPATH/View/View.php(224): include('/home/sitsolutionsco/public_html/sks.sitsolutions.co.in/app/Views/Product/calciumMineralList.php')
 3 SYSTEMPATH/View/View.php(227): CodeIgniter\View\View->CodeIgniter\View\{closure}()
 4 SYSTEMPATH/Common.php(1173): CodeIgniter\View\View->render('Product/calciumMineralList', [], true)
 5 APPPATH/Controllers/Product/ProductController.php(29): view('Product/calciumMineralList', [...])
 6 SYSTEMPATH/CodeIgniter.php(933): App\Controllers\Product\ProductController->calciumMineralList()
 7 SYSTEMPATH/CodeIgniter.php(507): CodeIgniter\CodeIgniter->runController(Object(App\Controllers\Product\ProductController))
 8 SYSTEMPATH/CodeIgniter.php(354): CodeIgniter\CodeIgniter->handleRequest(null, Object(Config\Cache), false)
 9 SYSTEMPATH/Boot.php(334): CodeIgniter\CodeIgniter->run()
10 SYSTEMPATH/Boot.php(67): CodeIgniter\Boot::runCodeIgniter(Object(CodeIgniter\CodeIgniter))
11 FCPATH/index.php(56): CodeIgniter\Boot::bootWeb(Object(Config\Paths))
CRITICAL - 2025-05-05 10:30:08 --> ErrorException: Undefined variable $categoryList
[Method: GET, Route: calciumMineralList]
in APPPATH/Views/Product/calciumMineralList.php on line 60.
 1 APPPATH/Views/Product/calciumMineralList.php(60): CodeIgniter\Debug\Exceptions->errorHandler(2, 'Undefined variable $categoryList', '/home/sitsolutionsco/public_html/sks.sitsolutions.co.in/app/Views/Product/calciumMineralList.php', 60)
 2 SYSTEMPATH/View/View.php(224): include('/home/sitsolutionsco/public_html/sks.sitsolutions.co.in/app/Views/Product/calciumMineralList.php')
 3 SYSTEMPATH/View/View.php(227): CodeIgniter\View\View->CodeIgniter\View\{closure}()
 4 SYSTEMPATH/Common.php(1173): CodeIgniter\View\View->render('Product/calciumMineralList', [], true)
 5 APPPATH/Controllers/Product/ProductController.php(29): view('Product/calciumMineralList', [...])
 6 SYSTEMPATH/CodeIgniter.php(933): App\Controllers\Product\ProductController->calciumMineralList()
 7 SYSTEMPATH/CodeIgniter.php(507): CodeIgniter\CodeIgniter->runController(Object(App\Controllers\Product\ProductController))
 8 SYSTEMPATH/CodeIgniter.php(354): CodeIgniter\CodeIgniter->handleRequest(null, Object(Config\Cache), false)
 9 SYSTEMPATH/Boot.php(334): CodeIgniter\CodeIgniter->run()
10 SYSTEMPATH/Boot.php(67): CodeIgniter\Boot::runCodeIgniter(Object(CodeIgniter\CodeIgniter))
11 FCPATH/index.php(56): CodeIgniter\Boot::bootWeb(Object(Config\Paths))
CRITICAL - 2025-05-05 11:23:23 --> ErrorException: Undefined variable $orgTypeD
[Method: POST, Route: addCalciumMineralPro]
in APPPATH/Views/Property/AddProperty.php on line 74.
 1 APPPATH/Views/Property/AddProperty.php(74): CodeIgniter\Debug\Exceptions->errorHandler(2, 'Undefined variable $orgTypeD', '/home/sitsolutionsco/public_html/sks.sitsolutions.co.in/app/Views/Property/AddProperty.php', 74)
 2 SYSTEMPATH/View/View.php(224): include('/home/sitsolutionsco/public_html/sks.sitsolutions.co.in/app/Views/Property/AddProperty.php')
 3 SYSTEMPATH/View/View.php(227): CodeIgniter\View\View->CodeIgniter\View\{closure}()
 4 SYSTEMPATH/Common.php(1173): CodeIgniter\View\View->render('Property/AddProperty', [], true)
 5 APPPATH/Controllers/Product/ProductController.php(156): view('Property/AddProperty', [...])
 6 SYSTEMPATH/CodeIgniter.php(933): App\Controllers\Product\ProductController->addCalciumMineralPro()
 7 SYSTEMPATH/CodeIgniter.php(507): CodeIgniter\CodeIgniter->runController(Object(App\Controllers\Product\ProductController))
 8 SYSTEMPATH/CodeIgniter.php(354): CodeIgniter\CodeIgniter->handleRequest(null, Object(Config\Cache), false)
 9 SYSTEMPATH/Boot.php(334): CodeIgniter\CodeIgniter->run()
10 SYSTEMPATH/Boot.php(67): CodeIgniter\Boot::runCodeIgniter(Object(CodeIgniter\CodeIgniter))
11 FCPATH/index.php(56): CodeIgniter\Boot::bootWeb(Object(Config\Paths))
CRITICAL - 2025-05-05 11:25:41 --> ErrorException: Undefined variable $orgTypeD
[Method: POST, Route: addCalciumMineralPro]
in APPPATH/Views/Property/AddProperty.php on line 74.
 1 APPPATH/Views/Property/AddProperty.php(74): CodeIgniter\Debug\Exceptions->errorHandler(2, 'Undefined variable $orgTypeD', '/home/sitsolutionsco/public_html/sks.sitsolutions.co.in/app/Views/Property/AddProperty.php', 74)
 2 SYSTEMPATH/View/View.php(224): include('/home/sitsolutionsco/public_html/sks.sitsolutions.co.in/app/Views/Property/AddProperty.php')
 3 SYSTEMPATH/View/View.php(227): CodeIgniter\View\View->CodeIgniter\View\{closure}()
 4 SYSTEMPATH/Common.php(1173): CodeIgniter\View\View->render('Property/AddProperty', [], true)
 5 APPPATH/Controllers/Product/ProductController.php(156): view('Property/AddProperty', [...])
 6 SYSTEMPATH/CodeIgniter.php(933): App\Controllers\Product\ProductController->addCalciumMineralPro()
 7 SYSTEMPATH/CodeIgniter.php(507): CodeIgniter\CodeIgniter->runController(Object(App\Controllers\Product\ProductController))
 8 SYSTEMPATH/CodeIgniter.php(354): CodeIgniter\CodeIgniter->handleRequest(null, Object(Config\Cache), false)
 9 SYSTEMPATH/Boot.php(334): CodeIgniter\CodeIgniter->run()
10 SYSTEMPATH/Boot.php(67): CodeIgniter\Boot::runCodeIgniter(Object(CodeIgniter\CodeIgniter))
11 FCPATH/index.php(56): CodeIgniter\Boot::bootWeb(Object(Config\Paths))
CRITICAL - 2025-05-05 11:25:52 --> ErrorException: Undefined variable $orgTypeD
[Method: POST, Route: addCalciumMineralPro]
in APPPATH/Views/Property/AddProperty.php on line 74.
 1 APPPATH/Views/Property/AddProperty.php(74): CodeIgniter\Debug\Exceptions->errorHandler(2, 'Undefined variable $orgTypeD', '/home/sitsolutionsco/public_html/sks.sitsolutions.co.in/app/Views/Property/AddProperty.php', 74)
 2 SYSTEMPATH/View/View.php(224): include('/home/sitsolutionsco/public_html/sks.sitsolutions.co.in/app/Views/Property/AddProperty.php')
 3 SYSTEMPATH/View/View.php(227): CodeIgniter\View\View->CodeIgniter\View\{closure}()
 4 SYSTEMPATH/Common.php(1173): CodeIgniter\View\View->render('Property/AddProperty', [], true)
 5 APPPATH/Controllers/Product/ProductController.php(156): view('Property/AddProperty', [...])
 6 SYSTEMPATH/CodeIgniter.php(933): App\Controllers\Product\ProductController->addCalciumMineralPro()
 7 SYSTEMPATH/CodeIgniter.php(507): CodeIgniter\CodeIgniter->runController(Object(App\Controllers\Product\ProductController))
 8 SYSTEMPATH/CodeIgniter.php(354): CodeIgniter\CodeIgniter->handleRequest(null, Object(Config\Cache), false)
 9 SYSTEMPATH/Boot.php(334): CodeIgniter\CodeIgniter->run()
10 SYSTEMPATH/Boot.php(67): CodeIgniter\Boot::runCodeIgniter(Object(CodeIgniter\CodeIgniter))
11 FCPATH/index.php(56): CodeIgniter\Boot::bootWeb(Object(Config\Paths))
CRITICAL - 2025-05-05 11:27:59 --> CodeIgniter\View\Exceptions\ViewException: Invalid file: "CalciumMineral/addCalciumMineral.php"
[Method: POST, Route: addCalciumMineralPro]
in SYSTEMPATH/Exceptions/FrameworkException.php on line 39.
 1 SYSTEMPATH/View/View.php(212): CodeIgniter\Exceptions\FrameworkException::forInvalidFile('CalciumMineral/addCalciumMineral.php')
 2 SYSTEMPATH/Common.php(1173): CodeIgniter\View\View->render('CalciumMineral/addCalciumMineral', [], true)
 3 APPPATH/Controllers/Product/ProductController.php(156): view('CalciumMineral/addCalciumMineral', [...])
 4 SYSTEMPATH/CodeIgniter.php(933): App\Controllers\Product\ProductController->addCalciumMineralPro()
 5 SYSTEMPATH/CodeIgniter.php(507): CodeIgniter\CodeIgniter->runController(Object(App\Controllers\Product\ProductController))
 6 SYSTEMPATH/CodeIgniter.php(354): CodeIgniter\CodeIgniter->handleRequest(null, Object(Config\Cache), false)
 7 SYSTEMPATH/Boot.php(334): CodeIgniter\CodeIgniter->run()
 8 SYSTEMPATH/Boot.php(67): CodeIgniter\Boot::runCodeIgniter(Object(CodeIgniter\CodeIgniter))
 9 FCPATH/index.php(56): CodeIgniter\Boot::bootWeb(Object(Config\Paths))
CRITICAL - 2025-05-05 12:07:10 --> ErrorException: Undefined array key "subcat_id "
[Method: POST, Route: addCalciumMineralPro]
in APPPATH/Controllers/Product/ProductController.php on line 133.
 1 APPPATH/Controllers/Product/ProductController.php(133): CodeIgniter\Debug\Exceptions->errorHandler(2, 'Undefined array key "subcat_id "', '/home/sitsolutionsco/public_html/sks.sitsolutions.co.in/app/Controllers/Product/ProductController.php', 133)
 2 SYSTEMPATH/CodeIgniter.php(933): App\Controllers\Product\ProductController->addCalciumMineralPro()
 3 SYSTEMPATH/CodeIgniter.php(507): CodeIgniter\CodeIgniter->runController(Object(App\Controllers\Product\ProductController))
 4 SYSTEMPATH/CodeIgniter.php(354): CodeIgniter\CodeIgniter->handleRequest(null, Object(Config\Cache), false)
 5 SYSTEMPATH/Boot.php(334): CodeIgniter\CodeIgniter->run()
 6 SYSTEMPATH/Boot.php(67): CodeIgniter\Boot::runCodeIgniter(Object(CodeIgniter\CodeIgniter))
 7 FCPATH/index.php(56): CodeIgniter\Boot::bootWeb(Object(Config\Paths))
ERROR - 2025-05-05 12:09:27 --> mysqli_sql_exception: Table 'sitsolutionsco_smart_gavali.tbl_property' doesn't exist in /home/sitsolutionsco/public_html/sks.sitsolutions.co.in/system/Database/MySQLi/Connection.php:327
Stack trace:
#0 /home/sitsolutionsco/public_html/sks.sitsolutions.co.in/system/Database/MySQLi/Connection.php(327): mysqli->query('INSERT INTO `tb...', 0)
#1 /home/sitsolutionsco/public_html/sks.sitsolutions.co.in/system/Database/BaseConnection.php(738): CodeIgniter\Database\MySQLi\Connection->execute('INSERT INTO `tb...')
#2 /home/sitsolutionsco/public_html/sks.sitsolutions.co.in/system/Database/BaseConnection.php(652): CodeIgniter\Database\BaseConnection->simpleQuery('INSERT INTO `tb...')
#3 /home/sitsolutionsco/public_html/sks.sitsolutions.co.in/system/Database/BaseBuilder.php(2345): CodeIgniter\Database\BaseConnection->query('INSERT INTO `tb...', Array, false)
#4 /home/sitsolutionsco/public_html/sks.sitsolutions.co.in/app/Controllers/Product/ProductController.php(146): CodeIgniter\Database\BaseBuilder->insert(Array)
#5 /home/sitsolutionsco/public_html/sks.sitsolutions.co.in/system/CodeIgniter.php(933): App\Controllers\Product\ProductController->addCalciumMineralPro()
#6 /home/sitsolutionsco/public_html/sks.sitsolutions.co.in/system/CodeIgniter.php(507): CodeIgniter\CodeIgniter->runController(Object(App\Controllers\Product\ProductController))
#7 /home/sitsolutionsco/public_html/sks.sitsolutions.co.in/system/CodeIgniter.php(354): CodeIgniter\CodeIgniter->handleRequest(NULL, Object(Config\Cache), false)
#8 /home/sitsolutionsco/public_html/sks.sitsolutions.co.in/system/Boot.php(334): CodeIgniter\CodeIgniter->run()
#9 /home/sitsolutionsco/public_html/sks.sitsolutions.co.in/system/Boot.php(67): CodeIgniter\Boot::runCodeIgniter(Object(CodeIgniter\CodeIgniter))
#10 /home/sitsolutionsco/public_html/sks.sitsolutions.co.in/index.php(56): CodeIgniter\Boot::bootWeb(Object(Config\Paths))
#11 {main}
CRITICAL - 2025-05-05 12:09:27 --> CodeIgniter\Database\Exceptions\DatabaseException: Table 'sitsolutionsco_smart_gavali.tbl_property' doesn't exist
[Method: POST, Route: addCalciumMineralPro]
in SYSTEMPATH/Database/BaseConnection.php on line 692.
 1 SYSTEMPATH/Database/BaseBuilder.php(2345): CodeIgniter\Database\BaseConnection->query('INSERT INTO `tbl_property` (`cat_id`, `subcat_id`, `name`, `description`, `price`, `weight`, `expiry_date`, `quantity`, `unit`, `image`) VALUES (:cat_id:, :subcat_id:, :name:, :description:, :price:, :weight:, :expiry_date:, :quantity:, :unit:, :image:)', [...], false)
 2 APPPATH/Controllers/Product/ProductController.php(146): CodeIgniter\Database\BaseBuilder->insert([...])
 3 SYSTEMPATH/CodeIgniter.php(933): App\Controllers\Product\ProductController->addCalciumMineralPro()
 4 SYSTEMPATH/CodeIgniter.php(507): CodeIgniter\CodeIgniter->runController(Object(App\Controllers\Product\ProductController))
 5 SYSTEMPATH/CodeIgniter.php(354): CodeIgniter\CodeIgniter->handleRequest(null, Object(Config\Cache), false)
 6 SYSTEMPATH/Boot.php(334): CodeIgniter\CodeIgniter->run()
 7 SYSTEMPATH/Boot.php(67): CodeIgniter\Boot::runCodeIgniter(Object(CodeIgniter\CodeIgniter))
 8 FCPATH/index.php(56): CodeIgniter\Boot::bootWeb(Object(Config\Paths))
CRITICAL - 2025-05-05 12:09:27 --> [Caused by] CodeIgniter\Database\Exceptions\DatabaseException: Table 'sitsolutionsco_smart_gavali.tbl_property' doesn't exist
in SYSTEMPATH/Database/MySQLi/Connection.php on line 332.
 1 SYSTEMPATH/Database/BaseConnection.php(738): CodeIgniter\Database\MySQLi\Connection->execute('INSERT INTO `tbl_property` (`cat_id`, `subcat_id`, `name`, `description`, `price`, `weight`, `expiry_date`, `quantity`, `unit`, `image`) VALUES (\'3\', \'2\', \'असदफ \', \'असदफबी \', \'२३४ \', \'२३४ \', \'2025-05-05\', \'१२३४ \', \'4\', \'7065.png\')')
 2 SYSTEMPATH/Database/BaseConnection.php(652): CodeIgniter\Database\BaseConnection->simpleQuery('INSERT INTO `tbl_property` (`cat_id`, `subcat_id`, `name`, `description`, `price`, `weight`, `expiry_date`, `quantity`, `unit`, `image`) VALUES (\'3\', \'2\', \'असदफ \', \'असदफबी \', \'२३४ \', \'२३४ \', \'2025-05-05\', \'१२३४ \', \'4\', \'7065.png\')')
 3 SYSTEMPATH/Database/BaseBuilder.php(2345): CodeIgniter\Database\BaseConnection->query('INSERT INTO `tbl_property` (`cat_id`, `subcat_id`, `name`, `description`, `price`, `weight`, `expiry_date`, `quantity`, `unit`, `image`) VALUES (:cat_id:, :subcat_id:, :name:, :description:, :price:, :weight:, :expiry_date:, :quantity:, :unit:, :image:)', [...], false)
 4 APPPATH/Controllers/Product/ProductController.php(146): CodeIgniter\Database\BaseBuilder->insert([...])
 5 SYSTEMPATH/CodeIgniter.php(933): App\Controllers\Product\ProductController->addCalciumMineralPro()
 6 SYSTEMPATH/CodeIgniter.php(507): CodeIgniter\CodeIgniter->runController(Object(App\Controllers\Product\ProductController))
 7 SYSTEMPATH/CodeIgniter.php(354): CodeIgniter\CodeIgniter->handleRequest(null, Object(Config\Cache), false)
 8 SYSTEMPATH/Boot.php(334): CodeIgniter\CodeIgniter->run()
 9 SYSTEMPATH/Boot.php(67): CodeIgniter\Boot::runCodeIgniter(Object(CodeIgniter\CodeIgniter))
10 FCPATH/index.php(56): CodeIgniter\Boot::bootWeb(Object(Config\Paths))
CRITICAL - 2025-05-05 12:09:27 --> [Caused by] mysqli_sql_exception: Table 'sitsolutionsco_smart_gavali.tbl_property' doesn't exist
in SYSTEMPATH/Database/MySQLi/Connection.php on line 327.
 1 SYSTEMPATH/Database/MySQLi/Connection.php(327): mysqli->query('INSERT INTO `tbl_property` (`cat_id`, `subcat_id`, `name`, `description`, `price`, `weight`, `expiry_date`, `quantity`, `unit`, `image`) VALUES (\'3\', \'2\', \'असदफ \', \'असदफबी \', \'२३४ \', \'२३४ \', \'2025-05-05\', \'१२३४ \', \'4\', \'7065.png\')', 0)
 2 SYSTEMPATH/Database/BaseConnection.php(738): CodeIgniter\Database\MySQLi\Connection->execute('INSERT INTO `tbl_property` (`cat_id`, `subcat_id`, `name`, `description`, `price`, `weight`, `expiry_date`, `quantity`, `unit`, `image`) VALUES (\'3\', \'2\', \'असदफ \', \'असदफबी \', \'२३४ \', \'२३४ \', \'2025-05-05\', \'१२३४ \', \'4\', \'7065.png\')')
 3 SYSTEMPATH/Database/BaseConnection.php(652): CodeIgniter\Database\BaseConnection->simpleQuery('INSERT INTO `tbl_property` (`cat_id`, `subcat_id`, `name`, `description`, `price`, `weight`, `expiry_date`, `quantity`, `unit`, `image`) VALUES (\'3\', \'2\', \'असदफ \', \'असदफबी \', \'२३४ \', \'२३४ \', \'2025-05-05\', \'१२३४ \', \'4\', \'7065.png\')')
 4 SYSTEMPATH/Database/BaseBuilder.php(2345): CodeIgniter\Database\BaseConnection->query('INSERT INTO `tbl_property` (`cat_id`, `subcat_id`, `name`, `description`, `price`, `weight`, `expiry_date`, `quantity`, `unit`, `image`) VALUES (:cat_id:, :subcat_id:, :name:, :description:, :price:, :weight:, :expiry_date:, :quantity:, :unit:, :image:)', [...], false)
 5 APPPATH/Controllers/Product/ProductController.php(146): CodeIgniter\Database\BaseBuilder->insert([...])
 6 SYSTEMPATH/CodeIgniter.php(933): App\Controllers\Product\ProductController->addCalciumMineralPro()
 7 SYSTEMPATH/CodeIgniter.php(507): CodeIgniter\CodeIgniter->runController(Object(App\Controllers\Product\ProductController))
 8 SYSTEMPATH/CodeIgniter.php(354): CodeIgniter\CodeIgniter->handleRequest(null, Object(Config\Cache), false)
 9 SYSTEMPATH/Boot.php(334): CodeIgniter\CodeIgniter->run()
10 SYSTEMPATH/Boot.php(67): CodeIgniter\Boot::runCodeIgniter(Object(CodeIgniter\CodeIgniter))
11 FCPATH/index.php(56): CodeIgniter\Boot::bootWeb(Object(Config\Paths))
CRITICAL - 2025-05-05 12:10:18 --> ErrorException: Undefined array key "category"
[Method: GET, Route: calciumMineralList]
in APPPATH/Views/Product/calciumMineralList.php on line 64.
 1 APPPATH/Views/Product/calciumMineralList.php(64): CodeIgniter\Debug\Exceptions->errorHandler(2, 'Undefined array key "category"', '/home/sitsolutionsco/public_html/sks.sitsolutions.co.in/app/Views/Product/calciumMineralList.php', 64)
 2 SYSTEMPATH/View/View.php(224): include('/home/sitsolutionsco/public_html/sks.sitsolutions.co.in/app/Views/Product/calciumMineralList.php')
 3 SYSTEMPATH/View/View.php(227): CodeIgniter\View\View->CodeIgniter\View\{closure}()
 4 SYSTEMPATH/Common.php(1173): CodeIgniter\View\View->render('Product/calciumMineralList', [], true)
 5 APPPATH/Controllers/Product/ProductController.php(29): view('Product/calciumMineralList', [...])
 6 SYSTEMPATH/CodeIgniter.php(933): App\Controllers\Product\ProductController->calciumMineralList()
 7 SYSTEMPATH/CodeIgniter.php(507): CodeIgniter\CodeIgniter->runController(Object(App\Controllers\Product\ProductController))
 8 SYSTEMPATH/CodeIgniter.php(354): CodeIgniter\CodeIgniter->handleRequest(null, Object(Config\Cache), false)
 9 SYSTEMPATH/Boot.php(334): CodeIgniter\CodeIgniter->run()
10 SYSTEMPATH/Boot.php(67): CodeIgniter\Boot::runCodeIgniter(Object(CodeIgniter\CodeIgniter))
11 FCPATH/index.php(56): CodeIgniter\Boot::bootWeb(Object(Config\Paths))
CRITICAL - 2025-05-05 12:27:40 --> CodeIgniter\View\Exceptions\ViewException: Invalid file: "Product/updateCalciumMineral.php"
[Method: GET, Route: updateCalciumMineral]
in SYSTEMPATH/Exceptions/FrameworkException.php on line 39.
 1 SYSTEMPATH/View/View.php(212): CodeIgniter\Exceptions\FrameworkException::forInvalidFile('Product/updateCalciumMineral.php')
 2 SYSTEMPATH/Common.php(1173): CodeIgniter\View\View->render('Product/updateCalciumMineral', [], true)
 3 APPPATH/Controllers/Product/ProductController.php(172): view('Product/updateCalciumMineral', [...])
 4 SYSTEMPATH/CodeIgniter.php(933): App\Controllers\Product\ProductController->updateCalciumMineral()
 5 SYSTEMPATH/CodeIgniter.php(507): CodeIgniter\CodeIgniter->runController(Object(App\Controllers\Product\ProductController))
 6 SYSTEMPATH/CodeIgniter.php(354): CodeIgniter\CodeIgniter->handleRequest(null, Object(Config\Cache), false)
 7 SYSTEMPATH/Boot.php(334): CodeIgniter\CodeIgniter->run()
 8 SYSTEMPATH/Boot.php(67): CodeIgniter\Boot::runCodeIgniter(Object(CodeIgniter\CodeIgniter))
 9 FCPATH/index.php(56): CodeIgniter\Boot::bootWeb(Object(Config\Paths))
ERROR - 2025-05-05 12:47:19 --> mysqli_sql_exception: You have an error in your SQL syntax; check the manual that corresponds to your MySQL server version for the right syntax to use near '' at line 1 in /home/sitsolutionsco/public_html/sks.sitsolutions.co.in/system/Database/MySQLi/Connection.php:327
Stack trace:
#0 /home/sitsolutionsco/public_html/sks.sitsolutions.co.in/system/Database/MySQLi/Connection.php(327): mysqli->query('SELECT * FROM t...', 0)
#1 /home/sitsolutionsco/public_html/sks.sitsolutions.co.in/system/Database/BaseConnection.php(738): CodeIgniter\Database\MySQLi\Connection->execute('SELECT * FROM t...')
#2 /home/sitsolutionsco/public_html/sks.sitsolutions.co.in/system/Database/BaseConnection.php(652): CodeIgniter\Database\BaseConnection->simpleQuery('SELECT * FROM t...')
#3 /home/sitsolutionsco/public_html/sks.sitsolutions.co.in/app/Models/Product/ProductModel.php(17): CodeIgniter\Database\BaseConnection->query('SELECT * FROM t...')
#4 /home/sitsolutionsco/public_html/sks.sitsolutions.co.in/app/Controllers/Product/ProductController.php(273): App\Models\Product\ProductModel->getProductById('')
#5 /home/sitsolutionsco/public_html/sks.sitsolutions.co.in/system/CodeIgniter.php(933): App\Controllers\Product\ProductController->updateCalciumMineralPro()
#6 /home/sitsolutionsco/public_html/sks.sitsolutions.co.in/system/CodeIgniter.php(507): CodeIgniter\CodeIgniter->runController(Object(App\Controllers\Product\ProductController))
#7 /home/sitsolutionsco/public_html/sks.sitsolutions.co.in/system/CodeIgniter.php(354): CodeIgniter\CodeIgniter->handleRequest(NULL, Object(Config\Cache), false)
#8 /home/sitsolutionsco/public_html/sks.sitsolutions.co.in/system/Boot.php(334): CodeIgniter\CodeIgniter->run()
#9 /home/sitsolutionsco/public_html/sks.sitsolutions.co.in/system/Boot.php(67): CodeIgniter\Boot::runCodeIgniter(Object(CodeIgniter\CodeIgniter))
#10 /home/sitsolutionsco/public_html/sks.sitsolutions.co.in/index.php(56): CodeIgniter\Boot::bootWeb(Object(Config\Paths))
#11 {main}
CRITICAL - 2025-05-05 12:47:19 --> CodeIgniter\Database\Exceptions\DatabaseException: You have an error in your SQL syntax; check the manual that corresponds to your MySQL server version for the right syntax to use near '' at line 1
[Method: POST, Route: updateCalciumMineralPro]
in SYSTEMPATH/Database/BaseConnection.php on line 692.
 1 APPPATH/Models/Product/ProductModel.php(17): CodeIgniter\Database\BaseConnection->query('SELECT * FROM tbl_product WHERE id = ')
 2 APPPATH/Controllers/Product/ProductController.php(273): App\Models\Product\ProductModel->getProductById('')
 3 SYSTEMPATH/CodeIgniter.php(933): App\Controllers\Product\ProductController->updateCalciumMineralPro()
 4 SYSTEMPATH/CodeIgniter.php(507): CodeIgniter\CodeIgniter->runController(Object(App\Controllers\Product\ProductController))
 5 SYSTEMPATH/CodeIgniter.php(354): CodeIgniter\CodeIgniter->handleRequest(null, Object(Config\Cache), false)
 6 SYSTEMPATH/Boot.php(334): CodeIgniter\CodeIgniter->run()
 7 SYSTEMPATH/Boot.php(67): CodeIgniter\Boot::runCodeIgniter(Object(CodeIgniter\CodeIgniter))
 8 FCPATH/index.php(56): CodeIgniter\Boot::bootWeb(Object(Config\Paths))
CRITICAL - 2025-05-05 12:47:19 --> [Caused by] CodeIgniter\Database\Exceptions\DatabaseException: You have an error in your SQL syntax; check the manual that corresponds to your MySQL server version for the right syntax to use near '' at line 1
in SYSTEMPATH/Database/MySQLi/Connection.php on line 332.
 1 SYSTEMPATH/Database/BaseConnection.php(738): CodeIgniter\Database\MySQLi\Connection->execute('SELECT * FROM tbl_product WHERE id = ')
 2 SYSTEMPATH/Database/BaseConnection.php(652): CodeIgniter\Database\BaseConnection->simpleQuery('SELECT * FROM tbl_product WHERE id = ')
 3 APPPATH/Models/Product/ProductModel.php(17): CodeIgniter\Database\BaseConnection->query('SELECT * FROM tbl_product WHERE id = ')
 4 APPPATH/Controllers/Product/ProductController.php(273): App\Models\Product\ProductModel->getProductById('')
 5 SYSTEMPATH/CodeIgniter.php(933): App\Controllers\Product\ProductController->updateCalciumMineralPro()
 6 SYSTEMPATH/CodeIgniter.php(507): CodeIgniter\CodeIgniter->runController(Object(App\Controllers\Product\ProductController))
 7 SYSTEMPATH/CodeIgniter.php(354): CodeIgniter\CodeIgniter->handleRequest(null, Object(Config\Cache), false)
 8 SYSTEMPATH/Boot.php(334): CodeIgniter\CodeIgniter->run()
 9 SYSTEMPATH/Boot.php(67): CodeIgniter\Boot::runCodeIgniter(Object(CodeIgniter\CodeIgniter))
10 FCPATH/index.php(56): CodeIgniter\Boot::bootWeb(Object(Config\Paths))
CRITICAL - 2025-05-05 12:47:19 --> [Caused by] mysqli_sql_exception: You have an error in your SQL syntax; check the manual that corresponds to your MySQL server version for the right syntax to use near '' at line 1
in SYSTEMPATH/Database/MySQLi/Connection.php on line 327.
 1 SYSTEMPATH/Database/MySQLi/Connection.php(327): mysqli->query('SELECT * FROM tbl_product WHERE id = ', 0)
 2 SYSTEMPATH/Database/BaseConnection.php(738): CodeIgniter\Database\MySQLi\Connection->execute('SELECT * FROM tbl_product WHERE id = ')
 3 SYSTEMPATH/Database/BaseConnection.php(652): CodeIgniter\Database\BaseConnection->simpleQuery('SELECT * FROM tbl_product WHERE id = ')
 4 APPPATH/Models/Product/ProductModel.php(17): CodeIgniter\Database\BaseConnection->query('SELECT * FROM tbl_product WHERE id = ')
 5 APPPATH/Controllers/Product/ProductController.php(273): App\Models\Product\ProductModel->getProductById('')
 6 SYSTEMPATH/CodeIgniter.php(933): App\Controllers\Product\ProductController->updateCalciumMineralPro()
 7 SYSTEMPATH/CodeIgniter.php(507): CodeIgniter\CodeIgniter->runController(Object(App\Controllers\Product\ProductController))
 8 SYSTEMPATH/CodeIgniter.php(354): CodeIgniter\CodeIgniter->handleRequest(null, Object(Config\Cache), false)
 9 SYSTEMPATH/Boot.php(334): CodeIgniter\CodeIgniter->run()
10 SYSTEMPATH/Boot.php(67): CodeIgniter\Boot::runCodeIgniter(Object(CodeIgniter\CodeIgniter))
11 FCPATH/index.php(56): CodeIgniter\Boot::bootWeb(Object(Config\Paths))
ERROR - 2025-05-05 12:47:46 --> mysqli_sql_exception: You have an error in your SQL syntax; check the manual that corresponds to your MySQL server version for the right syntax to use near '' at line 1 in /home/sitsolutionsco/public_html/sks.sitsolutions.co.in/system/Database/MySQLi/Connection.php:327
Stack trace:
#0 /home/sitsolutionsco/public_html/sks.sitsolutions.co.in/system/Database/MySQLi/Connection.php(327): mysqli->query('SELECT * FROM t...', 0)
#1 /home/sitsolutionsco/public_html/sks.sitsolutions.co.in/system/Database/BaseConnection.php(738): CodeIgniter\Database\MySQLi\Connection->execute('SELECT * FROM t...')
#2 /home/sitsolutionsco/public_html/sks.sitsolutions.co.in/system/Database/BaseConnection.php(652): CodeIgniter\Database\BaseConnection->simpleQuery('SELECT * FROM t...')
#3 /home/sitsolutionsco/public_html/sks.sitsolutions.co.in/app/Models/Product/ProductModel.php(17): CodeIgniter\Database\BaseConnection->query('SELECT * FROM t...')
#4 /home/sitsolutionsco/public_html/sks.sitsolutions.co.in/app/Controllers/Product/ProductController.php(273): App\Models\Product\ProductModel->getProductById('')
#5 /home/sitsolutionsco/public_html/sks.sitsolutions.co.in/system/CodeIgniter.php(933): App\Controllers\Product\ProductController->updateCalciumMineralPro()
#6 /home/sitsolutionsco/public_html/sks.sitsolutions.co.in/system/CodeIgniter.php(507): CodeIgniter\CodeIgniter->runController(Object(App\Controllers\Product\ProductController))
#7 /home/sitsolutionsco/public_html/sks.sitsolutions.co.in/system/CodeIgniter.php(354): CodeIgniter\CodeIgniter->handleRequest(NULL, Object(Config\Cache), false)
#8 /home/sitsolutionsco/public_html/sks.sitsolutions.co.in/system/Boot.php(334): CodeIgniter\CodeIgniter->run()
#9 /home/sitsolutionsco/public_html/sks.sitsolutions.co.in/system/Boot.php(67): CodeIgniter\Boot::runCodeIgniter(Object(CodeIgniter\CodeIgniter))
#10 /home/sitsolutionsco/public_html/sks.sitsolutions.co.in/index.php(56): CodeIgniter\Boot::bootWeb(Object(Config\Paths))
#11 {main}
CRITICAL - 2025-05-05 12:47:46 --> CodeIgniter\Database\Exceptions\DatabaseException: You have an error in your SQL syntax; check the manual that corresponds to your MySQL server version for the right syntax to use near '' at line 1
[Method: POST, Route: updateCalciumMineralPro]
in SYSTEMPATH/Database/BaseConnection.php on line 692.
 1 APPPATH/Models/Product/ProductModel.php(17): CodeIgniter\Database\BaseConnection->query('SELECT * FROM tbl_product WHERE id = ')
 2 APPPATH/Controllers/Product/ProductController.php(273): App\Models\Product\ProductModel->getProductById('')
 3 SYSTEMPATH/CodeIgniter.php(933): App\Controllers\Product\ProductController->updateCalciumMineralPro()
 4 SYSTEMPATH/CodeIgniter.php(507): CodeIgniter\CodeIgniter->runController(Object(App\Controllers\Product\ProductController))
 5 SYSTEMPATH/CodeIgniter.php(354): CodeIgniter\CodeIgniter->handleRequest(null, Object(Config\Cache), false)
 6 SYSTEMPATH/Boot.php(334): CodeIgniter\CodeIgniter->run()
 7 SYSTEMPATH/Boot.php(67): CodeIgniter\Boot::runCodeIgniter(Object(CodeIgniter\CodeIgniter))
 8 FCPATH/index.php(56): CodeIgniter\Boot::bootWeb(Object(Config\Paths))
CRITICAL - 2025-05-05 12:47:46 --> [Caused by] CodeIgniter\Database\Exceptions\DatabaseException: You have an error in your SQL syntax; check the manual that corresponds to your MySQL server version for the right syntax to use near '' at line 1
in SYSTEMPATH/Database/MySQLi/Connection.php on line 332.
 1 SYSTEMPATH/Database/BaseConnection.php(738): CodeIgniter\Database\MySQLi\Connection->execute('SELECT * FROM tbl_product WHERE id = ')
 2 SYSTEMPATH/Database/BaseConnection.php(652): CodeIgniter\Database\BaseConnection->simpleQuery('SELECT * FROM tbl_product WHERE id = ')
 3 APPPATH/Models/Product/ProductModel.php(17): CodeIgniter\Database\BaseConnection->query('SELECT * FROM tbl_product WHERE id = ')
 4 APPPATH/Controllers/Product/ProductController.php(273): App\Models\Product\ProductModel->getProductById('')
 5 SYSTEMPATH/CodeIgniter.php(933): App\Controllers\Product\ProductController->updateCalciumMineralPro()
 6 SYSTEMPATH/CodeIgniter.php(507): CodeIgniter\CodeIgniter->runController(Object(App\Controllers\Product\ProductController))
 7 SYSTEMPATH/CodeIgniter.php(354): CodeIgniter\CodeIgniter->handleRequest(null, Object(Config\Cache), false)
 8 SYSTEMPATH/Boot.php(334): CodeIgniter\CodeIgniter->run()
 9 SYSTEMPATH/Boot.php(67): CodeIgniter\Boot::runCodeIgniter(Object(CodeIgniter\CodeIgniter))
10 FCPATH/index.php(56): CodeIgniter\Boot::bootWeb(Object(Config\Paths))
CRITICAL - 2025-05-05 12:47:46 --> [Caused by] mysqli_sql_exception: You have an error in your SQL syntax; check the manual that corresponds to your MySQL server version for the right syntax to use near '' at line 1
in SYSTEMPATH/Database/MySQLi/Connection.php on line 327.
 1 SYSTEMPATH/Database/MySQLi/Connection.php(327): mysqli->query('SELECT * FROM tbl_product WHERE id = ', 0)
 2 SYSTEMPATH/Database/BaseConnection.php(738): CodeIgniter\Database\MySQLi\Connection->execute('SELECT * FROM tbl_product WHERE id = ')
 3 SYSTEMPATH/Database/BaseConnection.php(652): CodeIgniter\Database\BaseConnection->simpleQuery('SELECT * FROM tbl_product WHERE id = ')
 4 APPPATH/Models/Product/ProductModel.php(17): CodeIgniter\Database\BaseConnection->query('SELECT * FROM tbl_product WHERE id = ')
 5 APPPATH/Controllers/Product/ProductController.php(273): App\Models\Product\ProductModel->getProductById('')
 6 SYSTEMPATH/CodeIgniter.php(933): App\Controllers\Product\ProductController->updateCalciumMineralPro()
 7 SYSTEMPATH/CodeIgniter.php(507): CodeIgniter\CodeIgniter->runController(Object(App\Controllers\Product\ProductController))
 8 SYSTEMPATH/CodeIgniter.php(354): CodeIgniter\CodeIgniter->handleRequest(null, Object(Config\Cache), false)
 9 SYSTEMPATH/Boot.php(334): CodeIgniter\CodeIgniter->run()
10 SYSTEMPATH/Boot.php(67): CodeIgniter\Boot::runCodeIgniter(Object(CodeIgniter\CodeIgniter))
11 FCPATH/index.php(56): CodeIgniter\Boot::bootWeb(Object(Config\Paths))
ERROR - 2025-05-05 12:48:22 --> mysqli_sql_exception: You have an error in your SQL syntax; check the manual that corresponds to your MySQL server version for the right syntax to use near '' at line 1 in /home/sitsolutionsco/public_html/sks.sitsolutions.co.in/system/Database/MySQLi/Connection.php:327
Stack trace:
#0 /home/sitsolutionsco/public_html/sks.sitsolutions.co.in/system/Database/MySQLi/Connection.php(327): mysqli->query('SELECT * FROM t...', 0)
#1 /home/sitsolutionsco/public_html/sks.sitsolutions.co.in/system/Database/BaseConnection.php(738): CodeIgniter\Database\MySQLi\Connection->execute('SELECT * FROM t...')
#2 /home/sitsolutionsco/public_html/sks.sitsolutions.co.in/system/Database/BaseConnection.php(652): CodeIgniter\Database\BaseConnection->simpleQuery('SELECT * FROM t...')
#3 /home/sitsolutionsco/public_html/sks.sitsolutions.co.in/app/Models/Product/ProductModel.php(17): CodeIgniter\Database\BaseConnection->query('SELECT * FROM t...')
#4 /home/sitsolutionsco/public_html/sks.sitsolutions.co.in/app/Controllers/Product/ProductController.php(273): App\Models\Product\ProductModel->getProductById('')
#5 /home/sitsolutionsco/public_html/sks.sitsolutions.co.in/system/CodeIgniter.php(933): App\Controllers\Product\ProductController->updateCalciumMineralPro()
#6 /home/sitsolutionsco/public_html/sks.sitsolutions.co.in/system/CodeIgniter.php(507): CodeIgniter\CodeIgniter->runController(Object(App\Controllers\Product\ProductController))
#7 /home/sitsolutionsco/public_html/sks.sitsolutions.co.in/system/CodeIgniter.php(354): CodeIgniter\CodeIgniter->handleRequest(NULL, Object(Config\Cache), false)
#8 /home/sitsolutionsco/public_html/sks.sitsolutions.co.in/system/Boot.php(334): CodeIgniter\CodeIgniter->run()
#9 /home/sitsolutionsco/public_html/sks.sitsolutions.co.in/system/Boot.php(67): CodeIgniter\Boot::runCodeIgniter(Object(CodeIgniter\CodeIgniter))
#10 /home/sitsolutionsco/public_html/sks.sitsolutions.co.in/index.php(56): CodeIgniter\Boot::bootWeb(Object(Config\Paths))
#11 {main}
CRITICAL - 2025-05-05 12:48:22 --> CodeIgniter\Database\Exceptions\DatabaseException: You have an error in your SQL syntax; check the manual that corresponds to your MySQL server version for the right syntax to use near '' at line 1
[Method: POST, Route: updateCalciumMineralPro]
in SYSTEMPATH/Database/BaseConnection.php on line 692.
 1 APPPATH/Models/Product/ProductModel.php(17): CodeIgniter\Database\BaseConnection->query('SELECT * FROM tbl_product WHERE id = ')
 2 APPPATH/Controllers/Product/ProductController.php(273): App\Models\Product\ProductModel->getProductById('')
 3 SYSTEMPATH/CodeIgniter.php(933): App\Controllers\Product\ProductController->updateCalciumMineralPro()
 4 SYSTEMPATH/CodeIgniter.php(507): CodeIgniter\CodeIgniter->runController(Object(App\Controllers\Product\ProductController))
 5 SYSTEMPATH/CodeIgniter.php(354): CodeIgniter\CodeIgniter->handleRequest(null, Object(Config\Cache), false)
 6 SYSTEMPATH/Boot.php(334): CodeIgniter\CodeIgniter->run()
 7 SYSTEMPATH/Boot.php(67): CodeIgniter\Boot::runCodeIgniter(Object(CodeIgniter\CodeIgniter))
 8 FCPATH/index.php(56): CodeIgniter\Boot::bootWeb(Object(Config\Paths))
CRITICAL - 2025-05-05 12:48:22 --> [Caused by] CodeIgniter\Database\Exceptions\DatabaseException: You have an error in your SQL syntax; check the manual that corresponds to your MySQL server version for the right syntax to use near '' at line 1
in SYSTEMPATH/Database/MySQLi/Connection.php on line 332.
 1 SYSTEMPATH/Database/BaseConnection.php(738): CodeIgniter\Database\MySQLi\Connection->execute('SELECT * FROM tbl_product WHERE id = ')
 2 SYSTEMPATH/Database/BaseConnection.php(652): CodeIgniter\Database\BaseConnection->simpleQuery('SELECT * FROM tbl_product WHERE id = ')
 3 APPPATH/Models/Product/ProductModel.php(17): CodeIgniter\Database\BaseConnection->query('SELECT * FROM tbl_product WHERE id = ')
 4 APPPATH/Controllers/Product/ProductController.php(273): App\Models\Product\ProductModel->getProductById('')
 5 SYSTEMPATH/CodeIgniter.php(933): App\Controllers\Product\ProductController->updateCalciumMineralPro()
 6 SYSTEMPATH/CodeIgniter.php(507): CodeIgniter\CodeIgniter->runController(Object(App\Controllers\Product\ProductController))
 7 SYSTEMPATH/CodeIgniter.php(354): CodeIgniter\CodeIgniter->handleRequest(null, Object(Config\Cache), false)
 8 SYSTEMPATH/Boot.php(334): CodeIgniter\CodeIgniter->run()
 9 SYSTEMPATH/Boot.php(67): CodeIgniter\Boot::runCodeIgniter(Object(CodeIgniter\CodeIgniter))
10 FCPATH/index.php(56): CodeIgniter\Boot::bootWeb(Object(Config\Paths))
CRITICAL - 2025-05-05 12:48:22 --> [Caused by] mysqli_sql_exception: You have an error in your SQL syntax; check the manual that corresponds to your MySQL server version for the right syntax to use near '' at line 1
in SYSTEMPATH/Database/MySQLi/Connection.php on line 327.
 1 SYSTEMPATH/Database/MySQLi/Connection.php(327): mysqli->query('SELECT * FROM tbl_product WHERE id = ', 0)
 2 SYSTEMPATH/Database/BaseConnection.php(738): CodeIgniter\Database\MySQLi\Connection->execute('SELECT * FROM tbl_product WHERE id = ')
 3 SYSTEMPATH/Database/BaseConnection.php(652): CodeIgniter\Database\BaseConnection->simpleQuery('SELECT * FROM tbl_product WHERE id = ')
 4 APPPATH/Models/Product/ProductModel.php(17): CodeIgniter\Database\BaseConnection->query('SELECT * FROM tbl_product WHERE id = ')
 5 APPPATH/Controllers/Product/ProductController.php(273): App\Models\Product\ProductModel->getProductById('')
 6 SYSTEMPATH/CodeIgniter.php(933): App\Controllers\Product\ProductController->updateCalciumMineralPro()
 7 SYSTEMPATH/CodeIgniter.php(507): CodeIgniter\CodeIgniter->runController(Object(App\Controllers\Product\ProductController))
 8 SYSTEMPATH/CodeIgniter.php(354): CodeIgniter\CodeIgniter->handleRequest(null, Object(Config\Cache), false)
 9 SYSTEMPATH/Boot.php(334): CodeIgniter\CodeIgniter->run()
10 SYSTEMPATH/Boot.php(67): CodeIgniter\Boot::runCodeIgniter(Object(CodeIgniter\CodeIgniter))
11 FCPATH/index.php(56): CodeIgniter\Boot::bootWeb(Object(Config\Paths))
ERROR - 2025-05-05 12:48:26 --> mysqli_sql_exception: You have an error in your SQL syntax; check the manual that corresponds to your MySQL server version for the right syntax to use near '' at line 1 in /home/sitsolutionsco/public_html/sks.sitsolutions.co.in/system/Database/MySQLi/Connection.php:327
Stack trace:
#0 /home/sitsolutionsco/public_html/sks.sitsolutions.co.in/system/Database/MySQLi/Connection.php(327): mysqli->query('SELECT * FROM t...', 0)
#1 /home/sitsolutionsco/public_html/sks.sitsolutions.co.in/system/Database/BaseConnection.php(738): CodeIgniter\Database\MySQLi\Connection->execute('SELECT * FROM t...')
#2 /home/sitsolutionsco/public_html/sks.sitsolutions.co.in/system/Database/BaseConnection.php(652): CodeIgniter\Database\BaseConnection->simpleQuery('SELECT * FROM t...')
#3 /home/sitsolutionsco/public_html/sks.sitsolutions.co.in/app/Models/Product/ProductModel.php(17): CodeIgniter\Database\BaseConnection->query('SELECT * FROM t...')
#4 /home/sitsolutionsco/public_html/sks.sitsolutions.co.in/app/Controllers/Product/ProductController.php(273): App\Models\Product\ProductModel->getProductById('')
#5 /home/sitsolutionsco/public_html/sks.sitsolutions.co.in/system/CodeIgniter.php(933): App\Controllers\Product\ProductController->updateCalciumMineralPro()
#6 /home/sitsolutionsco/public_html/sks.sitsolutions.co.in/system/CodeIgniter.php(507): CodeIgniter\CodeIgniter->runController(Object(App\Controllers\Product\ProductController))
#7 /home/sitsolutionsco/public_html/sks.sitsolutions.co.in/system/CodeIgniter.php(354): CodeIgniter\CodeIgniter->handleRequest(NULL, Object(Config\Cache), false)
#8 /home/sitsolutionsco/public_html/sks.sitsolutions.co.in/system/Boot.php(334): CodeIgniter\CodeIgniter->run()
#9 /home/sitsolutionsco/public_html/sks.sitsolutions.co.in/system/Boot.php(67): CodeIgniter\Boot::runCodeIgniter(Object(CodeIgniter\CodeIgniter))
#10 /home/sitsolutionsco/public_html/sks.sitsolutions.co.in/index.php(56): CodeIgniter\Boot::bootWeb(Object(Config\Paths))
#11 {main}
CRITICAL - 2025-05-05 12:48:26 --> CodeIgniter\Database\Exceptions\DatabaseException: You have an error in your SQL syntax; check the manual that corresponds to your MySQL server version for the right syntax to use near '' at line 1
[Method: POST, Route: updateCalciumMineralPro]
in SYSTEMPATH/Database/BaseConnection.php on line 692.
 1 APPPATH/Models/Product/ProductModel.php(17): CodeIgniter\Database\BaseConnection->query('SELECT * FROM tbl_product WHERE id = ')
 2 APPPATH/Controllers/Product/ProductController.php(273): App\Models\Product\ProductModel->getProductById('')
 3 SYSTEMPATH/CodeIgniter.php(933): App\Controllers\Product\ProductController->updateCalciumMineralPro()
 4 SYSTEMPATH/CodeIgniter.php(507): CodeIgniter\CodeIgniter->runController(Object(App\Controllers\Product\ProductController))
 5 SYSTEMPATH/CodeIgniter.php(354): CodeIgniter\CodeIgniter->handleRequest(null, Object(Config\Cache), false)
 6 SYSTEMPATH/Boot.php(334): CodeIgniter\CodeIgniter->run()
 7 SYSTEMPATH/Boot.php(67): CodeIgniter\Boot::runCodeIgniter(Object(CodeIgniter\CodeIgniter))
 8 FCPATH/index.php(56): CodeIgniter\Boot::bootWeb(Object(Config\Paths))
CRITICAL - 2025-05-05 12:48:26 --> [Caused by] CodeIgniter\Database\Exceptions\DatabaseException: You have an error in your SQL syntax; check the manual that corresponds to your MySQL server version for the right syntax to use near '' at line 1
in SYSTEMPATH/Database/MySQLi/Connection.php on line 332.
 1 SYSTEMPATH/Database/BaseConnection.php(738): CodeIgniter\Database\MySQLi\Connection->execute('SELECT * FROM tbl_product WHERE id = ')
 2 SYSTEMPATH/Database/BaseConnection.php(652): CodeIgniter\Database\BaseConnection->simpleQuery('SELECT * FROM tbl_product WHERE id = ')
 3 APPPATH/Models/Product/ProductModel.php(17): CodeIgniter\Database\BaseConnection->query('SELECT * FROM tbl_product WHERE id = ')
 4 APPPATH/Controllers/Product/ProductController.php(273): App\Models\Product\ProductModel->getProductById('')
 5 SYSTEMPATH/CodeIgniter.php(933): App\Controllers\Product\ProductController->updateCalciumMineralPro()
 6 SYSTEMPATH/CodeIgniter.php(507): CodeIgniter\CodeIgniter->runController(Object(App\Controllers\Product\ProductController))
 7 SYSTEMPATH/CodeIgniter.php(354): CodeIgniter\CodeIgniter->handleRequest(null, Object(Config\Cache), false)
 8 SYSTEMPATH/Boot.php(334): CodeIgniter\CodeIgniter->run()
 9 SYSTEMPATH/Boot.php(67): CodeIgniter\Boot::runCodeIgniter(Object(CodeIgniter\CodeIgniter))
10 FCPATH/index.php(56): CodeIgniter\Boot::bootWeb(Object(Config\Paths))
CRITICAL - 2025-05-05 12:48:26 --> [Caused by] mysqli_sql_exception: You have an error in your SQL syntax; check the manual that corresponds to your MySQL server version for the right syntax to use near '' at line 1
in SYSTEMPATH/Database/MySQLi/Connection.php on line 327.
 1 SYSTEMPATH/Database/MySQLi/Connection.php(327): mysqli->query('SELECT * FROM tbl_product WHERE id = ', 0)
 2 SYSTEMPATH/Database/BaseConnection.php(738): CodeIgniter\Database\MySQLi\Connection->execute('SELECT * FROM tbl_product WHERE id = ')
 3 SYSTEMPATH/Database/BaseConnection.php(652): CodeIgniter\Database\BaseConnection->simpleQuery('SELECT * FROM tbl_product WHERE id = ')
 4 APPPATH/Models/Product/ProductModel.php(17): CodeIgniter\Database\BaseConnection->query('SELECT * FROM tbl_product WHERE id = ')
 5 APPPATH/Controllers/Product/ProductController.php(273): App\Models\Product\ProductModel->getProductById('')
 6 SYSTEMPATH/CodeIgniter.php(933): App\Controllers\Product\ProductController->updateCalciumMineralPro()
 7 SYSTEMPATH/CodeIgniter.php(507): CodeIgniter\CodeIgniter->runController(Object(App\Controllers\Product\ProductController))
 8 SYSTEMPATH/CodeIgniter.php(354): CodeIgniter\CodeIgniter->handleRequest(null, Object(Config\Cache), false)
 9 SYSTEMPATH/Boot.php(334): CodeIgniter\CodeIgniter->run()
10 SYSTEMPATH/Boot.php(67): CodeIgniter\Boot::runCodeIgniter(Object(CodeIgniter\CodeIgniter))
11 FCPATH/index.php(56): CodeIgniter\Boot::bootWeb(Object(Config\Paths))
ERROR - 2025-05-05 12:49:08 --> mysqli_sql_exception: You have an error in your SQL syntax; check the manual that corresponds to your MySQL server version for the right syntax to use near '' at line 1 in /home/sitsolutionsco/public_html/sks.sitsolutions.co.in/system/Database/MySQLi/Connection.php:327
Stack trace:
#0 /home/sitsolutionsco/public_html/sks.sitsolutions.co.in/system/Database/MySQLi/Connection.php(327): mysqli->query('SELECT * FROM t...', 0)
#1 /home/sitsolutionsco/public_html/sks.sitsolutions.co.in/system/Database/BaseConnection.php(738): CodeIgniter\Database\MySQLi\Connection->execute('SELECT * FROM t...')
#2 /home/sitsolutionsco/public_html/sks.sitsolutions.co.in/system/Database/BaseConnection.php(652): CodeIgniter\Database\BaseConnection->simpleQuery('SELECT * FROM t...')
#3 /home/sitsolutionsco/public_html/sks.sitsolutions.co.in/app/Models/Product/ProductModel.php(17): CodeIgniter\Database\BaseConnection->query('SELECT * FROM t...')
#4 /home/sitsolutionsco/public_html/sks.sitsolutions.co.in/app/Controllers/Product/ProductController.php(272): App\Models\Product\ProductModel->getProductById('')
#5 /home/sitsolutionsco/public_html/sks.sitsolutions.co.in/system/CodeIgniter.php(933): App\Controllers\Product\ProductController->updateCalciumMineralPro()
#6 /home/sitsolutionsco/public_html/sks.sitsolutions.co.in/system/CodeIgniter.php(507): CodeIgniter\CodeIgniter->runController(Object(App\Controllers\Product\ProductController))
#7 /home/sitsolutionsco/public_html/sks.sitsolutions.co.in/system/CodeIgniter.php(354): CodeIgniter\CodeIgniter->handleRequest(NULL, Object(Config\Cache), false)
#8 /home/sitsolutionsco/public_html/sks.sitsolutions.co.in/system/Boot.php(334): CodeIgniter\CodeIgniter->run()
#9 /home/sitsolutionsco/public_html/sks.sitsolutions.co.in/system/Boot.php(67): CodeIgniter\Boot::runCodeIgniter(Object(CodeIgniter\CodeIgniter))
#10 /home/sitsolutionsco/public_html/sks.sitsolutions.co.in/index.php(56): CodeIgniter\Boot::bootWeb(Object(Config\Paths))
#11 {main}
CRITICAL - 2025-05-05 12:49:08 --> CodeIgniter\Database\Exceptions\DatabaseException: You have an error in your SQL syntax; check the manual that corresponds to your MySQL server version for the right syntax to use near '' at line 1
[Method: POST, Route: updateCalciumMineralPro]
in SYSTEMPATH/Database/BaseConnection.php on line 692.
 1 APPPATH/Models/Product/ProductModel.php(17): CodeIgniter\Database\BaseConnection->query('SELECT * FROM tbl_product WHERE id = ')
 2 APPPATH/Controllers/Product/ProductController.php(272): App\Models\Product\ProductModel->getProductById('')
 3 SYSTEMPATH/CodeIgniter.php(933): App\Controllers\Product\ProductController->updateCalciumMineralPro()
 4 SYSTEMPATH/CodeIgniter.php(507): CodeIgniter\CodeIgniter->runController(Object(App\Controllers\Product\ProductController))
 5 SYSTEMPATH/CodeIgniter.php(354): CodeIgniter\CodeIgniter->handleRequest(null, Object(Config\Cache), false)
 6 SYSTEMPATH/Boot.php(334): CodeIgniter\CodeIgniter->run()
 7 SYSTEMPATH/Boot.php(67): CodeIgniter\Boot::runCodeIgniter(Object(CodeIgniter\CodeIgniter))
 8 FCPATH/index.php(56): CodeIgniter\Boot::bootWeb(Object(Config\Paths))
CRITICAL - 2025-05-05 12:49:08 --> [Caused by] CodeIgniter\Database\Exceptions\DatabaseException: You have an error in your SQL syntax; check the manual that corresponds to your MySQL server version for the right syntax to use near '' at line 1
in SYSTEMPATH/Database/MySQLi/Connection.php on line 332.
 1 SYSTEMPATH/Database/BaseConnection.php(738): CodeIgniter\Database\MySQLi\Connection->execute('SELECT * FROM tbl_product WHERE id = ')
 2 SYSTEMPATH/Database/BaseConnection.php(652): CodeIgniter\Database\BaseConnection->simpleQuery('SELECT * FROM tbl_product WHERE id = ')
 3 APPPATH/Models/Product/ProductModel.php(17): CodeIgniter\Database\BaseConnection->query('SELECT * FROM tbl_product WHERE id = ')
 4 APPPATH/Controllers/Product/ProductController.php(272): App\Models\Product\ProductModel->getProductById('')
 5 SYSTEMPATH/CodeIgniter.php(933): App\Controllers\Product\ProductController->updateCalciumMineralPro()
 6 SYSTEMPATH/CodeIgniter.php(507): CodeIgniter\CodeIgniter->runController(Object(App\Controllers\Product\ProductController))
 7 SYSTEMPATH/CodeIgniter.php(354): CodeIgniter\CodeIgniter->handleRequest(null, Object(Config\Cache), false)
 8 SYSTEMPATH/Boot.php(334): CodeIgniter\CodeIgniter->run()
 9 SYSTEMPATH/Boot.php(67): CodeIgniter\Boot::runCodeIgniter(Object(CodeIgniter\CodeIgniter))
10 FCPATH/index.php(56): CodeIgniter\Boot::bootWeb(Object(Config\Paths))
CRITICAL - 2025-05-05 12:49:08 --> [Caused by] mysqli_sql_exception: You have an error in your SQL syntax; check the manual that corresponds to your MySQL server version for the right syntax to use near '' at line 1
in SYSTEMPATH/Database/MySQLi/Connection.php on line 327.
 1 SYSTEMPATH/Database/MySQLi/Connection.php(327): mysqli->query('SELECT * FROM tbl_product WHERE id = ', 0)
 2 SYSTEMPATH/Database/BaseConnection.php(738): CodeIgniter\Database\MySQLi\Connection->execute('SELECT * FROM tbl_product WHERE id = ')
 3 SYSTEMPATH/Database/BaseConnection.php(652): CodeIgniter\Database\BaseConnection->simpleQuery('SELECT * FROM tbl_product WHERE id = ')
 4 APPPATH/Models/Product/ProductModel.php(17): CodeIgniter\Database\BaseConnection->query('SELECT * FROM tbl_product WHERE id = ')
 5 APPPATH/Controllers/Product/ProductController.php(272): App\Models\Product\ProductModel->getProductById('')
 6 SYSTEMPATH/CodeIgniter.php(933): App\Controllers\Product\ProductController->updateCalciumMineralPro()
 7 SYSTEMPATH/CodeIgniter.php(507): CodeIgniter\CodeIgniter->runController(Object(App\Controllers\Product\ProductController))
 8 SYSTEMPATH/CodeIgniter.php(354): CodeIgniter\CodeIgniter->handleRequest(null, Object(Config\Cache), false)
 9 SYSTEMPATH/Boot.php(334): CodeIgniter\CodeIgniter->run()
10 SYSTEMPATH/Boot.php(67): CodeIgniter\Boot::runCodeIgniter(Object(CodeIgniter\CodeIgniter))
11 FCPATH/index.php(56): CodeIgniter\Boot::bootWeb(Object(Config\Paths))
CRITICAL - 2025-05-05 12:56:57 --> ErrorException: Undefined variable $image
[Method: POST, Route: updateCalciumMineralPro]
in APPPATH/Controllers/Product/ProductController.php on line 264.
 1 APPPATH/Controllers/Product/ProductController.php(264): CodeIgniter\Debug\Exceptions->errorHandler(2, 'Undefined variable $image', '/home/sitsolutionsco/public_html/sks.sitsolutions.co.in/app/Controllers/Product/ProductController.php', 264)
 2 SYSTEMPATH/CodeIgniter.php(933): App\Controllers\Product\ProductController->updateCalciumMineralPro()
 3 SYSTEMPATH/CodeIgniter.php(507): CodeIgniter\CodeIgniter->runController(Object(App\Controllers\Product\ProductController))
 4 SYSTEMPATH/CodeIgniter.php(354): CodeIgniter\CodeIgniter->handleRequest(null, Object(Config\Cache), false)
 5 SYSTEMPATH/Boot.php(334): CodeIgniter\CodeIgniter->run()
 6 SYSTEMPATH/Boot.php(67): CodeIgniter\Boot::runCodeIgniter(Object(CodeIgniter\CodeIgniter))
 7 FCPATH/index.php(56): CodeIgniter\Boot::bootWeb(Object(Config\Paths))
