CRITICAL - 2025-05-02 09:38:07 --> CodeIgniter\View\Exceptions\ViewException: Invalid file: "Category/addCategory.php"
[Method: GET, Route: addCategory]
in SYSTEMPATH/Exceptions/FrameworkException.php on line 39.
 1 SYSTEMPATH/View/View.php(212): CodeIgniter\Exceptions\FrameworkException::forInvalidFile('Category/addCategory.php')
 2 SYSTEMPATH/Common.php(1173): CodeIgniter\View\View->render('Category/addCategory', [], true)
 3 APPPATH/Controllers/Category/CategoryController.php(28): view('Category/addCategory')
 4 SYSTEMPATH/CodeIgniter.php(933): App\Controllers\Category\CategoryController->addCategory()
 5 SYSTEMPATH/CodeIgniter.php(507): CodeIgniter\CodeIgniter->runController(Object(App\Controllers\Category\CategoryController))
 6 SYSTEMPATH/CodeIgniter.php(354): CodeIgniter\CodeIgniter->handleRequest(null, Object(Config\Cache), false)
 7 SYSTEMPATH/Boot.php(334): CodeIgniter\CodeIgniter->run()
 8 SYSTEMPATH/Boot.php(67): CodeIgniter\Boot::runCodeIgniter(Object(CodeIgniter\CodeIgniter))
 9 FCPATH/index.php(56): CodeIgniter\Boot::bootWeb(Object(Config\Paths))
CRITICAL - 2025-05-02 09:38:56 --> ErrorException: Undefined variable $catData
[Method: POST, Route: addCategoryPro]
in APPPATH/Controllers/Category/CategoryController.php on line 74.
 1 APPPATH/Controllers/Category/CategoryController.php(74): CodeIgniter\Debug\Exceptions->errorHandler(2, 'Undefined variable $catData', '/home/sitsolutionsco/public_html/sks.sitsolutions.co.in/app/Controllers/Category/CategoryController.php', 74)
 2 SYSTEMPATH/CodeIgniter.php(933): App\Controllers\Category\CategoryController->addCategoryPro()
 3 SYSTEMPATH/CodeIgniter.php(507): CodeIgniter\CodeIgniter->runController(Object(App\Controllers\Category\CategoryController))
 4 SYSTEMPATH/CodeIgniter.php(354): CodeIgniter\CodeIgniter->handleRequest(null, Object(Config\Cache), false)
 5 SYSTEMPATH/Boot.php(334): CodeIgniter\CodeIgniter->run()
 6 SYSTEMPATH/Boot.php(67): CodeIgniter\Boot::runCodeIgniter(Object(CodeIgniter\CodeIgniter))
 7 FCPATH/index.php(56): CodeIgniter\Boot::bootWeb(Object(Config\Paths))
CRITICAL - 2025-05-02 09:39:14 --> ErrorException: Undefined variable $catData
[Method: POST, Route: addCategoryPro]
in APPPATH/Controllers/Category/CategoryController.php on line 74.
 1 APPPATH/Controllers/Category/CategoryController.php(74): CodeIgniter\Debug\Exceptions->errorHandler(2, 'Undefined variable $catData', '/home/sitsolutionsco/public_html/sks.sitsolutions.co.in/app/Controllers/Category/CategoryController.php', 74)
 2 SYSTEMPATH/CodeIgniter.php(933): App\Controllers\Category\CategoryController->addCategoryPro()
 3 SYSTEMPATH/CodeIgniter.php(507): CodeIgniter\CodeIgniter->runController(Object(App\Controllers\Category\CategoryController))
 4 SYSTEMPATH/CodeIgniter.php(354): CodeIgniter\CodeIgniter->handleRequest(null, Object(Config\Cache), false)
 5 SYSTEMPATH/Boot.php(334): CodeIgniter\CodeIgniter->run()
 6 SYSTEMPATH/Boot.php(67): CodeIgniter\Boot::runCodeIgniter(Object(CodeIgniter\CodeIgniter))
 7 FCPATH/index.php(56): CodeIgniter\Boot::bootWeb(Object(Config\Paths))
CRITICAL - 2025-05-02 09:39:23 --> ErrorException: Undefined variable $catData
[Method: POST, Route: addCategoryPro]
in APPPATH/Controllers/Category/CategoryController.php on line 74.
 1 APPPATH/Controllers/Category/CategoryController.php(74): CodeIgniter\Debug\Exceptions->errorHandler(2, 'Undefined variable $catData', '/home/sitsolutionsco/public_html/sks.sitsolutions.co.in/app/Controllers/Category/CategoryController.php', 74)
 2 SYSTEMPATH/CodeIgniter.php(933): App\Controllers\Category\CategoryController->addCategoryPro()
 3 SYSTEMPATH/CodeIgniter.php(507): CodeIgniter\CodeIgniter->runController(Object(App\Controllers\Category\CategoryController))
 4 SYSTEMPATH/CodeIgniter.php(354): CodeIgniter\CodeIgniter->handleRequest(null, Object(Config\Cache), false)
 5 SYSTEMPATH/Boot.php(334): CodeIgniter\CodeIgniter->run()
 6 SYSTEMPATH/Boot.php(67): CodeIgniter\Boot::runCodeIgniter(Object(CodeIgniter\CodeIgniter))
 7 FCPATH/index.php(56): CodeIgniter\Boot::bootWeb(Object(Config\Paths))
CRITICAL - 2025-05-02 09:39:59 --> ErrorException: Undefined variable $catData
[Method: POST, Route: addCategoryPro]
in APPPATH/Controllers/Category/CategoryController.php on line 74.
 1 APPPATH/Controllers/Category/CategoryController.php(74): CodeIgniter\Debug\Exceptions->errorHandler(2, 'Undefined variable $catData', '/home/sitsolutionsco/public_html/sks.sitsolutions.co.in/app/Controllers/Category/CategoryController.php', 74)
 2 SYSTEMPATH/CodeIgniter.php(933): App\Controllers\Category\CategoryController->addCategoryPro()
 3 SYSTEMPATH/CodeIgniter.php(507): CodeIgniter\CodeIgniter->runController(Object(App\Controllers\Category\CategoryController))
 4 SYSTEMPATH/CodeIgniter.php(354): CodeIgniter\CodeIgniter->handleRequest(null, Object(Config\Cache), false)
 5 SYSTEMPATH/Boot.php(334): CodeIgniter\CodeIgniter->run()
 6 SYSTEMPATH/Boot.php(67): CodeIgniter\Boot::runCodeIgniter(Object(CodeIgniter\CodeIgniter))
 7 FCPATH/index.php(56): CodeIgniter\Boot::bootWeb(Object(Config\Paths))
ERROR - 2025-05-02 09:40:54 --> mysqli_sql_exception: You have an error in your SQL syntax; check the manual that corresponds to your MySQL server version for the right syntax to use near '' at line 1 in /home/sitsolutionsco/public_html/sks.sitsolutions.co.in/system/Database/MySQLi/Connection.php:327
Stack trace:
#0 /home/sitsolutionsco/public_html/sks.sitsolutions.co.in/system/Database/MySQLi/Connection.php(327): mysqli->query('SELECT * FROM t...', 0)
#1 /home/sitsolutionsco/public_html/sks.sitsolutions.co.in/system/Database/BaseConnection.php(738): CodeIgniter\Database\MySQLi\Connection->execute('SELECT * FROM t...')
#2 /home/sitsolutionsco/public_html/sks.sitsolutions.co.in/system/Database/BaseConnection.php(652): CodeIgniter\Database\BaseConnection->simpleQuery('SELECT * FROM t...')
#3 /home/sitsolutionsco/public_html/sks.sitsolutions.co.in/app/Models/Category/CategoryModel.php(17): CodeIgniter\Database\BaseConnection->query('SELECT * FROM t...')
#4 /home/sitsolutionsco/public_html/sks.sitsolutions.co.in/app/Controllers/Category/CategoryController.php(34): App\Models\Category\CategoryModel->getCategoryById('')
#5 /home/sitsolutionsco/public_html/sks.sitsolutions.co.in/system/CodeIgniter.php(933): App\Controllers\Category\CategoryController->updateCategory()
#6 /home/sitsolutionsco/public_html/sks.sitsolutions.co.in/system/CodeIgniter.php(507): CodeIgniter\CodeIgniter->runController(Object(App\Controllers\Category\CategoryController))
#7 /home/sitsolutionsco/public_html/sks.sitsolutions.co.in/system/CodeIgniter.php(354): CodeIgniter\CodeIgniter->handleRequest(NULL, Object(Config\Cache), false)
#8 /home/sitsolutionsco/public_html/sks.sitsolutions.co.in/system/Boot.php(334): CodeIgniter\CodeIgniter->run()
#9 /home/sitsolutionsco/public_html/sks.sitsolutions.co.in/system/Boot.php(67): CodeIgniter\Boot::runCodeIgniter(Object(CodeIgniter\CodeIgniter))
#10 /home/sitsolutionsco/public_html/sks.sitsolutions.co.in/index.php(56): CodeIgniter\Boot::bootWeb(Object(Config\Paths))
#11 {main}
CRITICAL - 2025-05-02 09:40:54 --> CodeIgniter\Database\Exceptions\DatabaseException: You have an error in your SQL syntax; check the manual that corresponds to your MySQL server version for the right syntax to use near '' at line 1
[Method: GET, Route: updateCategory]
in SYSTEMPATH/Database/BaseConnection.php on line 692.
 1 APPPATH/Models/Category/CategoryModel.php(17): CodeIgniter\Database\BaseConnection->query('SELECT * FROM tbl_category WHERE id = ')
 2 APPPATH/Controllers/Category/CategoryController.php(34): App\Models\Category\CategoryModel->getCategoryById('')
 3 SYSTEMPATH/CodeIgniter.php(933): App\Controllers\Category\CategoryController->updateCategory()
 4 SYSTEMPATH/CodeIgniter.php(507): CodeIgniter\CodeIgniter->runController(Object(App\Controllers\Category\CategoryController))
 5 SYSTEMPATH/CodeIgniter.php(354): CodeIgniter\CodeIgniter->handleRequest(null, Object(Config\Cache), false)
 6 SYSTEMPATH/Boot.php(334): CodeIgniter\CodeIgniter->run()
 7 SYSTEMPATH/Boot.php(67): CodeIgniter\Boot::runCodeIgniter(Object(CodeIgniter\CodeIgniter))
 8 FCPATH/index.php(56): CodeIgniter\Boot::bootWeb(Object(Config\Paths))
CRITICAL - 2025-05-02 09:40:54 --> [Caused by] CodeIgniter\Database\Exceptions\DatabaseException: You have an error in your SQL syntax; check the manual that corresponds to your MySQL server version for the right syntax to use near '' at line 1
in SYSTEMPATH/Database/MySQLi/Connection.php on line 332.
 1 SYSTEMPATH/Database/BaseConnection.php(738): CodeIgniter\Database\MySQLi\Connection->execute('SELECT * FROM tbl_category WHERE id = ')
 2 SYSTEMPATH/Database/BaseConnection.php(652): CodeIgniter\Database\BaseConnection->simpleQuery('SELECT * FROM tbl_category WHERE id = ')
 3 APPPATH/Models/Category/CategoryModel.php(17): CodeIgniter\Database\BaseConnection->query('SELECT * FROM tbl_category WHERE id = ')
 4 APPPATH/Controllers/Category/CategoryController.php(34): App\Models\Category\CategoryModel->getCategoryById('')
 5 SYSTEMPATH/CodeIgniter.php(933): App\Controllers\Category\CategoryController->updateCategory()
 6 SYSTEMPATH/CodeIgniter.php(507): CodeIgniter\CodeIgniter->runController(Object(App\Controllers\Category\CategoryController))
 7 SYSTEMPATH/CodeIgniter.php(354): CodeIgniter\CodeIgniter->handleRequest(null, Object(Config\Cache), false)
 8 SYSTEMPATH/Boot.php(334): CodeIgniter\CodeIgniter->run()
 9 SYSTEMPATH/Boot.php(67): CodeIgniter\Boot::runCodeIgniter(Object(CodeIgniter\CodeIgniter))
10 FCPATH/index.php(56): CodeIgniter\Boot::bootWeb(Object(Config\Paths))
CRITICAL - 2025-05-02 09:40:54 --> [Caused by] mysqli_sql_exception: You have an error in your SQL syntax; check the manual that corresponds to your MySQL server version for the right syntax to use near '' at line 1
in SYSTEMPATH/Database/MySQLi/Connection.php on line 327.
 1 SYSTEMPATH/Database/MySQLi/Connection.php(327): mysqli->query('SELECT * FROM tbl_category WHERE id = ', 0)
 2 SYSTEMPATH/Database/BaseConnection.php(738): CodeIgniter\Database\MySQLi\Connection->execute('SELECT * FROM tbl_category WHERE id = ')
 3 SYSTEMPATH/Database/BaseConnection.php(652): CodeIgniter\Database\BaseConnection->simpleQuery('SELECT * FROM tbl_category WHERE id = ')
 4 APPPATH/Models/Category/CategoryModel.php(17): CodeIgniter\Database\BaseConnection->query('SELECT * FROM tbl_category WHERE id = ')
 5 APPPATH/Controllers/Category/CategoryController.php(34): App\Models\Category\CategoryModel->getCategoryById('')
 6 SYSTEMPATH/CodeIgniter.php(933): App\Controllers\Category\CategoryController->updateCategory()
 7 SYSTEMPATH/CodeIgniter.php(507): CodeIgniter\CodeIgniter->runController(Object(App\Controllers\Category\CategoryController))
 8 SYSTEMPATH/CodeIgniter.php(354): CodeIgniter\CodeIgniter->handleRequest(null, Object(Config\Cache), false)
 9 SYSTEMPATH/Boot.php(334): CodeIgniter\CodeIgniter->run()
10 SYSTEMPATH/Boot.php(67): CodeIgniter\Boot::runCodeIgniter(Object(CodeIgniter\CodeIgniter))
11 FCPATH/index.php(56): CodeIgniter\Boot::bootWeb(Object(Config\Paths))
CRITICAL - 2025-05-02 12:11:35 --> ErrorException: Undefined array key "id"
[Method: GET, Route: updateCategory]
in APPPATH/Views/Include/header.php on line 3.
 1 APPPATH/Views/Include/header.php(3): CodeIgniter\Debug\Exceptions->errorHandler(2, 'Undefined array key "id"', '/home/sitsolutionsco/public_html/sks.sitsolutions.co.in/app/Views/Include/header.php', 3)
 2 SYSTEMPATH/View/View.php(224): include('/home/sitsolutionsco/public_html/sks.sitsolutions.co.in/app/Views/Include/header.php')
 3 SYSTEMPATH/View/View.php(227): CodeIgniter\View\View->CodeIgniter\View\{closure}()
 4 SYSTEMPATH/Common.php(1173): CodeIgniter\View\View->render('Include/header', [], true)
 5 APPPATH/Views/Category/updateCategory.php(12): view('Include/header')
 6 SYSTEMPATH/View/View.php(224): include('/home/sitsolutionsco/public_html/sks.sitsolutions.co.in/app/Views/Category/updateCategory.php')
 7 SYSTEMPATH/View/View.php(227): CodeIgniter\View\View->CodeIgniter\View\{closure}()
 8 SYSTEMPATH/Common.php(1173): CodeIgniter\View\View->render('Category/updateCategory', [], true)
 9 APPPATH/Controllers/Category/CategoryController.php(35): view('Category/updateCategory', [...])
10 SYSTEMPATH/CodeIgniter.php(933): App\Controllers\Category\CategoryController->updateCategory()
11 SYSTEMPATH/CodeIgniter.php(507): CodeIgniter\CodeIgniter->runController(Object(App\Controllers\Category\CategoryController))
12 SYSTEMPATH/CodeIgniter.php(354): CodeIgniter\CodeIgniter->handleRequest(null, Object(Config\Cache), false)
13 SYSTEMPATH/Boot.php(334): CodeIgniter\CodeIgniter->run()
14 SYSTEMPATH/Boot.php(67): CodeIgniter\Boot::runCodeIgniter(Object(CodeIgniter\CodeIgniter))
15 FCPATH/index.php(56): CodeIgniter\Boot::bootWeb(Object(Config\Paths))
CRITICAL - 2025-05-02 12:11:38 --> ErrorException: Undefined array key "id"
[Method: GET, Route: updateCategory]
in APPPATH/Views/Include/header.php on line 3.
 1 APPPATH/Views/Include/header.php(3): CodeIgniter\Debug\Exceptions->errorHandler(2, 'Undefined array key "id"', '/home/sitsolutionsco/public_html/sks.sitsolutions.co.in/app/Views/Include/header.php', 3)
 2 SYSTEMPATH/View/View.php(224): include('/home/sitsolutionsco/public_html/sks.sitsolutions.co.in/app/Views/Include/header.php')
 3 SYSTEMPATH/View/View.php(227): CodeIgniter\View\View->CodeIgniter\View\{closure}()
 4 SYSTEMPATH/Common.php(1173): CodeIgniter\View\View->render('Include/header', [], true)
 5 APPPATH/Views/Category/updateCategory.php(12): view('Include/header')
 6 SYSTEMPATH/View/View.php(224): include('/home/sitsolutionsco/public_html/sks.sitsolutions.co.in/app/Views/Category/updateCategory.php')
 7 SYSTEMPATH/View/View.php(227): CodeIgniter\View\View->CodeIgniter\View\{closure}()
 8 SYSTEMPATH/Common.php(1173): CodeIgniter\View\View->render('Category/updateCategory', [], true)
 9 APPPATH/Controllers/Category/CategoryController.php(35): view('Category/updateCategory', [...])
10 SYSTEMPATH/CodeIgniter.php(933): App\Controllers\Category\CategoryController->updateCategory()
11 SYSTEMPATH/CodeIgniter.php(507): CodeIgniter\CodeIgniter->runController(Object(App\Controllers\Category\CategoryController))
12 SYSTEMPATH/CodeIgniter.php(354): CodeIgniter\CodeIgniter->handleRequest(null, Object(Config\Cache), false)
13 SYSTEMPATH/Boot.php(334): CodeIgniter\CodeIgniter->run()
14 SYSTEMPATH/Boot.php(67): CodeIgniter\Boot::runCodeIgniter(Object(CodeIgniter\CodeIgniter))
15 FCPATH/index.php(56): CodeIgniter\Boot::bootWeb(Object(Config\Paths))
CRITICAL - 2025-05-02 12:12:32 --> Error: Class "App\Models\Subcategory\SubcategoryModel" not found
[Method: GET, Route: subcategoryList]
in APPPATH/Controllers/Subcategory/SubcategoryController.php on line 16.
 1 SYSTEMPATH/CodeIgniter.php(903): App\Controllers\Subcategory\SubcategoryController->__construct()
 2 SYSTEMPATH/CodeIgniter.php(498): CodeIgniter\CodeIgniter->createController()
 3 SYSTEMPATH/CodeIgniter.php(354): CodeIgniter\CodeIgniter->handleRequest(null, Object(Config\Cache), false)
 4 SYSTEMPATH/Boot.php(334): CodeIgniter\CodeIgniter->run()
 5 SYSTEMPATH/Boot.php(67): CodeIgniter\Boot::runCodeIgniter(Object(CodeIgniter\CodeIgniter))
 6 FCPATH/index.php(56): CodeIgniter\Boot::bootWeb(Object(Config\Paths))
CRITICAL - 2025-05-02 12:12:56 --> ErrorException: Undefined variable $subcategoryList
[Method: GET, Route: subcategoryList]
in APPPATH/Views/Subcategory/subcategoryList.php on line 61.
 1 APPPATH/Views/Subcategory/subcategoryList.php(61): CodeIgniter\Debug\Exceptions->errorHandler(2, 'Undefined variable $subcategoryList', '/home/sitsolutionsco/public_html/sks.sitsolutions.co.in/app/Views/Subcategory/subcategoryList.php', 61)
 2 SYSTEMPATH/View/View.php(224): include('/home/sitsolutionsco/public_html/sks.sitsolutions.co.in/app/Views/Subcategory/subcategoryList.php')
 3 SYSTEMPATH/View/View.php(227): CodeIgniter\View\View->CodeIgniter\View\{closure}()
 4 SYSTEMPATH/Common.php(1173): CodeIgniter\View\View->render('Subcategory/subcategoryList', [], true)
 5 APPPATH/Controllers/Subcategory/SubcategoryController.php(25): view('Subcategory/subcategoryList', [...])
 6 SYSTEMPATH/CodeIgniter.php(933): App\Controllers\Subcategory\SubcategoryController->subcategoryList()
 7 SYSTEMPATH/CodeIgniter.php(507): CodeIgniter\CodeIgniter->runController(Object(App\Controllers\Subcategory\SubcategoryController))
 8 SYSTEMPATH/CodeIgniter.php(354): CodeIgniter\CodeIgniter->handleRequest(null, Object(Config\Cache), false)
 9 SYSTEMPATH/Boot.php(334): CodeIgniter\CodeIgniter->run()
10 SYSTEMPATH/Boot.php(67): CodeIgniter\Boot::runCodeIgniter(Object(CodeIgniter\CodeIgniter))
11 FCPATH/index.php(56): CodeIgniter\Boot::bootWeb(Object(Config\Paths))
CRITICAL - 2025-05-02 12:16:57 --> ErrorException: Undefined variable $orgType_id
[Method: GET, Route: addSubcategory]
in APPPATH/Views/Subcategory/addSubcategory.php on line 45.
 1 APPPATH/Views/Subcategory/addSubcategory.php(45): CodeIgniter\Debug\Exceptions->errorHandler(2, 'Undefined variable $orgType_id', '/home/sitsolutionsco/public_html/sks.sitsolutions.co.in/app/Views/Subcategory/addSubcategory.php', 45)
 2 SYSTEMPATH/View/View.php(224): include('/home/sitsolutionsco/public_html/sks.sitsolutions.co.in/app/Views/Subcategory/addSubcategory.php')
 3 SYSTEMPATH/View/View.php(227): CodeIgniter\View\View->CodeIgniter\View\{closure}()
 4 SYSTEMPATH/Common.php(1173): CodeIgniter\View\View->render('Subcategory/addSubcategory', [], true)
 5 APPPATH/Controllers/Subcategory/SubcategoryController.php(31): view('Subcategory/addSubcategory', [...])
 6 SYSTEMPATH/CodeIgniter.php(933): App\Controllers\Subcategory\SubcategoryController->addSubcategory()
 7 SYSTEMPATH/CodeIgniter.php(507): CodeIgniter\CodeIgniter->runController(Object(App\Controllers\Subcategory\SubcategoryController))
 8 SYSTEMPATH/CodeIgniter.php(354): CodeIgniter\CodeIgniter->handleRequest(null, Object(Config\Cache), false)
 9 SYSTEMPATH/Boot.php(334): CodeIgniter\CodeIgniter->run()
10 SYSTEMPATH/Boot.php(67): CodeIgniter\Boot::runCodeIgniter(Object(CodeIgniter\CodeIgniter))
11 FCPATH/index.php(56): CodeIgniter\Boot::bootWeb(Object(Config\Paths))
CRITICAL - 2025-05-02 12:27:20 --> Error: Object of class stdClass could not be converted to string
[Method: POST, Route: addSubcategoryPro]
in APPPATH/Controllers/Subcategory/SubcategoryController.php on line 79.
 1 SYSTEMPATH/CodeIgniter.php(933): App\Controllers\Subcategory\SubcategoryController->addSubcategoryPro()
 2 SYSTEMPATH/CodeIgniter.php(507): CodeIgniter\CodeIgniter->runController(Object(App\Controllers\Subcategory\SubcategoryController))
 3 SYSTEMPATH/CodeIgniter.php(354): CodeIgniter\CodeIgniter->handleRequest(null, Object(Config\Cache), false)
 4 SYSTEMPATH/Boot.php(334): CodeIgniter\CodeIgniter->run()
 5 SYSTEMPATH/Boot.php(67): CodeIgniter\Boot::runCodeIgniter(Object(CodeIgniter\CodeIgniter))
 6 FCPATH/index.php(56): CodeIgniter\Boot::bootWeb(Object(Config\Paths))
CRITICAL - 2025-05-02 12:27:37 --> Error: Object of class stdClass could not be converted to string
[Method: POST, Route: addSubcategoryPro]
in APPPATH/Controllers/Subcategory/SubcategoryController.php on line 79.
 1 SYSTEMPATH/CodeIgniter.php(933): App\Controllers\Subcategory\SubcategoryController->addSubcategoryPro()
 2 SYSTEMPATH/CodeIgniter.php(507): CodeIgniter\CodeIgniter->runController(Object(App\Controllers\Subcategory\SubcategoryController))
 3 SYSTEMPATH/CodeIgniter.php(354): CodeIgniter\CodeIgniter->handleRequest(null, Object(Config\Cache), false)
 4 SYSTEMPATH/Boot.php(334): CodeIgniter\CodeIgniter->run()
 5 SYSTEMPATH/Boot.php(67): CodeIgniter\Boot::runCodeIgniter(Object(CodeIgniter\CodeIgniter))
 6 FCPATH/index.php(56): CodeIgniter\Boot::bootWeb(Object(Config\Paths))
CRITICAL - 2025-05-02 12:28:46 --> CodeIgniter\Database\Exceptions\DatabaseException: You must set the database table to be used with your query.
[Method: GET, Route: updateSubcategory]
in SYSTEMPATH/Database/BaseConnection.php on line 941.
 1 SYSTEMPATH/Model.php(714): CodeIgniter\Database\BaseConnection->table(null)
 2 SYSTEMPATH/Model.php(920): CodeIgniter\Model->builder()
 3 APPPATH/Controllers/Subcategory/SubcategoryController.php(39): CodeIgniter\Model->__call('getCatListForUpdateScat', [])
 4 SYSTEMPATH/CodeIgniter.php(933): App\Controllers\Subcategory\SubcategoryController->updateSubcategory()
 5 SYSTEMPATH/CodeIgniter.php(507): CodeIgniter\CodeIgniter->runController(Object(App\Controllers\Subcategory\SubcategoryController))
 6 SYSTEMPATH/CodeIgniter.php(354): CodeIgniter\CodeIgniter->handleRequest(null, Object(Config\Cache), false)
 7 SYSTEMPATH/Boot.php(334): CodeIgniter\CodeIgniter->run()
 8 SYSTEMPATH/Boot.php(67): CodeIgniter\Boot::runCodeIgniter(Object(CodeIgniter\CodeIgniter))
 9 FCPATH/index.php(56): CodeIgniter\Boot::bootWeb(Object(Config\Paths))
CRITICAL - 2025-05-02 12:29:51 --> CodeIgniter\Database\Exceptions\DatabaseException: You must set the database table to be used with your query.
[Method: GET, Route: updateSubcategory]
in SYSTEMPATH/Database/BaseConnection.php on line 941.
 1 SYSTEMPATH/Model.php(714): CodeIgniter\Database\BaseConnection->table(null)
 2 SYSTEMPATH/Model.php(920): CodeIgniter\Model->builder()
 3 APPPATH/Controllers/Subcategory/SubcategoryController.php(39): CodeIgniter\Model->__call('getCatListForUpdateScat', [])
 4 SYSTEMPATH/CodeIgniter.php(933): App\Controllers\Subcategory\SubcategoryController->updateSubcategory()
 5 SYSTEMPATH/CodeIgniter.php(507): CodeIgniter\CodeIgniter->runController(Object(App\Controllers\Subcategory\SubcategoryController))
 6 SYSTEMPATH/CodeIgniter.php(354): CodeIgniter\CodeIgniter->handleRequest(null, Object(Config\Cache), false)
 7 SYSTEMPATH/Boot.php(334): CodeIgniter\CodeIgniter->run()
 8 SYSTEMPATH/Boot.php(67): CodeIgniter\Boot::runCodeIgniter(Object(CodeIgniter\CodeIgniter))
 9 FCPATH/index.php(56): CodeIgniter\Boot::bootWeb(Object(Config\Paths))
CRITICAL - 2025-05-02 12:32:07 --> CodeIgniter\Database\Exceptions\DatabaseException: You must set the database table to be used with your query.
[Method: GET, Route: updateSubcategory]
in SYSTEMPATH/Database/BaseConnection.php on line 941.
 1 SYSTEMPATH/Model.php(714): CodeIgniter\Database\BaseConnection->table(null)
 2 SYSTEMPATH/Model.php(920): CodeIgniter\Model->builder()
 3 APPPATH/Controllers/Subcategory/SubcategoryController.php(39): CodeIgniter\Model->__call('getCatListForUpdateScat', [])
 4 SYSTEMPATH/CodeIgniter.php(933): App\Controllers\Subcategory\SubcategoryController->updateSubcategory()
 5 SYSTEMPATH/CodeIgniter.php(507): CodeIgniter\CodeIgniter->runController(Object(App\Controllers\Subcategory\SubcategoryController))
 6 SYSTEMPATH/CodeIgniter.php(354): CodeIgniter\CodeIgniter->handleRequest(null, Object(Config\Cache), false)
 7 SYSTEMPATH/Boot.php(334): CodeIgniter\CodeIgniter->run()
 8 SYSTEMPATH/Boot.php(67): CodeIgniter\Boot::runCodeIgniter(Object(CodeIgniter\CodeIgniter))
 9 FCPATH/index.php(56): CodeIgniter\Boot::bootWeb(Object(Config\Paths))
CRITICAL - 2025-05-02 12:32:31 --> CodeIgniter\Database\Exceptions\DatabaseException: You must set the database table to be used with your query.
[Method: GET, Route: updateSubcategory]
in SYSTEMPATH/Database/BaseConnection.php on line 941.
 1 SYSTEMPATH/Model.php(714): CodeIgniter\Database\BaseConnection->table(null)
 2 SYSTEMPATH/Model.php(920): CodeIgniter\Model->builder()
 3 APPPATH/Controllers/Subcategory/SubcategoryController.php(39): CodeIgniter\Model->__call('getCatListForUpdateScat', [])
 4 SYSTEMPATH/CodeIgniter.php(933): App\Controllers\Subcategory\SubcategoryController->updateSubcategory()
 5 SYSTEMPATH/CodeIgniter.php(507): CodeIgniter\CodeIgniter->runController(Object(App\Controllers\Subcategory\SubcategoryController))
 6 SYSTEMPATH/CodeIgniter.php(354): CodeIgniter\CodeIgniter->handleRequest(null, Object(Config\Cache), false)
 7 SYSTEMPATH/Boot.php(334): CodeIgniter\CodeIgniter->run()
 8 SYSTEMPATH/Boot.php(67): CodeIgniter\Boot::runCodeIgniter(Object(CodeIgniter\CodeIgniter))
 9 FCPATH/index.php(56): CodeIgniter\Boot::bootWeb(Object(Config\Paths))
CRITICAL - 2025-05-02 12:33:14 --> CodeIgniter\Database\Exceptions\DatabaseException: You must set the database table to be used with your query.
[Method: GET, Route: updateSubcategory]
in SYSTEMPATH/Database/BaseConnection.php on line 941.
 1 SYSTEMPATH/Model.php(714): CodeIgniter\Database\BaseConnection->table(null)
 2 SYSTEMPATH/Model.php(920): CodeIgniter\Model->builder()
 3 APPPATH/Controllers/Subcategory/SubcategoryController.php(39): CodeIgniter\Model->__call('getCatListForUpdateScat', [])
 4 SYSTEMPATH/CodeIgniter.php(933): App\Controllers\Subcategory\SubcategoryController->updateSubcategory()
 5 SYSTEMPATH/CodeIgniter.php(507): CodeIgniter\CodeIgniter->runController(Object(App\Controllers\Subcategory\SubcategoryController))
 6 SYSTEMPATH/CodeIgniter.php(354): CodeIgniter\CodeIgniter->handleRequest(null, Object(Config\Cache), false)
 7 SYSTEMPATH/Boot.php(334): CodeIgniter\CodeIgniter->run()
 8 SYSTEMPATH/Boot.php(67): CodeIgniter\Boot::runCodeIgniter(Object(CodeIgniter\CodeIgniter))
 9 FCPATH/index.php(56): CodeIgniter\Boot::bootWeb(Object(Config\Paths))
CRITICAL - 2025-05-02 12:38:26 --> ErrorException: Undefined variable $list
[Method: POST, Route: updateSubcategoryPro]
in APPPATH/Controllers/Subcategory/SubcategoryController.php on line 157.
 1 APPPATH/Controllers/Subcategory/SubcategoryController.php(157): CodeIgniter\Debug\Exceptions->errorHandler(2, 'Undefined variable $list', '/home/sitsolutionsco/public_html/sks.sitsolutions.co.in/app/Controllers/Subcategory/SubcategoryController.php', 157)
 2 SYSTEMPATH/CodeIgniter.php(933): App\Controllers\Subcategory\SubcategoryController->updateSubcategoryPro()
 3 SYSTEMPATH/CodeIgniter.php(507): CodeIgniter\CodeIgniter->runController(Object(App\Controllers\Subcategory\SubcategoryController))
 4 SYSTEMPATH/CodeIgniter.php(354): CodeIgniter\CodeIgniter->handleRequest(null, Object(Config\Cache), false)
 5 SYSTEMPATH/Boot.php(334): CodeIgniter\CodeIgniter->run()
 6 SYSTEMPATH/Boot.php(67): CodeIgniter\Boot::runCodeIgniter(Object(CodeIgniter\CodeIgniter))
 7 FCPATH/index.php(56): CodeIgniter\Boot::bootWeb(Object(Config\Paths))
CRITICAL - 2025-05-02 12:39:12 --> ErrorException: Undefined variable $categoryD
[Method: POST, Route: updateSubcategoryPro]
in APPPATH/Controllers/Subcategory/SubcategoryController.php on line 157.
 1 APPPATH/Controllers/Subcategory/SubcategoryController.php(157): CodeIgniter\Debug\Exceptions->errorHandler(2, 'Undefined variable $categoryD', '/home/sitsolutionsco/public_html/sks.sitsolutions.co.in/app/Controllers/Subcategory/SubcategoryController.php', 157)
 2 SYSTEMPATH/CodeIgniter.php(933): App\Controllers\Subcategory\SubcategoryController->updateSubcategoryPro()
 3 SYSTEMPATH/CodeIgniter.php(507): CodeIgniter\CodeIgniter->runController(Object(App\Controllers\Subcategory\SubcategoryController))
 4 SYSTEMPATH/CodeIgniter.php(354): CodeIgniter\CodeIgniter->handleRequest(null, Object(Config\Cache), false)
 5 SYSTEMPATH/Boot.php(334): CodeIgniter\CodeIgniter->run()
 6 SYSTEMPATH/Boot.php(67): CodeIgniter\Boot::runCodeIgniter(Object(CodeIgniter\CodeIgniter))
 7 FCPATH/index.php(56): CodeIgniter\Boot::bootWeb(Object(Config\Paths))
CRITICAL - 2025-05-02 12:52:43 --> ErrorException: Trying to access array offset on value of type null
[Method: GET, Route: unitList]
in APPPATH/Views/Unit/unitList.php on line 69.
 1 APPPATH/Views/Unit/unitList.php(69): CodeIgniter\Debug\Exceptions->errorHandler(2, 'Trying to access array offset on value of type null', '/home/sitsolutionsco/public_html/sks.sitsolutions.co.in/app/Views/Unit/unitList.php', 69)
 2 SYSTEMPATH/View/View.php(224): include('/home/sitsolutionsco/public_html/sks.sitsolutions.co.in/app/Views/Unit/unitList.php')
 3 SYSTEMPATH/View/View.php(227): CodeIgniter\View\View->CodeIgniter\View\{closure}()
 4 SYSTEMPATH/Common.php(1173): CodeIgniter\View\View->render('Unit/unitList', [], true)
 5 APPPATH/Controllers/Unit/UnitController.php(23): view('Unit/unitList', [...])
 6 SYSTEMPATH/CodeIgniter.php(933): App\Controllers\Unit\UnitController->unitList()
 7 SYSTEMPATH/CodeIgniter.php(507): CodeIgniter\CodeIgniter->runController(Object(App\Controllers\Unit\UnitController))
 8 SYSTEMPATH/CodeIgniter.php(354): CodeIgniter\CodeIgniter->handleRequest(null, Object(Config\Cache), false)
 9 SYSTEMPATH/Boot.php(334): CodeIgniter\CodeIgniter->run()
10 SYSTEMPATH/Boot.php(67): CodeIgniter\Boot::runCodeIgniter(Object(CodeIgniter\CodeIgniter))
11 FCPATH/index.php(56): CodeIgniter\Boot::bootWeb(Object(Config\Paths))
CRITICAL - 2025-05-02 12:53:19 --> ErrorException: Undefined property: App\Controllers\Unit\UnitController::$CategoryModel
[Method: GET, Route: addUnit]
in APPPATH/Controllers/Unit/UnitController.php on line 28.
 1 APPPATH/Controllers/Unit/UnitController.php(28): CodeIgniter\Debug\Exceptions->errorHandler(2, 'Undefined property: App\\Controllers\\Unit\\UnitController::$CategoryModel', '/home/sitsolutionsco/public_html/sks.sitsolutions.co.in/app/Controllers/Unit/UnitController.php', 28)
 2 SYSTEMPATH/CodeIgniter.php(933): App\Controllers\Unit\UnitController->addUnit()
 3 SYSTEMPATH/CodeIgniter.php(507): CodeIgniter\CodeIgniter->runController(Object(App\Controllers\Unit\UnitController))
 4 SYSTEMPATH/CodeIgniter.php(354): CodeIgniter\CodeIgniter->handleRequest(null, Object(Config\Cache), false)
 5 SYSTEMPATH/Boot.php(334): CodeIgniter\CodeIgniter->run()
 6 SYSTEMPATH/Boot.php(67): CodeIgniter\Boot::runCodeIgniter(Object(CodeIgniter\CodeIgniter))
 7 FCPATH/index.php(56): CodeIgniter\Boot::bootWeb(Object(Config\Paths))
CRITICAL - 2025-05-02 12:58:06 --> ErrorException: Undefined variable $categoryD
[Method: POST, Route: updateUnitPro]
in APPPATH/Views/Unit/updateUnit.php on line 45.
 1 APPPATH/Views/Unit/updateUnit.php(45): CodeIgniter\Debug\Exceptions->errorHandler(2, 'Undefined variable $categoryD', '/home/sitsolutionsco/public_html/sks.sitsolutions.co.in/app/Views/Unit/updateUnit.php', 45)
 2 SYSTEMPATH/View/View.php(224): include('/home/sitsolutionsco/public_html/sks.sitsolutions.co.in/app/Views/Unit/updateUnit.php')
 3 SYSTEMPATH/View/View.php(227): CodeIgniter\View\View->CodeIgniter\View\{closure}()
 4 SYSTEMPATH/Common.php(1173): CodeIgniter\View\View->render('Unit/updateUnit', [], true)
 5 APPPATH/Controllers/Unit/UnitController.php(139): view('Unit/updateUnit', [...])
 6 SYSTEMPATH/CodeIgniter.php(933): App\Controllers\Unit\UnitController->updateUnitPro()
 7 SYSTEMPATH/CodeIgniter.php(507): CodeIgniter\CodeIgniter->runController(Object(App\Controllers\Unit\UnitController))
 8 SYSTEMPATH/CodeIgniter.php(354): CodeIgniter\CodeIgniter->handleRequest(null, Object(Config\Cache), false)
 9 SYSTEMPATH/Boot.php(334): CodeIgniter\CodeIgniter->run()
10 SYSTEMPATH/Boot.php(67): CodeIgniter\Boot::runCodeIgniter(Object(CodeIgniter\CodeIgniter))
11 FCPATH/index.php(56): CodeIgniter\Boot::bootWeb(Object(Config\Paths))
CRITICAL - 2025-05-02 12:59:52 --> ErrorException: Undefined variable $categoryD
[Method: POST, Route: updateSubcategoryPro]
in APPPATH/Views/Subcategory/updateSubcategory.php on line 45.
 1 APPPATH/Views/Subcategory/updateSubcategory.php(45): CodeIgniter\Debug\Exceptions->errorHandler(2, 'Undefined variable $categoryD', '/home/sitsolutionsco/public_html/sks.sitsolutions.co.in/app/Views/Subcategory/updateSubcategory.php', 45)
 2 SYSTEMPATH/View/View.php(224): include('/home/sitsolutionsco/public_html/sks.sitsolutions.co.in/app/Views/Subcategory/updateSubcategory.php')
 3 SYSTEMPATH/View/View.php(227): CodeIgniter\View\View->CodeIgniter\View\{closure}()
 4 SYSTEMPATH/Common.php(1173): CodeIgniter\View\View->render('Subcategory/updateSubcategory', [], true)
 5 APPPATH/Controllers/Subcategory/SubcategoryController.php(141): view('Subcategory/updateSubcategory', [...])
 6 SYSTEMPATH/CodeIgniter.php(933): App\Controllers\Subcategory\SubcategoryController->updateSubcategoryPro()
 7 SYSTEMPATH/CodeIgniter.php(507): CodeIgniter\CodeIgniter->runController(Object(App\Controllers\Subcategory\SubcategoryController))
 8 SYSTEMPATH/CodeIgniter.php(354): CodeIgniter\CodeIgniter->handleRequest(null, Object(Config\Cache), false)
 9 SYSTEMPATH/Boot.php(334): CodeIgniter\CodeIgniter->run()
10 SYSTEMPATH/Boot.php(67): CodeIgniter\Boot::runCodeIgniter(Object(CodeIgniter\CodeIgniter))
11 FCPATH/index.php(56): CodeIgniter\Boot::bootWeb(Object(Config\Paths))
