CRITICAL - 2025-05-07 04:35:33 --> CodeIgniter\HTTP\Exceptions\HTTPException: Failed to parse JSON string. Error: Syntax error
[Method: POST, Route: do_register]
in SYSTEMPATH/HTTP/IncomingRequest.php on line 537.
 1 SYSTEMPATH/HTTP/IncomingRequest.php(537): CodeIgniter\HTTP\Exceptions\HTTPException::forInvalidJSON('Syntax error')
 2 SYSTEMPATH/Validation/Validation.php(510): CodeIgniter\HTTP\IncomingRequest->getJSON(true)
 3 SYSTEMPATH/Controller.php(138): CodeIgniter\Validation\Validation->withRequest(Object(CodeIgniter\HTTP\IncomingRequest))
 4 APPPATH/Controllers/API/Register.php(87): CodeIgniter\Controller->validate([...], [...])
 5 SYSTEMPATH/CodeIgniter.php(933): App\Controllers\API\Register->do_register()
 6 SYSTEMPATH/CodeIgniter.php(507): CodeIgniter\CodeIgniter->runController(Object(App\Controllers\API\Register))
 7 SYSTEMPATH/CodeIgniter.php(354): CodeIgniter\CodeIgniter->handleRequest(null, Object(Config\Cache), false)
 8 SYSTEMPATH/Boot.php(334): CodeIgniter\CodeIgniter->run()
 9 SYSTEMPATH/Boot.php(67): CodeIgniter\Boot::runCodeIgniter(Object(CodeIgniter\CodeIgniter))
10 FCPATH/index.php(56): CodeIgniter\Boot::bootWeb(Object(Config\Paths))
CRITICAL - 2025-05-07 04:37:06 --> CodeIgniter\HTTP\Exceptions\HTTPException: Failed to parse JSON string. Error: Syntax error
[Method: POST, Route: do_register]
in SYSTEMPATH/HTTP/IncomingRequest.php on line 537.
 1 SYSTEMPATH/HTTP/IncomingRequest.php(537): CodeIgniter\HTTP\Exceptions\HTTPException::forInvalidJSON('Syntax error')
 2 SYSTEMPATH/Validation/Validation.php(510): CodeIgniter\HTTP\IncomingRequest->getJSON(true)
 3 SYSTEMPATH/Controller.php(138): CodeIgniter\Validation\Validation->withRequest(Object(CodeIgniter\HTTP\IncomingRequest))
 4 APPPATH/Controllers/API/Register.php(73): CodeIgniter\Controller->validate([...], [...])
 5 SYSTEMPATH/CodeIgniter.php(933): App\Controllers\API\Register->do_register()
 6 SYSTEMPATH/CodeIgniter.php(507): CodeIgniter\CodeIgniter->runController(Object(App\Controllers\API\Register))
 7 SYSTEMPATH/CodeIgniter.php(354): CodeIgniter\CodeIgniter->handleRequest(null, Object(Config\Cache), false)
 8 SYSTEMPATH/Boot.php(334): CodeIgniter\CodeIgniter->run()
 9 SYSTEMPATH/Boot.php(67): CodeIgniter\Boot::runCodeIgniter(Object(CodeIgniter\CodeIgniter))
10 FCPATH/index.php(56): CodeIgniter\Boot::bootWeb(Object(Config\Paths))
CRITICAL - 2025-05-07 04:37:14 --> CodeIgniter\HTTP\Exceptions\HTTPException: Failed to parse JSON string. Error: Syntax error
[Method: POST, Route: do_register]
in SYSTEMPATH/HTTP/IncomingRequest.php on line 537.
 1 SYSTEMPATH/HTTP/IncomingRequest.php(537): CodeIgniter\HTTP\Exceptions\HTTPException::forInvalidJSON('Syntax error')
 2 SYSTEMPATH/Validation/Validation.php(510): CodeIgniter\HTTP\IncomingRequest->getJSON(true)
 3 SYSTEMPATH/Controller.php(138): CodeIgniter\Validation\Validation->withRequest(Object(CodeIgniter\HTTP\IncomingRequest))
 4 APPPATH/Controllers/API/Register.php(73): CodeIgniter\Controller->validate([...], [...])
 5 SYSTEMPATH/CodeIgniter.php(933): App\Controllers\API\Register->do_register()
 6 SYSTEMPATH/CodeIgniter.php(507): CodeIgniter\CodeIgniter->runController(Object(App\Controllers\API\Register))
 7 SYSTEMPATH/CodeIgniter.php(354): CodeIgniter\CodeIgniter->handleRequest(null, Object(Config\Cache), false)
 8 SYSTEMPATH/Boot.php(334): CodeIgniter\CodeIgniter->run()
 9 SYSTEMPATH/Boot.php(67): CodeIgniter\Boot::runCodeIgniter(Object(CodeIgniter\CodeIgniter))
10 FCPATH/index.php(56): CodeIgniter\Boot::bootWeb(Object(Config\Paths))
CRITICAL - 2025-05-07 04:37:44 --> CodeIgniter\HTTP\Exceptions\HTTPException: Failed to parse JSON string. Error: Syntax error
[Method: POST, Route: do_register]
in SYSTEMPATH/HTTP/IncomingRequest.php on line 537.
 1 SYSTEMPATH/HTTP/IncomingRequest.php(537): CodeIgniter\HTTP\Exceptions\HTTPException::forInvalidJSON('Syntax error')
 2 SYSTEMPATH/Validation/Validation.php(510): CodeIgniter\HTTP\IncomingRequest->getJSON(true)
 3 SYSTEMPATH/Controller.php(138): CodeIgniter\Validation\Validation->withRequest(Object(CodeIgniter\HTTP\IncomingRequest))
 4 APPPATH/Controllers/API/Register.php(72): CodeIgniter\Controller->validate([...], [...])
 5 SYSTEMPATH/CodeIgniter.php(933): App\Controllers\API\Register->do_register()
 6 SYSTEMPATH/CodeIgniter.php(507): CodeIgniter\CodeIgniter->runController(Object(App\Controllers\API\Register))
 7 SYSTEMPATH/CodeIgniter.php(354): CodeIgniter\CodeIgniter->handleRequest(null, Object(Config\Cache), false)
 8 SYSTEMPATH/Boot.php(334): CodeIgniter\CodeIgniter->run()
 9 SYSTEMPATH/Boot.php(67): CodeIgniter\Boot::runCodeIgniter(Object(CodeIgniter\CodeIgniter))
10 FCPATH/index.php(56): CodeIgniter\Boot::bootWeb(Object(Config\Paths))
CRITICAL - 2025-05-07 04:37:46 --> CodeIgniter\HTTP\Exceptions\HTTPException: Failed to parse JSON string. Error: Syntax error
[Method: POST, Route: do_register]
in SYSTEMPATH/HTTP/IncomingRequest.php on line 537.
 1 SYSTEMPATH/HTTP/IncomingRequest.php(537): CodeIgniter\HTTP\Exceptions\HTTPException::forInvalidJSON('Syntax error')
 2 SYSTEMPATH/Validation/Validation.php(510): CodeIgniter\HTTP\IncomingRequest->getJSON(true)
 3 SYSTEMPATH/Controller.php(138): CodeIgniter\Validation\Validation->withRequest(Object(CodeIgniter\HTTP\IncomingRequest))
 4 APPPATH/Controllers/API/Register.php(72): CodeIgniter\Controller->validate([...], [...])
 5 SYSTEMPATH/CodeIgniter.php(933): App\Controllers\API\Register->do_register()
 6 SYSTEMPATH/CodeIgniter.php(507): CodeIgniter\CodeIgniter->runController(Object(App\Controllers\API\Register))
 7 SYSTEMPATH/CodeIgniter.php(354): CodeIgniter\CodeIgniter->handleRequest(null, Object(Config\Cache), false)
 8 SYSTEMPATH/Boot.php(334): CodeIgniter\CodeIgniter->run()
 9 SYSTEMPATH/Boot.php(67): CodeIgniter\Boot::runCodeIgniter(Object(CodeIgniter\CodeIgniter))
10 FCPATH/index.php(56): CodeIgniter\Boot::bootWeb(Object(Config\Paths))
CRITICAL - 2025-05-07 04:42:15 --> CodeIgniter\HTTP\Exceptions\HTTPException: Failed to parse JSON string. Error: Syntax error
[Method: POST, Route: do_register]
in SYSTEMPATH/HTTP/IncomingRequest.php on line 537.
 1 SYSTEMPATH/HTTP/IncomingRequest.php(537): CodeIgniter\HTTP\Exceptions\HTTPException::forInvalidJSON('Syntax error')
 2 SYSTEMPATH/Validation/Validation.php(510): CodeIgniter\HTTP\IncomingRequest->getJSON(true)
 3 SYSTEMPATH/Controller.php(138): CodeIgniter\Validation\Validation->withRequest(Object(CodeIgniter\HTTP\IncomingRequest))
 4 APPPATH/Controllers/API/Register.php(72): CodeIgniter\Controller->validate([...], [...])
 5 SYSTEMPATH/CodeIgniter.php(933): App\Controllers\API\Register->do_register()
 6 SYSTEMPATH/CodeIgniter.php(507): CodeIgniter\CodeIgniter->runController(Object(App\Controllers\API\Register))
 7 SYSTEMPATH/CodeIgniter.php(354): CodeIgniter\CodeIgniter->handleRequest(null, Object(Config\Cache), false)
 8 SYSTEMPATH/Boot.php(334): CodeIgniter\CodeIgniter->run()
 9 SYSTEMPATH/Boot.php(67): CodeIgniter\Boot::runCodeIgniter(Object(CodeIgniter\CodeIgniter))
10 FCPATH/index.php(56): CodeIgniter\Boot::bootWeb(Object(Config\Paths))
CRITICAL - 2025-05-07 04:45:02 --> CodeIgniter\HTTP\Exceptions\HTTPException: Failed to parse JSON string. Error: Syntax error
[Method: POST, Route: do_register]
in SYSTEMPATH/HTTP/IncomingRequest.php on line 537.
 1 SYSTEMPATH/HTTP/IncomingRequest.php(537): CodeIgniter\HTTP\Exceptions\HTTPException::forInvalidJSON('Syntax error')
 2 SYSTEMPATH/Validation/Validation.php(510): CodeIgniter\HTTP\IncomingRequest->getJSON(true)
 3 SYSTEMPATH/Controller.php(138): CodeIgniter\Validation\Validation->withRequest(Object(CodeIgniter\HTTP\IncomingRequest))
 4 APPPATH/Controllers/API/Register.php(72): CodeIgniter\Controller->validate([...], [...])
 5 SYSTEMPATH/CodeIgniter.php(933): App\Controllers\API\Register->do_register()
 6 SYSTEMPATH/CodeIgniter.php(507): CodeIgniter\CodeIgniter->runController(Object(App\Controllers\API\Register))
 7 SYSTEMPATH/CodeIgniter.php(354): CodeIgniter\CodeIgniter->handleRequest(null, Object(Config\Cache), false)
 8 SYSTEMPATH/Boot.php(334): CodeIgniter\CodeIgniter->run()
 9 SYSTEMPATH/Boot.php(67): CodeIgniter\Boot::runCodeIgniter(Object(CodeIgniter\CodeIgniter))
10 FCPATH/index.php(56): CodeIgniter\Boot::bootWeb(Object(Config\Paths))
CRITICAL - 2025-05-07 06:14:35 --> CodeIgniter\Database\Exceptions\DatabaseException: You must set the database table to be used with your query.
[Method: GET, Route: category_list]
in SYSTEMPATH/Database/BaseConnection.php on line 941.
 1 SYSTEMPATH/Model.php(714): CodeIgniter\Database\BaseConnection->table(null)
 2 SYSTEMPATH/Model.php(920): CodeIgniter\Model->builder()
 3 APPPATH/Controllers/API/Category.php(18): CodeIgniter\Model->__call('getCateegoryList', [...])
 4 SYSTEMPATH/CodeIgniter.php(933): App\Controllers\API\Category->category_list()
 5 SYSTEMPATH/CodeIgniter.php(507): CodeIgniter\CodeIgniter->runController(Object(App\Controllers\API\Category))
 6 SYSTEMPATH/CodeIgniter.php(354): CodeIgniter\CodeIgniter->handleRequest(null, Object(Config\Cache), false)
 7 SYSTEMPATH/Boot.php(334): CodeIgniter\CodeIgniter->run()
 8 SYSTEMPATH/Boot.php(67): CodeIgniter\Boot::runCodeIgniter(Object(CodeIgniter\CodeIgniter))
 9 FCPATH/index.php(56): CodeIgniter\Boot::bootWeb(Object(Config\Paths))
CRITICAL - 2025-05-07 06:31:44 --> Error: Class "App\Models\SubcategoryModel\SubcategoryModel" not found
[Method: GET, Route: subcategory_list]
in APPPATH/Controllers/API/Subcategory.php on line 12.
 1 SYSTEMPATH/CodeIgniter.php(903): App\Controllers\API\Subcategory->__construct()
 2 SYSTEMPATH/CodeIgniter.php(498): CodeIgniter\CodeIgniter->createController()
 3 SYSTEMPATH/CodeIgniter.php(354): CodeIgniter\CodeIgniter->handleRequest(null, Object(Config\Cache), false)
 4 SYSTEMPATH/Boot.php(334): CodeIgniter\CodeIgniter->run()
 5 SYSTEMPATH/Boot.php(67): CodeIgniter\Boot::runCodeIgniter(Object(CodeIgniter\CodeIgniter))
 6 FCPATH/index.php(56): CodeIgniter\Boot::bootWeb(Object(Config\Paths))
CRITICAL - 2025-05-07 06:32:12 --> Error: Class "App\Models\SubcategoryModel\SubcategoryModel" not found
[Method: GET, Route: subcategory_list]
in APPPATH/Controllers/API/Subcategory.php on line 12.
 1 SYSTEMPATH/CodeIgniter.php(903): App\Controllers\API\Subcategory->__construct()
 2 SYSTEMPATH/CodeIgniter.php(498): CodeIgniter\CodeIgniter->createController()
 3 SYSTEMPATH/CodeIgniter.php(354): CodeIgniter\CodeIgniter->handleRequest(null, Object(Config\Cache), false)
 4 SYSTEMPATH/Boot.php(334): CodeIgniter\CodeIgniter->run()
 5 SYSTEMPATH/Boot.php(67): CodeIgniter\Boot::runCodeIgniter(Object(CodeIgniter\CodeIgniter))
 6 FCPATH/index.php(56): CodeIgniter\Boot::bootWeb(Object(Config\Paths))
CRITICAL - 2025-05-07 06:38:35 --> ParseError: Unmatched '}'
[Method: GET, Route: subcategoryList]
in APPPATH/Views/Subcategory/subcategoryList.php on line 94.
 1 SYSTEMPATH/View/View.php(227): CodeIgniter\View\View->CodeIgniter\View\{closure}()
 2 SYSTEMPATH/Common.php(1173): CodeIgniter\View\View->render('Subcategory/subcategoryList', [], true)
 3 APPPATH/Controllers/Subcategory/SubcategoryController.php(25): view('Subcategory/subcategoryList', [...])
 4 SYSTEMPATH/CodeIgniter.php(933): App\Controllers\Subcategory\SubcategoryController->subcategoryList()
 5 SYSTEMPATH/CodeIgniter.php(507): CodeIgniter\CodeIgniter->runController(Object(App\Controllers\Subcategory\SubcategoryController))
 6 SYSTEMPATH/CodeIgniter.php(354): CodeIgniter\CodeIgniter->handleRequest(null, Object(Config\Cache), false)
 7 SYSTEMPATH/Boot.php(334): CodeIgniter\CodeIgniter->run()
 8 SYSTEMPATH/Boot.php(67): CodeIgniter\Boot::runCodeIgniter(Object(CodeIgniter\CodeIgniter))
 9 FCPATH/index.php(56): CodeIgniter\Boot::bootWeb(Object(Config\Paths))
CRITICAL - 2025-05-07 06:47:07 --> ErrorException: Undefined array key "image"
[Method: POST, Route: addSubcategoryPro]
in APPPATH/Controllers/Subcategory/SubcategoryController.php on line 89.
 1 APPPATH/Controllers/Subcategory/SubcategoryController.php(89): CodeIgniter\Debug\Exceptions->errorHandler(2, 'Undefined array key "image"', '/home/sitsolutionsco/public_html/sks.sitsolutions.co.in/app/Controllers/Subcategory/SubcategoryController.php', 89)
 2 SYSTEMPATH/CodeIgniter.php(933): App\Controllers\Subcategory\SubcategoryController->addSubcategoryPro()
 3 SYSTEMPATH/CodeIgniter.php(507): CodeIgniter\CodeIgniter->runController(Object(App\Controllers\Subcategory\SubcategoryController))
 4 SYSTEMPATH/CodeIgniter.php(354): CodeIgniter\CodeIgniter->handleRequest(null, Object(Config\Cache), false)
 5 SYSTEMPATH/Boot.php(334): CodeIgniter\CodeIgniter->run()
 6 SYSTEMPATH/Boot.php(67): CodeIgniter\Boot::runCodeIgniter(Object(CodeIgniter\CodeIgniter))
 7 FCPATH/index.php(56): CodeIgniter\Boot::bootWeb(Object(Config\Paths))
CRITICAL - 2025-05-07 06:55:22 --> ErrorException: Undefined variable $subCategoryData
[Method: GET, Route: subcategory_list]
in APPPATH/Controllers/API/Subcategory.php on line 23.
 1 APPPATH/Controllers/API/Subcategory.php(23): CodeIgniter\Debug\Exceptions->errorHandler(2, 'Undefined variable $subCategoryData', '/home/sitsolutionsco/public_html/sks.sitsolutions.co.in/app/Controllers/API/Subcategory.php', 23)
 2 SYSTEMPATH/CodeIgniter.php(933): App\Controllers\API\Subcategory->subcategory_list()
 3 SYSTEMPATH/CodeIgniter.php(507): CodeIgniter\CodeIgniter->runController(Object(App\Controllers\API\Subcategory))
 4 SYSTEMPATH/CodeIgniter.php(354): CodeIgniter\CodeIgniter->handleRequest(null, Object(Config\Cache), false)
 5 SYSTEMPATH/Boot.php(334): CodeIgniter\CodeIgniter->run()
 6 SYSTEMPATH/Boot.php(67): CodeIgniter\Boot::runCodeIgniter(Object(CodeIgniter\CodeIgniter))
 7 FCPATH/index.php(56): CodeIgniter\Boot::bootWeb(Object(Config\Paths))
ERROR - 2025-05-07 07:15:24 --> mysqli_sql_exception: You have an error in your SQL syntax; check the manual that corresponds to your MySQL server version for the right syntax to use near 'WHERE isdeleted = 0' at line 1 in /home/sitsolutionsco/public_html/sks.sitsolutions.co.in/system/Database/MySQLi/Connection.php:327
Stack trace:
#0 /home/sitsolutionsco/public_html/sks.sitsolutions.co.in/system/Database/MySQLi/Connection.php(327): mysqli->query('SELECT * FROM t...', 0)
#1 /home/sitsolutionsco/public_html/sks.sitsolutions.co.in/system/Database/BaseConnection.php(738): CodeIgniter\Database\MySQLi\Connection->execute('SELECT * FROM t...')
#2 /home/sitsolutionsco/public_html/sks.sitsolutions.co.in/system/Database/BaseConnection.php(652): CodeIgniter\Database\BaseConnection->simpleQuery('SELECT * FROM t...')
#3 /home/sitsolutionsco/public_html/sks.sitsolutions.co.in/app/Models/Subcategory/SubcategoryModel.php(24): CodeIgniter\Database\BaseConnection->query('SELECT * FROM t...')
#4 /home/sitsolutionsco/public_html/sks.sitsolutions.co.in/app/Controllers/API/Subcategory.php(23): App\Models\Subcategory\SubcategoryModel->getSubcatByCatId(5)
#5 /home/sitsolutionsco/public_html/sks.sitsolutions.co.in/system/CodeIgniter.php(933): App\Controllers\API\Subcategory->subcategory_list()
#6 /home/sitsolutionsco/public_html/sks.sitsolutions.co.in/system/CodeIgniter.php(507): CodeIgniter\CodeIgniter->runController(Object(App\Controllers\API\Subcategory))
#7 /home/sitsolutionsco/public_html/sks.sitsolutions.co.in/system/CodeIgniter.php(354): CodeIgniter\CodeIgniter->handleRequest(NULL, Object(Config\Cache), false)
#8 /home/sitsolutionsco/public_html/sks.sitsolutions.co.in/system/Boot.php(334): CodeIgniter\CodeIgniter->run()
#9 /home/sitsolutionsco/public_html/sks.sitsolutions.co.in/system/Boot.php(67): CodeIgniter\Boot::runCodeIgniter(Object(CodeIgniter\CodeIgniter))
#10 /home/sitsolutionsco/public_html/sks.sitsolutions.co.in/index.php(56): CodeIgniter\Boot::bootWeb(Object(Config\Paths))
#11 {main}
CRITICAL - 2025-05-07 07:15:24 --> CodeIgniter\Database\Exceptions\DatabaseException: You have an error in your SQL syntax; check the manual that corresponds to your MySQL server version for the right syntax to use near 'WHERE isdeleted = 0' at line 1
[Method: POST, Route: subcategory_list]
in SYSTEMPATH/Database/BaseConnection.php on line 692.
 1 APPPATH/Models/Subcategory/SubcategoryModel.php(24): CodeIgniter\Database\BaseConnection->query('SELECT * FROM tbl_subcategory WHERE cat_id = 5 WHERE isdeleted = 0')
 2 APPPATH/Controllers/API/Subcategory.php(23): App\Models\Subcategory\SubcategoryModel->getSubcatByCatId(5)
 3 SYSTEMPATH/CodeIgniter.php(933): App\Controllers\API\Subcategory->subcategory_list()
 4 SYSTEMPATH/CodeIgniter.php(507): CodeIgniter\CodeIgniter->runController(Object(App\Controllers\API\Subcategory))
 5 SYSTEMPATH/CodeIgniter.php(354): CodeIgniter\CodeIgniter->handleRequest(null, Object(Config\Cache), false)
 6 SYSTEMPATH/Boot.php(334): CodeIgniter\CodeIgniter->run()
 7 SYSTEMPATH/Boot.php(67): CodeIgniter\Boot::runCodeIgniter(Object(CodeIgniter\CodeIgniter))
 8 FCPATH/index.php(56): CodeIgniter\Boot::bootWeb(Object(Config\Paths))
CRITICAL - 2025-05-07 07:15:24 --> [Caused by] CodeIgniter\Database\Exceptions\DatabaseException: You have an error in your SQL syntax; check the manual that corresponds to your MySQL server version for the right syntax to use near 'WHERE isdeleted = 0' at line 1
in SYSTEMPATH/Database/MySQLi/Connection.php on line 332.
 1 SYSTEMPATH/Database/BaseConnection.php(738): CodeIgniter\Database\MySQLi\Connection->execute('SELECT * FROM tbl_subcategory WHERE cat_id = 5 WHERE isdeleted = 0')
 2 SYSTEMPATH/Database/BaseConnection.php(652): CodeIgniter\Database\BaseConnection->simpleQuery('SELECT * FROM tbl_subcategory WHERE cat_id = 5 WHERE isdeleted = 0')
 3 APPPATH/Models/Subcategory/SubcategoryModel.php(24): CodeIgniter\Database\BaseConnection->query('SELECT * FROM tbl_subcategory WHERE cat_id = 5 WHERE isdeleted = 0')
 4 APPPATH/Controllers/API/Subcategory.php(23): App\Models\Subcategory\SubcategoryModel->getSubcatByCatId(5)
 5 SYSTEMPATH/CodeIgniter.php(933): App\Controllers\API\Subcategory->subcategory_list()
 6 SYSTEMPATH/CodeIgniter.php(507): CodeIgniter\CodeIgniter->runController(Object(App\Controllers\API\Subcategory))
 7 SYSTEMPATH/CodeIgniter.php(354): CodeIgniter\CodeIgniter->handleRequest(null, Object(Config\Cache), false)
 8 SYSTEMPATH/Boot.php(334): CodeIgniter\CodeIgniter->run()
 9 SYSTEMPATH/Boot.php(67): CodeIgniter\Boot::runCodeIgniter(Object(CodeIgniter\CodeIgniter))
10 FCPATH/index.php(56): CodeIgniter\Boot::bootWeb(Object(Config\Paths))
CRITICAL - 2025-05-07 07:15:24 --> [Caused by] mysqli_sql_exception: You have an error in your SQL syntax; check the manual that corresponds to your MySQL server version for the right syntax to use near 'WHERE isdeleted = 0' at line 1
in SYSTEMPATH/Database/MySQLi/Connection.php on line 327.
 1 SYSTEMPATH/Database/MySQLi/Connection.php(327): mysqli->query('SELECT * FROM tbl_subcategory WHERE cat_id = 5 WHERE isdeleted = 0', 0)
 2 SYSTEMPATH/Database/BaseConnection.php(738): CodeIgniter\Database\MySQLi\Connection->execute('SELECT * FROM tbl_subcategory WHERE cat_id = 5 WHERE isdeleted = 0')
 3 SYSTEMPATH/Database/BaseConnection.php(652): CodeIgniter\Database\BaseConnection->simpleQuery('SELECT * FROM tbl_subcategory WHERE cat_id = 5 WHERE isdeleted = 0')
 4 APPPATH/Models/Subcategory/SubcategoryModel.php(24): CodeIgniter\Database\BaseConnection->query('SELECT * FROM tbl_subcategory WHERE cat_id = 5 WHERE isdeleted = 0')
 5 APPPATH/Controllers/API/Subcategory.php(23): App\Models\Subcategory\SubcategoryModel->getSubcatByCatId(5)
 6 SYSTEMPATH/CodeIgniter.php(933): App\Controllers\API\Subcategory->subcategory_list()
 7 SYSTEMPATH/CodeIgniter.php(507): CodeIgniter\CodeIgniter->runController(Object(App\Controllers\API\Subcategory))
 8 SYSTEMPATH/CodeIgniter.php(354): CodeIgniter\CodeIgniter->handleRequest(null, Object(Config\Cache), false)
 9 SYSTEMPATH/Boot.php(334): CodeIgniter\CodeIgniter->run()
10 SYSTEMPATH/Boot.php(67): CodeIgniter\Boot::runCodeIgniter(Object(CodeIgniter\CodeIgniter))
11 FCPATH/index.php(56): CodeIgniter\Boot::bootWeb(Object(Config\Paths))
CRITICAL - 2025-05-07 07:20:43 --> ErrorException: Undefined variable $subCategoryData
[Method: GET, Route: attribute_list]
in APPPATH/Controllers/API/Attribute.php on line 29.
 1 APPPATH/Controllers/API/Attribute.php(29): CodeIgniter\Debug\Exceptions->errorHandler(2, 'Undefined variable $subCategoryData', '/home/sitsolutionsco/public_html/sks.sitsolutions.co.in/app/Controllers/API/Attribute.php', 29)
 2 SYSTEMPATH/CodeIgniter.php(933): App\Controllers\API\Attribute->attribute_list()
 3 SYSTEMPATH/CodeIgniter.php(507): CodeIgniter\CodeIgniter->runController(Object(App\Controllers\API\Attribute))
 4 SYSTEMPATH/CodeIgniter.php(354): CodeIgniter\CodeIgniter->handleRequest(null, Object(Config\Cache), false)
 5 SYSTEMPATH/Boot.php(334): CodeIgniter\CodeIgniter->run()
 6 SYSTEMPATH/Boot.php(67): CodeIgniter\Boot::runCodeIgniter(Object(CodeIgniter\CodeIgniter))
 7 FCPATH/index.php(56): CodeIgniter\Boot::bootWeb(Object(Config\Paths))
CRITICAL - 2025-05-07 09:15:19 --> ParseError: Unclosed '{' on line 62
[Method: GET, Route: bannerList]
in APPPATH/Views/Banner/bannerList.php on line 120.
 1 SYSTEMPATH/View/View.php(227): CodeIgniter\View\View->CodeIgniter\View\{closure}()
 2 SYSTEMPATH/Common.php(1173): CodeIgniter\View\View->render('Banner/bannerList', [], true)
 3 APPPATH/Controllers/Banner/BannerController.php(23): view('Banner/bannerList', [...])
 4 SYSTEMPATH/CodeIgniter.php(933): App\Controllers\Banner\BannerController->bannerList()
 5 SYSTEMPATH/CodeIgniter.php(507): CodeIgniter\CodeIgniter->runController(Object(App\Controllers\Banner\BannerController))
 6 SYSTEMPATH/CodeIgniter.php(354): CodeIgniter\CodeIgniter->handleRequest(null, Object(Config\Cache), false)
 7 SYSTEMPATH/Boot.php(334): CodeIgniter\CodeIgniter->run()
 8 SYSTEMPATH/Boot.php(67): CodeIgniter\Boot::runCodeIgniter(Object(CodeIgniter\CodeIgniter))
 9 FCPATH/index.php(56): CodeIgniter\Boot::bootWeb(Object(Config\Paths))
CRITICAL - 2025-05-07 09:15:21 --> ParseError: Unclosed '{' on line 62
[Method: GET, Route: bannerList]
in APPPATH/Views/Banner/bannerList.php on line 120.
 1 SYSTEMPATH/View/View.php(227): CodeIgniter\View\View->CodeIgniter\View\{closure}()
 2 SYSTEMPATH/Common.php(1173): CodeIgniter\View\View->render('Banner/bannerList', [], true)
 3 APPPATH/Controllers/Banner/BannerController.php(23): view('Banner/bannerList', [...])
 4 SYSTEMPATH/CodeIgniter.php(933): App\Controllers\Banner\BannerController->bannerList()
 5 SYSTEMPATH/CodeIgniter.php(507): CodeIgniter\CodeIgniter->runController(Object(App\Controllers\Banner\BannerController))
 6 SYSTEMPATH/CodeIgniter.php(354): CodeIgniter\CodeIgniter->handleRequest(null, Object(Config\Cache), false)
 7 SYSTEMPATH/Boot.php(334): CodeIgniter\CodeIgniter->run()
 8 SYSTEMPATH/Boot.php(67): CodeIgniter\Boot::runCodeIgniter(Object(CodeIgniter\CodeIgniter))
 9 FCPATH/index.php(56): CodeIgniter\Boot::bootWeb(Object(Config\Paths))
CRITICAL - 2025-05-07 09:15:37 --> ErrorException: Undefined variable $categoryD
[Method: GET, Route: addBanner]
in APPPATH/Views/Banner/addBanner.php on line 43.
 1 APPPATH/Views/Banner/addBanner.php(43): CodeIgniter\Debug\Exceptions->errorHandler(2, 'Undefined variable $categoryD', '/home/sitsolutionsco/public_html/sks.sitsolutions.co.in/app/Views/Banner/addBanner.php', 43)
 2 SYSTEMPATH/View/View.php(224): include('/home/sitsolutionsco/public_html/sks.sitsolutions.co.in/app/Views/Banner/addBanner.php')
 3 SYSTEMPATH/View/View.php(227): CodeIgniter\View\View->CodeIgniter\View\{closure}()
 4 SYSTEMPATH/Common.php(1173): CodeIgniter\View\View->render('Banner/addBanner', [], true)
 5 APPPATH/Controllers/Banner/BannerController.php(29): view('Banner/addBanner', [...])
 6 SYSTEMPATH/CodeIgniter.php(933): App\Controllers\Banner\BannerController->addBanner()
 7 SYSTEMPATH/CodeIgniter.php(507): CodeIgniter\CodeIgniter->runController(Object(App\Controllers\Banner\BannerController))
 8 SYSTEMPATH/CodeIgniter.php(354): CodeIgniter\CodeIgniter->handleRequest(null, Object(Config\Cache), false)
 9 SYSTEMPATH/Boot.php(334): CodeIgniter\CodeIgniter->run()
10 SYSTEMPATH/Boot.php(67): CodeIgniter\Boot::runCodeIgniter(Object(CodeIgniter\CodeIgniter))
11 FCPATH/index.php(56): CodeIgniter\Boot::bootWeb(Object(Config\Paths))
CRITICAL - 2025-05-07 09:19:48 --> ErrorException: move_uploaded_file(public/Backend-Assets/images/Banner/4379.png): Failed to open stream: No such file or directory
[Method: POST, Route: addBannerPro]
in APPPATH/Controllers/Banner/BannerController.php on line 81.
 1 [internal function]: CodeIgniter\Debug\Exceptions->errorHandler(2, 'move_uploaded_file(public/Backend-Assets/images/Banner/4379.png): Failed to open stream: No such file or directory', '/home/sitsolutionsco/public_html/sks.sitsolutions.co.in/app/Controllers/Banner/BannerController.php', 81)
 2 APPPATH/Controllers/Banner/BannerController.php(81): move_uploaded_file('/tmp/phpeOjdWj', 'public/Backend-Assets/images/Banner/4379.png')
 3 SYSTEMPATH/CodeIgniter.php(933): App\Controllers\Banner\BannerController->addBannerPro()
 4 SYSTEMPATH/CodeIgniter.php(507): CodeIgniter\CodeIgniter->runController(Object(App\Controllers\Banner\BannerController))
 5 SYSTEMPATH/CodeIgniter.php(354): CodeIgniter\CodeIgniter->handleRequest(null, Object(Config\Cache), false)
 6 SYSTEMPATH/Boot.php(334): CodeIgniter\CodeIgniter->run()
 7 SYSTEMPATH/Boot.php(67): CodeIgniter\Boot::runCodeIgniter(Object(CodeIgniter\CodeIgniter))
 8 FCPATH/index.php(56): CodeIgniter\Boot::bootWeb(Object(Config\Paths))
ERROR - 2025-05-07 09:45:16 --> mysqli_sql_exception: Unknown column 'Banner' in 'where clause' in /home/sitsolutionsco/public_html/sks.sitsolutions.co.in/system/Database/MySQLi/Connection.php:327
Stack trace:
#0 /home/sitsolutionsco/public_html/sks.sitsolutions.co.in/system/Database/MySQLi/Connection.php(327): mysqli->query('SELECT * FROM t...', 0)
#1 /home/sitsolutionsco/public_html/sks.sitsolutions.co.in/system/Database/BaseConnection.php(738): CodeIgniter\Database\MySQLi\Connection->execute('SELECT * FROM t...')
#2 /home/sitsolutionsco/public_html/sks.sitsolutions.co.in/system/Database/BaseConnection.php(652): CodeIgniter\Database\BaseConnection->simpleQuery('SELECT * FROM t...')
#3 /home/sitsolutionsco/public_html/sks.sitsolutions.co.in/app/Models/Banner/BannerModel.php(23): CodeIgniter\Database\BaseConnection->query('SELECT * FROM t...')
#4 /home/sitsolutionsco/public_html/sks.sitsolutions.co.in/app/Controllers/API/Banner.php(23): App\Models\Banner\BannerModel->getBannerByType('Banner')
#5 /home/sitsolutionsco/public_html/sks.sitsolutions.co.in/system/CodeIgniter.php(933): App\Controllers\API\Banner->banner_list()
#6 /home/sitsolutionsco/public_html/sks.sitsolutions.co.in/system/CodeIgniter.php(507): CodeIgniter\CodeIgniter->runController(Object(App\Controllers\API\Banner))
#7 /home/sitsolutionsco/public_html/sks.sitsolutions.co.in/system/CodeIgniter.php(354): CodeIgniter\CodeIgniter->handleRequest(NULL, Object(Config\Cache), false)
#8 /home/sitsolutionsco/public_html/sks.sitsolutions.co.in/system/Boot.php(334): CodeIgniter\CodeIgniter->run()
#9 /home/sitsolutionsco/public_html/sks.sitsolutions.co.in/system/Boot.php(67): CodeIgniter\Boot::runCodeIgniter(Object(CodeIgniter\CodeIgniter))
#10 /home/sitsolutionsco/public_html/sks.sitsolutions.co.in/index.php(56): CodeIgniter\Boot::bootWeb(Object(Config\Paths))
#11 {main}
CRITICAL - 2025-05-07 09:45:16 --> CodeIgniter\Database\Exceptions\DatabaseException: Unknown column 'Banner' in 'where clause'
[Method: POST, Route: banner_list]
in SYSTEMPATH/Database/BaseConnection.php on line 692.
 1 APPPATH/Models/Banner/BannerModel.php(23): CodeIgniter\Database\BaseConnection->query('SELECT * FROM tbl_banner WHERE type = Banner and isdeleted=0')
 2 APPPATH/Controllers/API/Banner.php(23): App\Models\Banner\BannerModel->getBannerByType('Banner')
 3 SYSTEMPATH/CodeIgniter.php(933): App\Controllers\API\Banner->banner_list()
 4 SYSTEMPATH/CodeIgniter.php(507): CodeIgniter\CodeIgniter->runController(Object(App\Controllers\API\Banner))
 5 SYSTEMPATH/CodeIgniter.php(354): CodeIgniter\CodeIgniter->handleRequest(null, Object(Config\Cache), false)
 6 SYSTEMPATH/Boot.php(334): CodeIgniter\CodeIgniter->run()
 7 SYSTEMPATH/Boot.php(67): CodeIgniter\Boot::runCodeIgniter(Object(CodeIgniter\CodeIgniter))
 8 FCPATH/index.php(56): CodeIgniter\Boot::bootWeb(Object(Config\Paths))
CRITICAL - 2025-05-07 09:45:16 --> [Caused by] CodeIgniter\Database\Exceptions\DatabaseException: Unknown column 'Banner' in 'where clause'
in SYSTEMPATH/Database/MySQLi/Connection.php on line 332.
 1 SYSTEMPATH/Database/BaseConnection.php(738): CodeIgniter\Database\MySQLi\Connection->execute('SELECT * FROM tbl_banner WHERE type = Banner and isdeleted=0')
 2 SYSTEMPATH/Database/BaseConnection.php(652): CodeIgniter\Database\BaseConnection->simpleQuery('SELECT * FROM tbl_banner WHERE type = Banner and isdeleted=0')
 3 APPPATH/Models/Banner/BannerModel.php(23): CodeIgniter\Database\BaseConnection->query('SELECT * FROM tbl_banner WHERE type = Banner and isdeleted=0')
 4 APPPATH/Controllers/API/Banner.php(23): App\Models\Banner\BannerModel->getBannerByType('Banner')
 5 SYSTEMPATH/CodeIgniter.php(933): App\Controllers\API\Banner->banner_list()
 6 SYSTEMPATH/CodeIgniter.php(507): CodeIgniter\CodeIgniter->runController(Object(App\Controllers\API\Banner))
 7 SYSTEMPATH/CodeIgniter.php(354): CodeIgniter\CodeIgniter->handleRequest(null, Object(Config\Cache), false)
 8 SYSTEMPATH/Boot.php(334): CodeIgniter\CodeIgniter->run()
 9 SYSTEMPATH/Boot.php(67): CodeIgniter\Boot::runCodeIgniter(Object(CodeIgniter\CodeIgniter))
10 FCPATH/index.php(56): CodeIgniter\Boot::bootWeb(Object(Config\Paths))
CRITICAL - 2025-05-07 09:45:16 --> [Caused by] mysqli_sql_exception: Unknown column 'Banner' in 'where clause'
in SYSTEMPATH/Database/MySQLi/Connection.php on line 327.
 1 SYSTEMPATH/Database/MySQLi/Connection.php(327): mysqli->query('SELECT * FROM tbl_banner WHERE type = Banner and isdeleted=0', 0)
 2 SYSTEMPATH/Database/BaseConnection.php(738): CodeIgniter\Database\MySQLi\Connection->execute('SELECT * FROM tbl_banner WHERE type = Banner and isdeleted=0')
 3 SYSTEMPATH/Database/BaseConnection.php(652): CodeIgniter\Database\BaseConnection->simpleQuery('SELECT * FROM tbl_banner WHERE type = Banner and isdeleted=0')
 4 APPPATH/Models/Banner/BannerModel.php(23): CodeIgniter\Database\BaseConnection->query('SELECT * FROM tbl_banner WHERE type = Banner and isdeleted=0')
 5 APPPATH/Controllers/API/Banner.php(23): App\Models\Banner\BannerModel->getBannerByType('Banner')
 6 SYSTEMPATH/CodeIgniter.php(933): App\Controllers\API\Banner->banner_list()
 7 SYSTEMPATH/CodeIgniter.php(507): CodeIgniter\CodeIgniter->runController(Object(App\Controllers\API\Banner))
 8 SYSTEMPATH/CodeIgniter.php(354): CodeIgniter\CodeIgniter->handleRequest(null, Object(Config\Cache), false)
 9 SYSTEMPATH/Boot.php(334): CodeIgniter\CodeIgniter->run()
10 SYSTEMPATH/Boot.php(67): CodeIgniter\Boot::runCodeIgniter(Object(CodeIgniter\CodeIgniter))
11 FCPATH/index.php(56): CodeIgniter\Boot::bootWeb(Object(Config\Paths))
ERROR - 2025-05-07 09:45:41 --> mysqli_sql_exception: Unknown column 'Banner' in 'where clause' in /home/sitsolutionsco/public_html/sks.sitsolutions.co.in/system/Database/MySQLi/Connection.php:327
Stack trace:
#0 /home/sitsolutionsco/public_html/sks.sitsolutions.co.in/system/Database/MySQLi/Connection.php(327): mysqli->query('SELECT * FROM t...', 0)
#1 /home/sitsolutionsco/public_html/sks.sitsolutions.co.in/system/Database/BaseConnection.php(738): CodeIgniter\Database\MySQLi\Connection->execute('SELECT * FROM t...')
#2 /home/sitsolutionsco/public_html/sks.sitsolutions.co.in/system/Database/BaseConnection.php(652): CodeIgniter\Database\BaseConnection->simpleQuery('SELECT * FROM t...')
#3 /home/sitsolutionsco/public_html/sks.sitsolutions.co.in/app/Models/Banner/BannerModel.php(23): CodeIgniter\Database\BaseConnection->query('SELECT * FROM t...')
#4 /home/sitsolutionsco/public_html/sks.sitsolutions.co.in/app/Controllers/API/Banner.php(23): App\Models\Banner\BannerModel->getBannerByType('Banner')
#5 /home/sitsolutionsco/public_html/sks.sitsolutions.co.in/system/CodeIgniter.php(933): App\Controllers\API\Banner->banner_list()
#6 /home/sitsolutionsco/public_html/sks.sitsolutions.co.in/system/CodeIgniter.php(507): CodeIgniter\CodeIgniter->runController(Object(App\Controllers\API\Banner))
#7 /home/sitsolutionsco/public_html/sks.sitsolutions.co.in/system/CodeIgniter.php(354): CodeIgniter\CodeIgniter->handleRequest(NULL, Object(Config\Cache), false)
#8 /home/sitsolutionsco/public_html/sks.sitsolutions.co.in/system/Boot.php(334): CodeIgniter\CodeIgniter->run()
#9 /home/sitsolutionsco/public_html/sks.sitsolutions.co.in/system/Boot.php(67): CodeIgniter\Boot::runCodeIgniter(Object(CodeIgniter\CodeIgniter))
#10 /home/sitsolutionsco/public_html/sks.sitsolutions.co.in/index.php(56): CodeIgniter\Boot::bootWeb(Object(Config\Paths))
#11 {main}
CRITICAL - 2025-05-07 09:45:41 --> CodeIgniter\Database\Exceptions\DatabaseException: Unknown column 'Banner' in 'where clause'
[Method: POST, Route: banner_list]
in SYSTEMPATH/Database/BaseConnection.php on line 692.
 1 APPPATH/Models/Banner/BannerModel.php(23): CodeIgniter\Database\BaseConnection->query('SELECT * FROM tbl_banner WHERE type = Banner and isdeleted=0')
 2 APPPATH/Controllers/API/Banner.php(23): App\Models\Banner\BannerModel->getBannerByType('Banner')
 3 SYSTEMPATH/CodeIgniter.php(933): App\Controllers\API\Banner->banner_list()
 4 SYSTEMPATH/CodeIgniter.php(507): CodeIgniter\CodeIgniter->runController(Object(App\Controllers\API\Banner))
 5 SYSTEMPATH/CodeIgniter.php(354): CodeIgniter\CodeIgniter->handleRequest(null, Object(Config\Cache), false)
 6 SYSTEMPATH/Boot.php(334): CodeIgniter\CodeIgniter->run()
 7 SYSTEMPATH/Boot.php(67): CodeIgniter\Boot::runCodeIgniter(Object(CodeIgniter\CodeIgniter))
 8 FCPATH/index.php(56): CodeIgniter\Boot::bootWeb(Object(Config\Paths))
CRITICAL - 2025-05-07 09:45:41 --> [Caused by] CodeIgniter\Database\Exceptions\DatabaseException: Unknown column 'Banner' in 'where clause'
in SYSTEMPATH/Database/MySQLi/Connection.php on line 332.
 1 SYSTEMPATH/Database/BaseConnection.php(738): CodeIgniter\Database\MySQLi\Connection->execute('SELECT * FROM tbl_banner WHERE type = Banner and isdeleted=0')
 2 SYSTEMPATH/Database/BaseConnection.php(652): CodeIgniter\Database\BaseConnection->simpleQuery('SELECT * FROM tbl_banner WHERE type = Banner and isdeleted=0')
 3 APPPATH/Models/Banner/BannerModel.php(23): CodeIgniter\Database\BaseConnection->query('SELECT * FROM tbl_banner WHERE type = Banner and isdeleted=0')
 4 APPPATH/Controllers/API/Banner.php(23): App\Models\Banner\BannerModel->getBannerByType('Banner')
 5 SYSTEMPATH/CodeIgniter.php(933): App\Controllers\API\Banner->banner_list()
 6 SYSTEMPATH/CodeIgniter.php(507): CodeIgniter\CodeIgniter->runController(Object(App\Controllers\API\Banner))
 7 SYSTEMPATH/CodeIgniter.php(354): CodeIgniter\CodeIgniter->handleRequest(null, Object(Config\Cache), false)
 8 SYSTEMPATH/Boot.php(334): CodeIgniter\CodeIgniter->run()
 9 SYSTEMPATH/Boot.php(67): CodeIgniter\Boot::runCodeIgniter(Object(CodeIgniter\CodeIgniter))
10 FCPATH/index.php(56): CodeIgniter\Boot::bootWeb(Object(Config\Paths))
CRITICAL - 2025-05-07 09:45:41 --> [Caused by] mysqli_sql_exception: Unknown column 'Banner' in 'where clause'
in SYSTEMPATH/Database/MySQLi/Connection.php on line 327.
 1 SYSTEMPATH/Database/MySQLi/Connection.php(327): mysqli->query('SELECT * FROM tbl_banner WHERE type = Banner and isdeleted=0', 0)
 2 SYSTEMPATH/Database/BaseConnection.php(738): CodeIgniter\Database\MySQLi\Connection->execute('SELECT * FROM tbl_banner WHERE type = Banner and isdeleted=0')
 3 SYSTEMPATH/Database/BaseConnection.php(652): CodeIgniter\Database\BaseConnection->simpleQuery('SELECT * FROM tbl_banner WHERE type = Banner and isdeleted=0')
 4 APPPATH/Models/Banner/BannerModel.php(23): CodeIgniter\Database\BaseConnection->query('SELECT * FROM tbl_banner WHERE type = Banner and isdeleted=0')
 5 APPPATH/Controllers/API/Banner.php(23): App\Models\Banner\BannerModel->getBannerByType('Banner')
 6 SYSTEMPATH/CodeIgniter.php(933): App\Controllers\API\Banner->banner_list()
 7 SYSTEMPATH/CodeIgniter.php(507): CodeIgniter\CodeIgniter->runController(Object(App\Controllers\API\Banner))
 8 SYSTEMPATH/CodeIgniter.php(354): CodeIgniter\CodeIgniter->handleRequest(null, Object(Config\Cache), false)
 9 SYSTEMPATH/Boot.php(334): CodeIgniter\CodeIgniter->run()
10 SYSTEMPATH/Boot.php(67): CodeIgniter\Boot::runCodeIgniter(Object(CodeIgniter\CodeIgniter))
11 FCPATH/index.php(56): CodeIgniter\Boot::bootWeb(Object(Config\Paths))
ERROR - 2025-05-07 09:46:05 --> mysqli_sql_exception: Unknown column 'ooo' in 'where clause' in /home/sitsolutionsco/public_html/sks.sitsolutions.co.in/system/Database/MySQLi/Connection.php:327
Stack trace:
#0 /home/sitsolutionsco/public_html/sks.sitsolutions.co.in/system/Database/MySQLi/Connection.php(327): mysqli->query('SELECT * FROM t...', 0)
#1 /home/sitsolutionsco/public_html/sks.sitsolutions.co.in/system/Database/BaseConnection.php(738): CodeIgniter\Database\MySQLi\Connection->execute('SELECT * FROM t...')
#2 /home/sitsolutionsco/public_html/sks.sitsolutions.co.in/system/Database/BaseConnection.php(652): CodeIgniter\Database\BaseConnection->simpleQuery('SELECT * FROM t...')
#3 /home/sitsolutionsco/public_html/sks.sitsolutions.co.in/app/Models/Banner/BannerModel.php(23): CodeIgniter\Database\BaseConnection->query('SELECT * FROM t...')
#4 /home/sitsolutionsco/public_html/sks.sitsolutions.co.in/app/Controllers/API/Banner.php(23): App\Models\Banner\BannerModel->getBannerByType('ooo')
#5 /home/sitsolutionsco/public_html/sks.sitsolutions.co.in/system/CodeIgniter.php(933): App\Controllers\API\Banner->banner_list()
#6 /home/sitsolutionsco/public_html/sks.sitsolutions.co.in/system/CodeIgniter.php(507): CodeIgniter\CodeIgniter->runController(Object(App\Controllers\API\Banner))
#7 /home/sitsolutionsco/public_html/sks.sitsolutions.co.in/system/CodeIgniter.php(354): CodeIgniter\CodeIgniter->handleRequest(NULL, Object(Config\Cache), false)
#8 /home/sitsolutionsco/public_html/sks.sitsolutions.co.in/system/Boot.php(334): CodeIgniter\CodeIgniter->run()
#9 /home/sitsolutionsco/public_html/sks.sitsolutions.co.in/system/Boot.php(67): CodeIgniter\Boot::runCodeIgniter(Object(CodeIgniter\CodeIgniter))
#10 /home/sitsolutionsco/public_html/sks.sitsolutions.co.in/index.php(56): CodeIgniter\Boot::bootWeb(Object(Config\Paths))
#11 {main}
CRITICAL - 2025-05-07 09:46:05 --> CodeIgniter\Database\Exceptions\DatabaseException: Unknown column 'ooo' in 'where clause'
[Method: POST, Route: banner_list]
in SYSTEMPATH/Database/BaseConnection.php on line 692.
 1 APPPATH/Models/Banner/BannerModel.php(23): CodeIgniter\Database\BaseConnection->query('SELECT * FROM tbl_banner WHERE type = ooo and isdeleted=0')
 2 APPPATH/Controllers/API/Banner.php(23): App\Models\Banner\BannerModel->getBannerByType('ooo')
 3 SYSTEMPATH/CodeIgniter.php(933): App\Controllers\API\Banner->banner_list()
 4 SYSTEMPATH/CodeIgniter.php(507): CodeIgniter\CodeIgniter->runController(Object(App\Controllers\API\Banner))
 5 SYSTEMPATH/CodeIgniter.php(354): CodeIgniter\CodeIgniter->handleRequest(null, Object(Config\Cache), false)
 6 SYSTEMPATH/Boot.php(334): CodeIgniter\CodeIgniter->run()
 7 SYSTEMPATH/Boot.php(67): CodeIgniter\Boot::runCodeIgniter(Object(CodeIgniter\CodeIgniter))
 8 FCPATH/index.php(56): CodeIgniter\Boot::bootWeb(Object(Config\Paths))
CRITICAL - 2025-05-07 09:46:05 --> [Caused by] CodeIgniter\Database\Exceptions\DatabaseException: Unknown column 'ooo' in 'where clause'
in SYSTEMPATH/Database/MySQLi/Connection.php on line 332.
 1 SYSTEMPATH/Database/BaseConnection.php(738): CodeIgniter\Database\MySQLi\Connection->execute('SELECT * FROM tbl_banner WHERE type = ooo and isdeleted=0')
 2 SYSTEMPATH/Database/BaseConnection.php(652): CodeIgniter\Database\BaseConnection->simpleQuery('SELECT * FROM tbl_banner WHERE type = ooo and isdeleted=0')
 3 APPPATH/Models/Banner/BannerModel.php(23): CodeIgniter\Database\BaseConnection->query('SELECT * FROM tbl_banner WHERE type = ooo and isdeleted=0')
 4 APPPATH/Controllers/API/Banner.php(23): App\Models\Banner\BannerModel->getBannerByType('ooo')
 5 SYSTEMPATH/CodeIgniter.php(933): App\Controllers\API\Banner->banner_list()
 6 SYSTEMPATH/CodeIgniter.php(507): CodeIgniter\CodeIgniter->runController(Object(App\Controllers\API\Banner))
 7 SYSTEMPATH/CodeIgniter.php(354): CodeIgniter\CodeIgniter->handleRequest(null, Object(Config\Cache), false)
 8 SYSTEMPATH/Boot.php(334): CodeIgniter\CodeIgniter->run()
 9 SYSTEMPATH/Boot.php(67): CodeIgniter\Boot::runCodeIgniter(Object(CodeIgniter\CodeIgniter))
10 FCPATH/index.php(56): CodeIgniter\Boot::bootWeb(Object(Config\Paths))
CRITICAL - 2025-05-07 09:46:05 --> [Caused by] mysqli_sql_exception: Unknown column 'ooo' in 'where clause'
in SYSTEMPATH/Database/MySQLi/Connection.php on line 327.
 1 SYSTEMPATH/Database/MySQLi/Connection.php(327): mysqli->query('SELECT * FROM tbl_banner WHERE type = ooo and isdeleted=0', 0)
 2 SYSTEMPATH/Database/BaseConnection.php(738): CodeIgniter\Database\MySQLi\Connection->execute('SELECT * FROM tbl_banner WHERE type = ooo and isdeleted=0')
 3 SYSTEMPATH/Database/BaseConnection.php(652): CodeIgniter\Database\BaseConnection->simpleQuery('SELECT * FROM tbl_banner WHERE type = ooo and isdeleted=0')
 4 APPPATH/Models/Banner/BannerModel.php(23): CodeIgniter\Database\BaseConnection->query('SELECT * FROM tbl_banner WHERE type = ooo and isdeleted=0')
 5 APPPATH/Controllers/API/Banner.php(23): App\Models\Banner\BannerModel->getBannerByType('ooo')
 6 SYSTEMPATH/CodeIgniter.php(933): App\Controllers\API\Banner->banner_list()
 7 SYSTEMPATH/CodeIgniter.php(507): CodeIgniter\CodeIgniter->runController(Object(App\Controllers\API\Banner))
 8 SYSTEMPATH/CodeIgniter.php(354): CodeIgniter\CodeIgniter->handleRequest(null, Object(Config\Cache), false)
 9 SYSTEMPATH/Boot.php(334): CodeIgniter\CodeIgniter->run()
10 SYSTEMPATH/Boot.php(67): CodeIgniter\Boot::runCodeIgniter(Object(CodeIgniter\CodeIgniter))
11 FCPATH/index.php(56): CodeIgniter\Boot::bootWeb(Object(Config\Paths))
CRITICAL - 2025-05-07 11:19:38 --> ParseError: syntax error, unexpected token ";", expecting "function" or "const"
[Method: GET, Route: product_list]
in APPPATH/Controllers/API/Product.php on line 31.
 1 SYSTEMPATH/Autoloader/Autoloader.php(295): CodeIgniter\Autoloader\Autoloader->includeFile('/home/sitsolutionsco/public_html/sks.sitsolutions.co.in/app/Controllers/API/Product.php')
 2 SYSTEMPATH/Autoloader/Autoloader.php(271): CodeIgniter\Autoloader\Autoloader->loadInNamespace('App\\Controllers\\API\\Product')
 3 [internal function]: CodeIgniter\Autoloader\Autoloader->loadClass('App\\Controllers\\API\\Product')
 4 SYSTEMPATH/CodeIgniter.php(885): class_exists('\\App\\Controllers\\API\\Product', true)
 5 SYSTEMPATH/CodeIgniter.php(494): CodeIgniter\CodeIgniter->startController()
 6 SYSTEMPATH/CodeIgniter.php(354): CodeIgniter\CodeIgniter->handleRequest(null, Object(Config\Cache), false)
 7 SYSTEMPATH/Boot.php(334): CodeIgniter\CodeIgniter->run()
 8 SYSTEMPATH/Boot.php(67): CodeIgniter\Boot::runCodeIgniter(Object(CodeIgniter\CodeIgniter))
 9 FCPATH/index.php(56): CodeIgniter\Boot::bootWeb(Object(Config\Paths))
CRITICAL - 2025-05-07 11:20:15 --> ParseError: syntax error, unexpected token ";", expecting "function" or "const"
[Method: GET, Route: product_list]
in APPPATH/Controllers/API/Product.php on line 33.
 1 SYSTEMPATH/Autoloader/Autoloader.php(295): CodeIgniter\Autoloader\Autoloader->includeFile('/home/sitsolutionsco/public_html/sks.sitsolutions.co.in/app/Controllers/API/Product.php')
 2 SYSTEMPATH/Autoloader/Autoloader.php(271): CodeIgniter\Autoloader\Autoloader->loadInNamespace('App\\Controllers\\API\\Product')
 3 [internal function]: CodeIgniter\Autoloader\Autoloader->loadClass('App\\Controllers\\API\\Product')
 4 SYSTEMPATH/CodeIgniter.php(885): class_exists('\\App\\Controllers\\API\\Product', true)
 5 SYSTEMPATH/CodeIgniter.php(494): CodeIgniter\CodeIgniter->startController()
 6 SYSTEMPATH/CodeIgniter.php(354): CodeIgniter\CodeIgniter->handleRequest(null, Object(Config\Cache), false)
 7 SYSTEMPATH/Boot.php(334): CodeIgniter\CodeIgniter->run()
 8 SYSTEMPATH/Boot.php(67): CodeIgniter\Boot::runCodeIgniter(Object(CodeIgniter\CodeIgniter))
 9 FCPATH/index.php(56): CodeIgniter\Boot::bootWeb(Object(Config\Paths))
CRITICAL - 2025-05-07 11:34:33 --> ParseError: syntax error, unexpected token ";", expecting "function" or "const"
[Method: GET, Route: product_list]
in APPPATH/Controllers/API/Product.php on line 33.
 1 SYSTEMPATH/Autoloader/Autoloader.php(295): CodeIgniter\Autoloader\Autoloader->includeFile('/home/sitsolutionsco/public_html/sks.sitsolutions.co.in/app/Controllers/API/Product.php')
 2 SYSTEMPATH/Autoloader/Autoloader.php(271): CodeIgniter\Autoloader\Autoloader->loadInNamespace('App\\Controllers\\API\\Product')
 3 [internal function]: CodeIgniter\Autoloader\Autoloader->loadClass('App\\Controllers\\API\\Product')
 4 SYSTEMPATH/CodeIgniter.php(885): class_exists('\\App\\Controllers\\API\\Product', true)
 5 SYSTEMPATH/CodeIgniter.php(494): CodeIgniter\CodeIgniter->startController()
 6 SYSTEMPATH/CodeIgniter.php(354): CodeIgniter\CodeIgniter->handleRequest(null, Object(Config\Cache), false)
 7 SYSTEMPATH/Boot.php(334): CodeIgniter\CodeIgniter->run()
 8 SYSTEMPATH/Boot.php(67): CodeIgniter\Boot::runCodeIgniter(Object(CodeIgniter\CodeIgniter))
 9 FCPATH/index.php(56): CodeIgniter\Boot::bootWeb(Object(Config\Paths))
