CRITICAL - 2025-05-20 04:29:24 --> ErrorException: Undefined array key "id"
[Method: GET, Route: postList]
in APPPATH/Views/Post/postList.php on line 2.
 1 APPPATH/Views/Post/postList.php(2): CodeIgniter\Debug\Exceptions->errorHandler(2, 'Undefined array key "id"', '/home/sitsolutionsco/public_html/sks.sitsolutions.co.in/app/Views/Post/postList.php', 2)
 2 SYSTEMPATH/View/View.php(224): include('/home/sitsolutionsco/public_html/sks.sitsolutions.co.in/app/Views/Post/postList.php')
 3 SYSTEMPATH/View/View.php(227): CodeIgniter\View\View->CodeIgniter\View\{closure}()
 4 SYSTEMPATH/Common.php(1173): CodeIgniter\View\View->render('Post/postList', [], true)
 5 APPPATH/Controllers/Post/PostController.php(22): view('Post/postList', [...])
 6 SYSTEMPATH/CodeIgniter.php(933): App\Controllers\Post\PostController->postList()
 7 SYSTEMPATH/CodeIgniter.php(507): CodeIgniter\CodeIgniter->runController(Object(App\Controllers\Post\PostController))
 8 SYSTEMPATH/CodeIgniter.php(354): CodeIgniter\CodeIgniter->handleRequest(null, Object(Config\Cache), false)
 9 SYSTEMPATH/Boot.php(334): CodeIgniter\CodeIgniter->run()
10 SYSTEMPATH/Boot.php(67): CodeIgniter\Boot::runCodeIgniter(Object(CodeIgniter\CodeIgniter))
11 FCPATH/index.php(56): CodeIgniter\Boot::bootWeb(Object(Config\Paths))
CRITICAL - 2025-05-20 05:15:18 --> ErrorException: Undefined array key "id"
[Method: GET, Route: adminDashboard]
in APPPATH/Views/Dashboard/adminDashboard.php on line 2.
 1 APPPATH/Views/Dashboard/adminDashboard.php(2): CodeIgniter\Debug\Exceptions->errorHandler(2, 'Undefined array key "id"', '/home/sitsolutionsco/public_html/sks.sitsolutions.co.in/app/Views/Dashboard/adminDashboard.php', 2)
 2 SYSTEMPATH/View/View.php(224): include('/home/sitsolutionsco/public_html/sks.sitsolutions.co.in/app/Views/Dashboard/adminDashboard.php')
 3 SYSTEMPATH/View/View.php(227): CodeIgniter\View\View->CodeIgniter\View\{closure}()
 4 SYSTEMPATH/Common.php(1173): CodeIgniter\View\View->render('Dashboard/adminDashboard', [], true)
 5 APPPATH/Controllers/Dashboard/DashboardController.php(40): view('Dashboard/adminDashboard', [...])
 6 SYSTEMPATH/CodeIgniter.php(933): App\Controllers\Dashboard\DashboardController->adminDashboard()
 7 SYSTEMPATH/CodeIgniter.php(507): CodeIgniter\CodeIgniter->runController(Object(App\Controllers\Dashboard\DashboardController))
 8 SYSTEMPATH/CodeIgniter.php(354): CodeIgniter\CodeIgniter->handleRequest(null, Object(Config\Cache), false)
 9 SYSTEMPATH/Boot.php(334): CodeIgniter\CodeIgniter->run()
10 SYSTEMPATH/Boot.php(67): CodeIgniter\Boot::runCodeIgniter(Object(CodeIgniter\CodeIgniter))
11 FCPATH/index.php(56): CodeIgniter\Boot::bootWeb(Object(Config\Paths))
CRITICAL - 2025-05-20 09:13:51 --> Error: Class "App\Models\Order\OrderModel" not found
[Method: GET, Route: adminDashboard]
in APPPATH\Controllers\Dashboard\DashboardController.php on line 20.
 1 SYSTEMPATH\CodeIgniter.php(903): App\Controllers\Dashboard\DashboardController->__construct()
 2 SYSTEMPATH\CodeIgniter.php(498): CodeIgniter\CodeIgniter->createController()
 3 SYSTEMPATH\CodeIgniter.php(354): CodeIgniter\CodeIgniter->handleRequest(null, Object(Config\Cache), false)
 4 SYSTEMPATH\Boot.php(334): CodeIgniter\CodeIgniter->run()
 5 SYSTEMPATH\Boot.php(67): CodeIgniter\Boot::runCodeIgniter(Object(CodeIgniter\CodeIgniter))
 6 FCPATH\index.php(56): CodeIgniter\Boot::bootWeb(Object(Config\Paths))
ERROR - 2025-05-20 09:16:09 --> mysqli_sql_exception: Table 'field_visit.tbl_category' doesn't exist in C:\xampp\htdocs\field_visit\system\Database\MySQLi\Connection.php:327
Stack trace:
#0 C:\xampp\htdocs\field_visit\system\Database\MySQLi\Connection.php(327): mysqli->query('SELECT * FROM t...', 0)
#1 C:\xampp\htdocs\field_visit\system\Database\BaseConnection.php(738): CodeIgniter\Database\MySQLi\Connection->execute('SELECT * FROM t...')
#2 C:\xampp\htdocs\field_visit\system\Database\BaseConnection.php(652): CodeIgniter\Database\BaseConnection->simpleQuery('SELECT * FROM t...')
#3 C:\xampp\htdocs\field_visit\app\Models\Category\CategoryModel.php(11): CodeIgniter\Database\BaseConnection->query('SELECT * FROM t...')
#4 C:\xampp\htdocs\field_visit\app\Controllers\Dashboard\DashboardController.php(22): App\Models\Category\CategoryModel->getCategoryList()
#5 C:\xampp\htdocs\field_visit\system\CodeIgniter.php(933): App\Controllers\Dashboard\DashboardController->adminDashboard()
#6 C:\xampp\htdocs\field_visit\system\CodeIgniter.php(507): CodeIgniter\CodeIgniter->runController(Object(App\Controllers\Dashboard\DashboardController))
#7 C:\xampp\htdocs\field_visit\system\CodeIgniter.php(354): CodeIgniter\CodeIgniter->handleRequest(NULL, Object(Config\Cache), false)
#8 C:\xampp\htdocs\field_visit\system\Boot.php(334): CodeIgniter\CodeIgniter->run()
#9 C:\xampp\htdocs\field_visit\system\Boot.php(67): CodeIgniter\Boot::runCodeIgniter(Object(CodeIgniter\CodeIgniter))
#10 C:\xampp\htdocs\field_visit\index.php(56): CodeIgniter\Boot::bootWeb(Object(Config\Paths))
#11 {main}
CRITICAL - 2025-05-20 09:16:10 --> CodeIgniter\Database\Exceptions\DatabaseException: Table 'field_visit.tbl_category' doesn't exist
[Method: GET, Route: adminDashboard]
in SYSTEMPATH\Database\BaseConnection.php on line 692.
 1 APPPATH\Models\Category\CategoryModel.php(11): CodeIgniter\Database\BaseConnection->query('SELECT * FROM tbl_category WHERE isdeleted = 0 order by id desc')
 2 APPPATH\Controllers\Dashboard\DashboardController.php(22): App\Models\Category\CategoryModel->getCategoryList()
 3 SYSTEMPATH\CodeIgniter.php(933): App\Controllers\Dashboard\DashboardController->adminDashboard()
 4 SYSTEMPATH\CodeIgniter.php(507): CodeIgniter\CodeIgniter->runController(Object(App\Controllers\Dashboard\DashboardController))
 5 SYSTEMPATH\CodeIgniter.php(354): CodeIgniter\CodeIgniter->handleRequest(null, Object(Config\Cache), false)
 6 SYSTEMPATH\Boot.php(334): CodeIgniter\CodeIgniter->run()
 7 SYSTEMPATH\Boot.php(67): CodeIgniter\Boot::runCodeIgniter(Object(CodeIgniter\CodeIgniter))
 8 FCPATH\index.php(56): CodeIgniter\Boot::bootWeb(Object(Config\Paths))
CRITICAL - 2025-05-20 09:16:10 --> [Caused by] CodeIgniter\Database\Exceptions\DatabaseException: Table 'field_visit.tbl_category' doesn't exist
in SYSTEMPATH\Database\MySQLi\Connection.php on line 332.
 1 SYSTEMPATH\Database\BaseConnection.php(738): CodeIgniter\Database\MySQLi\Connection->execute('SELECT * FROM tbl_category WHERE isdeleted = 0 order by id desc')
 2 SYSTEMPATH\Database\BaseConnection.php(652): CodeIgniter\Database\BaseConnection->simpleQuery('SELECT * FROM tbl_category WHERE isdeleted = 0 order by id desc')
 3 APPPATH\Models\Category\CategoryModel.php(11): CodeIgniter\Database\BaseConnection->query('SELECT * FROM tbl_category WHERE isdeleted = 0 order by id desc')
 4 APPPATH\Controllers\Dashboard\DashboardController.php(22): App\Models\Category\CategoryModel->getCategoryList()
 5 SYSTEMPATH\CodeIgniter.php(933): App\Controllers\Dashboard\DashboardController->adminDashboard()
 6 SYSTEMPATH\CodeIgniter.php(507): CodeIgniter\CodeIgniter->runController(Object(App\Controllers\Dashboard\DashboardController))
 7 SYSTEMPATH\CodeIgniter.php(354): CodeIgniter\CodeIgniter->handleRequest(null, Object(Config\Cache), false)
 8 SYSTEMPATH\Boot.php(334): CodeIgniter\CodeIgniter->run()
 9 SYSTEMPATH\Boot.php(67): CodeIgniter\Boot::runCodeIgniter(Object(CodeIgniter\CodeIgniter))
10 FCPATH\index.php(56): CodeIgniter\Boot::bootWeb(Object(Config\Paths))
CRITICAL - 2025-05-20 09:16:10 --> [Caused by] mysqli_sql_exception: Table 'field_visit.tbl_category' doesn't exist
in SYSTEMPATH\Database\MySQLi\Connection.php on line 327.
 1 SYSTEMPATH\Database\MySQLi\Connection.php(327): mysqli->query('SELECT * FROM tbl_category WHERE isdeleted = 0 order by id desc', 0)
 2 SYSTEMPATH\Database\BaseConnection.php(738): CodeIgniter\Database\MySQLi\Connection->execute('SELECT * FROM tbl_category WHERE isdeleted = 0 order by id desc')
 3 SYSTEMPATH\Database\BaseConnection.php(652): CodeIgniter\Database\BaseConnection->simpleQuery('SELECT * FROM tbl_category WHERE isdeleted = 0 order by id desc')
 4 APPPATH\Models\Category\CategoryModel.php(11): CodeIgniter\Database\BaseConnection->query('SELECT * FROM tbl_category WHERE isdeleted = 0 order by id desc')
 5 APPPATH\Controllers\Dashboard\DashboardController.php(22): App\Models\Category\CategoryModel->getCategoryList()
 6 SYSTEMPATH\CodeIgniter.php(933): App\Controllers\Dashboard\DashboardController->adminDashboard()
 7 SYSTEMPATH\CodeIgniter.php(507): CodeIgniter\CodeIgniter->runController(Object(App\Controllers\Dashboard\DashboardController))
 8 SYSTEMPATH\CodeIgniter.php(354): CodeIgniter\CodeIgniter->handleRequest(null, Object(Config\Cache), false)
 9 SYSTEMPATH\Boot.php(334): CodeIgniter\CodeIgniter->run()
10 SYSTEMPATH\Boot.php(67): CodeIgniter\Boot::runCodeIgniter(Object(CodeIgniter\CodeIgniter))
11 FCPATH\index.php(56): CodeIgniter\Boot::bootWeb(Object(Config\Paths))
ERROR - 2025-05-20 09:18:10 --> mysqli_sql_exception: Table 'field_visit.tbl_users' doesn't exist in C:\xampp\htdocs\field_visit\system\Database\MySQLi\Connection.php:327
Stack trace:
#0 C:\xampp\htdocs\field_visit\system\Database\MySQLi\Connection.php(327): mysqli->query('SELECT * FROM t...', 0)
#1 C:\xampp\htdocs\field_visit\system\Database\BaseConnection.php(738): CodeIgniter\Database\MySQLi\Connection->execute('SELECT * FROM t...')
#2 C:\xampp\htdocs\field_visit\system\Database\BaseConnection.php(652): CodeIgniter\Database\BaseConnection->simpleQuery('SELECT * FROM t...')
#3 C:\xampp\htdocs\field_visit\app\Views\Include\header.php(5): CodeIgniter\Database\BaseConnection->query('SELECT * FROM t...')
#4 C:\xampp\htdocs\field_visit\system\View\View.php(224): include('C:\\xampp\\htdocs...')
#5 C:\xampp\htdocs\field_visit\system\View\View.php(227): CodeIgniter\View\View->CodeIgniter\View\{closure}()
#6 C:\xampp\htdocs\field_visit\system\Common.php(1173): CodeIgniter\View\View->render('Include/header', Array, true)
#7 C:\xampp\htdocs\field_visit\app\Views\Dashboard\adminDashboard.php(11): view('Include/header')
#8 C:\xampp\htdocs\field_visit\system\View\View.php(224): include('C:\\xampp\\htdocs...')
#9 C:\xampp\htdocs\field_visit\system\View\View.php(227): CodeIgniter\View\View->CodeIgniter\View\{closure}()
#10 C:\xampp\htdocs\field_visit\system\Common.php(1173): CodeIgniter\View\View->render('Dashboard/admin...', Array, true)
#11 C:\xampp\htdocs\field_visit\app\Controllers\Dashboard\DashboardController.php(21): view('Dashboard/admin...')
#12 C:\xampp\htdocs\field_visit\system\CodeIgniter.php(933): App\Controllers\Dashboard\DashboardController->adminDashboard()
#13 C:\xampp\htdocs\field_visit\system\CodeIgniter.php(507): CodeIgniter\CodeIgniter->runController(Object(App\Controllers\Dashboard\DashboardController))
#14 C:\xampp\htdocs\field_visit\system\CodeIgniter.php(354): CodeIgniter\CodeIgniter->handleRequest(NULL, Object(Config\Cache), false)
#15 C:\xampp\htdocs\field_visit\system\Boot.php(334): CodeIgniter\CodeIgniter->run()
#16 C:\xampp\htdocs\field_visit\system\Boot.php(67): CodeIgniter\Boot::runCodeIgniter(Object(CodeIgniter\CodeIgniter))
#17 C:\xampp\htdocs\field_visit\index.php(56): CodeIgniter\Boot::bootWeb(Object(Config\Paths))
#18 {main}
CRITICAL - 2025-05-20 09:18:10 --> CodeIgniter\Database\Exceptions\DatabaseException: Table 'field_visit.tbl_users' doesn't exist
[Method: GET, Route: adminDashboard]
in SYSTEMPATH\Database\BaseConnection.php on line 692.
 1 APPPATH\Views\Include\header.php(5): CodeIgniter\Database\BaseConnection->query('SELECT * FROM tbl_users WHERE login_id = 1 ')
 2 SYSTEMPATH\View\View.php(224): include('C:\\xampp\\htdocs\\field_visit\\app\\Views\\Include\\header.php')
 3 SYSTEMPATH\View\View.php(227): CodeIgniter\View\View->CodeIgniter\View\{closure}()
 4 SYSTEMPATH\Common.php(1173): CodeIgniter\View\View->render('Include/header', [], true)
 5 APPPATH\Views\Dashboard\adminDashboard.php(11): view('Include/header')
 6 SYSTEMPATH\View\View.php(224): include('C:\\xampp\\htdocs\\field_visit\\app\\Views\\Dashboard\\adminDashboard.php')
 7 SYSTEMPATH\View\View.php(227): CodeIgniter\View\View->CodeIgniter\View\{closure}()
 8 SYSTEMPATH\Common.php(1173): CodeIgniter\View\View->render('Dashboard/adminDashboard', [], true)
 9 APPPATH\Controllers\Dashboard\DashboardController.php(21): view('Dashboard/adminDashboard')
10 SYSTEMPATH\CodeIgniter.php(933): App\Controllers\Dashboard\DashboardController->adminDashboard()
11 SYSTEMPATH\CodeIgniter.php(507): CodeIgniter\CodeIgniter->runController(Object(App\Controllers\Dashboard\DashboardController))
12 SYSTEMPATH\CodeIgniter.php(354): CodeIgniter\CodeIgniter->handleRequest(null, Object(Config\Cache), false)
13 SYSTEMPATH\Boot.php(334): CodeIgniter\CodeIgniter->run()
14 SYSTEMPATH\Boot.php(67): CodeIgniter\Boot::runCodeIgniter(Object(CodeIgniter\CodeIgniter))
15 FCPATH\index.php(56): CodeIgniter\Boot::bootWeb(Object(Config\Paths))
CRITICAL - 2025-05-20 09:18:10 --> [Caused by] CodeIgniter\Database\Exceptions\DatabaseException: Table 'field_visit.tbl_users' doesn't exist
in SYSTEMPATH\Database\MySQLi\Connection.php on line 332.
 1 SYSTEMPATH\Database\BaseConnection.php(738): CodeIgniter\Database\MySQLi\Connection->execute('SELECT * FROM tbl_users WHERE login_id = 1 ')
 2 SYSTEMPATH\Database\BaseConnection.php(652): CodeIgniter\Database\BaseConnection->simpleQuery('SELECT * FROM tbl_users WHERE login_id = 1 ')
 3 APPPATH\Views\Include\header.php(5): CodeIgniter\Database\BaseConnection->query('SELECT * FROM tbl_users WHERE login_id = 1 ')
 4 SYSTEMPATH\View\View.php(224): include('C:\\xampp\\htdocs\\field_visit\\app\\Views\\Include\\header.php')
 5 SYSTEMPATH\View\View.php(227): CodeIgniter\View\View->CodeIgniter\View\{closure}()
 6 SYSTEMPATH\Common.php(1173): CodeIgniter\View\View->render('Include/header', [], true)
 7 APPPATH\Views\Dashboard\adminDashboard.php(11): view('Include/header')
 8 SYSTEMPATH\View\View.php(224): include('C:\\xampp\\htdocs\\field_visit\\app\\Views\\Dashboard\\adminDashboard.php')
 9 SYSTEMPATH\View\View.php(227): CodeIgniter\View\View->CodeIgniter\View\{closure}()
10 SYSTEMPATH\Common.php(1173): CodeIgniter\View\View->render('Dashboard/adminDashboard', [], true)
11 APPPATH\Controllers\Dashboard\DashboardController.php(21): view('Dashboard/adminDashboard')
12 SYSTEMPATH\CodeIgniter.php(933): App\Controllers\Dashboard\DashboardController->adminDashboard()
13 SYSTEMPATH\CodeIgniter.php(507): CodeIgniter\CodeIgniter->runController(Object(App\Controllers\Dashboard\DashboardController))
14 SYSTEMPATH\CodeIgniter.php(354): CodeIgniter\CodeIgniter->handleRequest(null, Object(Config\Cache), false)
15 SYSTEMPATH\Boot.php(334): CodeIgniter\CodeIgniter->run()
16 SYSTEMPATH\Boot.php(67): CodeIgniter\Boot::runCodeIgniter(Object(CodeIgniter\CodeIgniter))
17 FCPATH\index.php(56): CodeIgniter\Boot::bootWeb(Object(Config\Paths))
CRITICAL - 2025-05-20 09:18:10 --> [Caused by] mysqli_sql_exception: Table 'field_visit.tbl_users' doesn't exist
in SYSTEMPATH\Database\MySQLi\Connection.php on line 327.
 1 SYSTEMPATH\Database\MySQLi\Connection.php(327): mysqli->query('SELECT * FROM tbl_users WHERE login_id = 1 ', 0)
 2 SYSTEMPATH\Database\BaseConnection.php(738): CodeIgniter\Database\MySQLi\Connection->execute('SELECT * FROM tbl_users WHERE login_id = 1 ')
 3 SYSTEMPATH\Database\BaseConnection.php(652): CodeIgniter\Database\BaseConnection->simpleQuery('SELECT * FROM tbl_users WHERE login_id = 1 ')
 4 APPPATH\Views\Include\header.php(5): CodeIgniter\Database\BaseConnection->query('SELECT * FROM tbl_users WHERE login_id = 1 ')
 5 SYSTEMPATH\View\View.php(224): include('C:\\xampp\\htdocs\\field_visit\\app\\Views\\Include\\header.php')
 6 SYSTEMPATH\View\View.php(227): CodeIgniter\View\View->CodeIgniter\View\{closure}()
 7 SYSTEMPATH\Common.php(1173): CodeIgniter\View\View->render('Include/header', [], true)
 8 APPPATH\Views\Dashboard\adminDashboard.php(11): view('Include/header')
 9 SYSTEMPATH\View\View.php(224): include('C:\\xampp\\htdocs\\field_visit\\app\\Views\\Dashboard\\adminDashboard.php')
10 SYSTEMPATH\View\View.php(227): CodeIgniter\View\View->CodeIgniter\View\{closure}()
11 SYSTEMPATH\Common.php(1173): CodeIgniter\View\View->render('Dashboard/adminDashboard', [], true)
12 APPPATH\Controllers\Dashboard\DashboardController.php(21): view('Dashboard/adminDashboard')
13 SYSTEMPATH\CodeIgniter.php(933): App\Controllers\Dashboard\DashboardController->adminDashboard()
14 SYSTEMPATH\CodeIgniter.php(507): CodeIgniter\CodeIgniter->runController(Object(App\Controllers\Dashboard\DashboardController))
15 SYSTEMPATH\CodeIgniter.php(354): CodeIgniter\CodeIgniter->handleRequest(null, Object(Config\Cache), false)
16 SYSTEMPATH\Boot.php(334): CodeIgniter\CodeIgniter->run()
17 SYSTEMPATH\Boot.php(67): CodeIgniter\Boot::runCodeIgniter(Object(CodeIgniter\CodeIgniter))
18 FCPATH\index.php(56): CodeIgniter\Boot::bootWeb(Object(Config\Paths))
ERROR - 2025-05-20 09:18:13 --> mysqli_sql_exception: Table 'field_visit.tbl_users' doesn't exist in C:\xampp\htdocs\field_visit\system\Database\MySQLi\Connection.php:327
Stack trace:
#0 C:\xampp\htdocs\field_visit\system\Database\MySQLi\Connection.php(327): mysqli->query('SELECT * FROM t...', 0)
#1 C:\xampp\htdocs\field_visit\system\Database\BaseConnection.php(738): CodeIgniter\Database\MySQLi\Connection->execute('SELECT * FROM t...')
#2 C:\xampp\htdocs\field_visit\system\Database\BaseConnection.php(652): CodeIgniter\Database\BaseConnection->simpleQuery('SELECT * FROM t...')
#3 C:\xampp\htdocs\field_visit\app\Views\Include\header.php(5): CodeIgniter\Database\BaseConnection->query('SELECT * FROM t...')
#4 C:\xampp\htdocs\field_visit\system\View\View.php(224): include('C:\\xampp\\htdocs...')
#5 C:\xampp\htdocs\field_visit\system\View\View.php(227): CodeIgniter\View\View->CodeIgniter\View\{closure}()
#6 C:\xampp\htdocs\field_visit\system\Common.php(1173): CodeIgniter\View\View->render('Include/header', Array, true)
#7 C:\xampp\htdocs\field_visit\app\Views\Dashboard\adminDashboard.php(11): view('Include/header')
#8 C:\xampp\htdocs\field_visit\system\View\View.php(224): include('C:\\xampp\\htdocs...')
#9 C:\xampp\htdocs\field_visit\system\View\View.php(227): CodeIgniter\View\View->CodeIgniter\View\{closure}()
#10 C:\xampp\htdocs\field_visit\system\Common.php(1173): CodeIgniter\View\View->render('Dashboard/admin...', Array, true)
#11 C:\xampp\htdocs\field_visit\app\Controllers\Dashboard\DashboardController.php(21): view('Dashboard/admin...')
#12 C:\xampp\htdocs\field_visit\system\CodeIgniter.php(933): App\Controllers\Dashboard\DashboardController->adminDashboard()
#13 C:\xampp\htdocs\field_visit\system\CodeIgniter.php(507): CodeIgniter\CodeIgniter->runController(Object(App\Controllers\Dashboard\DashboardController))
#14 C:\xampp\htdocs\field_visit\system\CodeIgniter.php(354): CodeIgniter\CodeIgniter->handleRequest(NULL, Object(Config\Cache), false)
#15 C:\xampp\htdocs\field_visit\system\Boot.php(334): CodeIgniter\CodeIgniter->run()
#16 C:\xampp\htdocs\field_visit\system\Boot.php(67): CodeIgniter\Boot::runCodeIgniter(Object(CodeIgniter\CodeIgniter))
#17 C:\xampp\htdocs\field_visit\index.php(56): CodeIgniter\Boot::bootWeb(Object(Config\Paths))
#18 {main}
CRITICAL - 2025-05-20 09:18:13 --> CodeIgniter\Database\Exceptions\DatabaseException: Table 'field_visit.tbl_users' doesn't exist
[Method: GET, Route: adminDashboard]
in SYSTEMPATH\Database\BaseConnection.php on line 692.
 1 APPPATH\Views\Include\header.php(5): CodeIgniter\Database\BaseConnection->query('SELECT * FROM tbl_users WHERE login_id = 1 ')
 2 SYSTEMPATH\View\View.php(224): include('C:\\xampp\\htdocs\\field_visit\\app\\Views\\Include\\header.php')
 3 SYSTEMPATH\View\View.php(227): CodeIgniter\View\View->CodeIgniter\View\{closure}()
 4 SYSTEMPATH\Common.php(1173): CodeIgniter\View\View->render('Include/header', [], true)
 5 APPPATH\Views\Dashboard\adminDashboard.php(11): view('Include/header')
 6 SYSTEMPATH\View\View.php(224): include('C:\\xampp\\htdocs\\field_visit\\app\\Views\\Dashboard\\adminDashboard.php')
 7 SYSTEMPATH\View\View.php(227): CodeIgniter\View\View->CodeIgniter\View\{closure}()
 8 SYSTEMPATH\Common.php(1173): CodeIgniter\View\View->render('Dashboard/adminDashboard', [], true)
 9 APPPATH\Controllers\Dashboard\DashboardController.php(21): view('Dashboard/adminDashboard')
10 SYSTEMPATH\CodeIgniter.php(933): App\Controllers\Dashboard\DashboardController->adminDashboard()
11 SYSTEMPATH\CodeIgniter.php(507): CodeIgniter\CodeIgniter->runController(Object(App\Controllers\Dashboard\DashboardController))
12 SYSTEMPATH\CodeIgniter.php(354): CodeIgniter\CodeIgniter->handleRequest(null, Object(Config\Cache), false)
13 SYSTEMPATH\Boot.php(334): CodeIgniter\CodeIgniter->run()
14 SYSTEMPATH\Boot.php(67): CodeIgniter\Boot::runCodeIgniter(Object(CodeIgniter\CodeIgniter))
15 FCPATH\index.php(56): CodeIgniter\Boot::bootWeb(Object(Config\Paths))
CRITICAL - 2025-05-20 09:18:13 --> [Caused by] CodeIgniter\Database\Exceptions\DatabaseException: Table 'field_visit.tbl_users' doesn't exist
in SYSTEMPATH\Database\MySQLi\Connection.php on line 332.
 1 SYSTEMPATH\Database\BaseConnection.php(738): CodeIgniter\Database\MySQLi\Connection->execute('SELECT * FROM tbl_users WHERE login_id = 1 ')
 2 SYSTEMPATH\Database\BaseConnection.php(652): CodeIgniter\Database\BaseConnection->simpleQuery('SELECT * FROM tbl_users WHERE login_id = 1 ')
 3 APPPATH\Views\Include\header.php(5): CodeIgniter\Database\BaseConnection->query('SELECT * FROM tbl_users WHERE login_id = 1 ')
 4 SYSTEMPATH\View\View.php(224): include('C:\\xampp\\htdocs\\field_visit\\app\\Views\\Include\\header.php')
 5 SYSTEMPATH\View\View.php(227): CodeIgniter\View\View->CodeIgniter\View\{closure}()
 6 SYSTEMPATH\Common.php(1173): CodeIgniter\View\View->render('Include/header', [], true)
 7 APPPATH\Views\Dashboard\adminDashboard.php(11): view('Include/header')
 8 SYSTEMPATH\View\View.php(224): include('C:\\xampp\\htdocs\\field_visit\\app\\Views\\Dashboard\\adminDashboard.php')
 9 SYSTEMPATH\View\View.php(227): CodeIgniter\View\View->CodeIgniter\View\{closure}()
10 SYSTEMPATH\Common.php(1173): CodeIgniter\View\View->render('Dashboard/adminDashboard', [], true)
11 APPPATH\Controllers\Dashboard\DashboardController.php(21): view('Dashboard/adminDashboard')
12 SYSTEMPATH\CodeIgniter.php(933): App\Controllers\Dashboard\DashboardController->adminDashboard()
13 SYSTEMPATH\CodeIgniter.php(507): CodeIgniter\CodeIgniter->runController(Object(App\Controllers\Dashboard\DashboardController))
14 SYSTEMPATH\CodeIgniter.php(354): CodeIgniter\CodeIgniter->handleRequest(null, Object(Config\Cache), false)
15 SYSTEMPATH\Boot.php(334): CodeIgniter\CodeIgniter->run()
16 SYSTEMPATH\Boot.php(67): CodeIgniter\Boot::runCodeIgniter(Object(CodeIgniter\CodeIgniter))
17 FCPATH\index.php(56): CodeIgniter\Boot::bootWeb(Object(Config\Paths))
CRITICAL - 2025-05-20 09:18:13 --> [Caused by] mysqli_sql_exception: Table 'field_visit.tbl_users' doesn't exist
in SYSTEMPATH\Database\MySQLi\Connection.php on line 327.
 1 SYSTEMPATH\Database\MySQLi\Connection.php(327): mysqli->query('SELECT * FROM tbl_users WHERE login_id = 1 ', 0)
 2 SYSTEMPATH\Database\BaseConnection.php(738): CodeIgniter\Database\MySQLi\Connection->execute('SELECT * FROM tbl_users WHERE login_id = 1 ')
 3 SYSTEMPATH\Database\BaseConnection.php(652): CodeIgniter\Database\BaseConnection->simpleQuery('SELECT * FROM tbl_users WHERE login_id = 1 ')
 4 APPPATH\Views\Include\header.php(5): CodeIgniter\Database\BaseConnection->query('SELECT * FROM tbl_users WHERE login_id = 1 ')
 5 SYSTEMPATH\View\View.php(224): include('C:\\xampp\\htdocs\\field_visit\\app\\Views\\Include\\header.php')
 6 SYSTEMPATH\View\View.php(227): CodeIgniter\View\View->CodeIgniter\View\{closure}()
 7 SYSTEMPATH\Common.php(1173): CodeIgniter\View\View->render('Include/header', [], true)
 8 APPPATH\Views\Dashboard\adminDashboard.php(11): view('Include/header')
 9 SYSTEMPATH\View\View.php(224): include('C:\\xampp\\htdocs\\field_visit\\app\\Views\\Dashboard\\adminDashboard.php')
10 SYSTEMPATH\View\View.php(227): CodeIgniter\View\View->CodeIgniter\View\{closure}()
11 SYSTEMPATH\Common.php(1173): CodeIgniter\View\View->render('Dashboard/adminDashboard', [], true)
12 APPPATH\Controllers\Dashboard\DashboardController.php(21): view('Dashboard/adminDashboard')
13 SYSTEMPATH\CodeIgniter.php(933): App\Controllers\Dashboard\DashboardController->adminDashboard()
14 SYSTEMPATH\CodeIgniter.php(507): CodeIgniter\CodeIgniter->runController(Object(App\Controllers\Dashboard\DashboardController))
15 SYSTEMPATH\CodeIgniter.php(354): CodeIgniter\CodeIgniter->handleRequest(null, Object(Config\Cache), false)
16 SYSTEMPATH\Boot.php(334): CodeIgniter\CodeIgniter->run()
17 SYSTEMPATH\Boot.php(67): CodeIgniter\Boot::runCodeIgniter(Object(CodeIgniter\CodeIgniter))
18 FCPATH\index.php(56): CodeIgniter\Boot::bootWeb(Object(Config\Paths))
ERROR - 2025-05-20 09:19:09 --> mysqli_sql_exception: Table 'field_visit.tbl_users' doesn't exist in C:\xampp\htdocs\field_visit\system\Database\MySQLi\Connection.php:327
Stack trace:
#0 C:\xampp\htdocs\field_visit\system\Database\MySQLi\Connection.php(327): mysqli->query('SELECT * FROM t...', 0)
#1 C:\xampp\htdocs\field_visit\system\Database\BaseConnection.php(738): CodeIgniter\Database\MySQLi\Connection->execute('SELECT * FROM t...')
#2 C:\xampp\htdocs\field_visit\system\Database\BaseConnection.php(652): CodeIgniter\Database\BaseConnection->simpleQuery('SELECT * FROM t...')
#3 C:\xampp\htdocs\field_visit\app\Views\Include\header.php(5): CodeIgniter\Database\BaseConnection->query('SELECT * FROM t...')
#4 C:\xampp\htdocs\field_visit\system\View\View.php(224): include('C:\\xampp\\htdocs...')
#5 C:\xampp\htdocs\field_visit\system\View\View.php(227): CodeIgniter\View\View->CodeIgniter\View\{closure}()
#6 C:\xampp\htdocs\field_visit\system\Common.php(1173): CodeIgniter\View\View->render('Include/header', Array, true)
#7 C:\xampp\htdocs\field_visit\app\Views\Dashboard\adminDashboard.php(11): view('Include/header')
#8 C:\xampp\htdocs\field_visit\system\View\View.php(224): include('C:\\xampp\\htdocs...')
#9 C:\xampp\htdocs\field_visit\system\View\View.php(227): CodeIgniter\View\View->CodeIgniter\View\{closure}()
#10 C:\xampp\htdocs\field_visit\system\Common.php(1173): CodeIgniter\View\View->render('Dashboard/admin...', Array, true)
#11 C:\xampp\htdocs\field_visit\app\Controllers\Dashboard\DashboardController.php(21): view('Dashboard/admin...')
#12 C:\xampp\htdocs\field_visit\system\CodeIgniter.php(933): App\Controllers\Dashboard\DashboardController->adminDashboard()
#13 C:\xampp\htdocs\field_visit\system\CodeIgniter.php(507): CodeIgniter\CodeIgniter->runController(Object(App\Controllers\Dashboard\DashboardController))
#14 C:\xampp\htdocs\field_visit\system\CodeIgniter.php(354): CodeIgniter\CodeIgniter->handleRequest(NULL, Object(Config\Cache), false)
#15 C:\xampp\htdocs\field_visit\system\Boot.php(334): CodeIgniter\CodeIgniter->run()
#16 C:\xampp\htdocs\field_visit\system\Boot.php(67): CodeIgniter\Boot::runCodeIgniter(Object(CodeIgniter\CodeIgniter))
#17 C:\xampp\htdocs\field_visit\index.php(56): CodeIgniter\Boot::bootWeb(Object(Config\Paths))
#18 {main}
CRITICAL - 2025-05-20 09:19:09 --> CodeIgniter\Database\Exceptions\DatabaseException: Table 'field_visit.tbl_users' doesn't exist
[Method: GET, Route: adminDashboard]
in SYSTEMPATH\Database\BaseConnection.php on line 692.
 1 APPPATH\Views\Include\header.php(5): CodeIgniter\Database\BaseConnection->query('SELECT * FROM tbl_users WHERE login_id = 1 ')
 2 SYSTEMPATH\View\View.php(224): include('C:\\xampp\\htdocs\\field_visit\\app\\Views\\Include\\header.php')
 3 SYSTEMPATH\View\View.php(227): CodeIgniter\View\View->CodeIgniter\View\{closure}()
 4 SYSTEMPATH\Common.php(1173): CodeIgniter\View\View->render('Include/header', [], true)
 5 APPPATH\Views\Dashboard\adminDashboard.php(11): view('Include/header')
 6 SYSTEMPATH\View\View.php(224): include('C:\\xampp\\htdocs\\field_visit\\app\\Views\\Dashboard\\adminDashboard.php')
 7 SYSTEMPATH\View\View.php(227): CodeIgniter\View\View->CodeIgniter\View\{closure}()
 8 SYSTEMPATH\Common.php(1173): CodeIgniter\View\View->render('Dashboard/adminDashboard', [], true)
 9 APPPATH\Controllers\Dashboard\DashboardController.php(21): view('Dashboard/adminDashboard')
10 SYSTEMPATH\CodeIgniter.php(933): App\Controllers\Dashboard\DashboardController->adminDashboard()
11 SYSTEMPATH\CodeIgniter.php(507): CodeIgniter\CodeIgniter->runController(Object(App\Controllers\Dashboard\DashboardController))
12 SYSTEMPATH\CodeIgniter.php(354): CodeIgniter\CodeIgniter->handleRequest(null, Object(Config\Cache), false)
13 SYSTEMPATH\Boot.php(334): CodeIgniter\CodeIgniter->run()
14 SYSTEMPATH\Boot.php(67): CodeIgniter\Boot::runCodeIgniter(Object(CodeIgniter\CodeIgniter))
15 FCPATH\index.php(56): CodeIgniter\Boot::bootWeb(Object(Config\Paths))
CRITICAL - 2025-05-20 09:19:09 --> [Caused by] CodeIgniter\Database\Exceptions\DatabaseException: Table 'field_visit.tbl_users' doesn't exist
in SYSTEMPATH\Database\MySQLi\Connection.php on line 332.
 1 SYSTEMPATH\Database\BaseConnection.php(738): CodeIgniter\Database\MySQLi\Connection->execute('SELECT * FROM tbl_users WHERE login_id = 1 ')
 2 SYSTEMPATH\Database\BaseConnection.php(652): CodeIgniter\Database\BaseConnection->simpleQuery('SELECT * FROM tbl_users WHERE login_id = 1 ')
 3 APPPATH\Views\Include\header.php(5): CodeIgniter\Database\BaseConnection->query('SELECT * FROM tbl_users WHERE login_id = 1 ')
 4 SYSTEMPATH\View\View.php(224): include('C:\\xampp\\htdocs\\field_visit\\app\\Views\\Include\\header.php')
 5 SYSTEMPATH\View\View.php(227): CodeIgniter\View\View->CodeIgniter\View\{closure}()
 6 SYSTEMPATH\Common.php(1173): CodeIgniter\View\View->render('Include/header', [], true)
 7 APPPATH\Views\Dashboard\adminDashboard.php(11): view('Include/header')
 8 SYSTEMPATH\View\View.php(224): include('C:\\xampp\\htdocs\\field_visit\\app\\Views\\Dashboard\\adminDashboard.php')
 9 SYSTEMPATH\View\View.php(227): CodeIgniter\View\View->CodeIgniter\View\{closure}()
10 SYSTEMPATH\Common.php(1173): CodeIgniter\View\View->render('Dashboard/adminDashboard', [], true)
11 APPPATH\Controllers\Dashboard\DashboardController.php(21): view('Dashboard/adminDashboard')
12 SYSTEMPATH\CodeIgniter.php(933): App\Controllers\Dashboard\DashboardController->adminDashboard()
13 SYSTEMPATH\CodeIgniter.php(507): CodeIgniter\CodeIgniter->runController(Object(App\Controllers\Dashboard\DashboardController))
14 SYSTEMPATH\CodeIgniter.php(354): CodeIgniter\CodeIgniter->handleRequest(null, Object(Config\Cache), false)
15 SYSTEMPATH\Boot.php(334): CodeIgniter\CodeIgniter->run()
16 SYSTEMPATH\Boot.php(67): CodeIgniter\Boot::runCodeIgniter(Object(CodeIgniter\CodeIgniter))
17 FCPATH\index.php(56): CodeIgniter\Boot::bootWeb(Object(Config\Paths))
CRITICAL - 2025-05-20 09:19:09 --> [Caused by] mysqli_sql_exception: Table 'field_visit.tbl_users' doesn't exist
in SYSTEMPATH\Database\MySQLi\Connection.php on line 327.
 1 SYSTEMPATH\Database\MySQLi\Connection.php(327): mysqli->query('SELECT * FROM tbl_users WHERE login_id = 1 ', 0)
 2 SYSTEMPATH\Database\BaseConnection.php(738): CodeIgniter\Database\MySQLi\Connection->execute('SELECT * FROM tbl_users WHERE login_id = 1 ')
 3 SYSTEMPATH\Database\BaseConnection.php(652): CodeIgniter\Database\BaseConnection->simpleQuery('SELECT * FROM tbl_users WHERE login_id = 1 ')
 4 APPPATH\Views\Include\header.php(5): CodeIgniter\Database\BaseConnection->query('SELECT * FROM tbl_users WHERE login_id = 1 ')
 5 SYSTEMPATH\View\View.php(224): include('C:\\xampp\\htdocs\\field_visit\\app\\Views\\Include\\header.php')
 6 SYSTEMPATH\View\View.php(227): CodeIgniter\View\View->CodeIgniter\View\{closure}()
 7 SYSTEMPATH\Common.php(1173): CodeIgniter\View\View->render('Include/header', [], true)
 8 APPPATH\Views\Dashboard\adminDashboard.php(11): view('Include/header')
 9 SYSTEMPATH\View\View.php(224): include('C:\\xampp\\htdocs\\field_visit\\app\\Views\\Dashboard\\adminDashboard.php')
10 SYSTEMPATH\View\View.php(227): CodeIgniter\View\View->CodeIgniter\View\{closure}()
11 SYSTEMPATH\Common.php(1173): CodeIgniter\View\View->render('Dashboard/adminDashboard', [], true)
12 APPPATH\Controllers\Dashboard\DashboardController.php(21): view('Dashboard/adminDashboard')
13 SYSTEMPATH\CodeIgniter.php(933): App\Controllers\Dashboard\DashboardController->adminDashboard()
14 SYSTEMPATH\CodeIgniter.php(507): CodeIgniter\CodeIgniter->runController(Object(App\Controllers\Dashboard\DashboardController))
15 SYSTEMPATH\CodeIgniter.php(354): CodeIgniter\CodeIgniter->handleRequest(null, Object(Config\Cache), false)
16 SYSTEMPATH\Boot.php(334): CodeIgniter\CodeIgniter->run()
17 SYSTEMPATH\Boot.php(67): CodeIgniter\Boot::runCodeIgniter(Object(CodeIgniter\CodeIgniter))
18 FCPATH\index.php(56): CodeIgniter\Boot::bootWeb(Object(Config\Paths))
ERROR - 2025-05-20 09:19:12 --> mysqli_sql_exception: Table 'field_visit.tbl_users' doesn't exist in C:\xampp\htdocs\field_visit\system\Database\MySQLi\Connection.php:327
Stack trace:
#0 C:\xampp\htdocs\field_visit\system\Database\MySQLi\Connection.php(327): mysqli->query('SELECT * FROM t...', 0)
#1 C:\xampp\htdocs\field_visit\system\Database\BaseConnection.php(738): CodeIgniter\Database\MySQLi\Connection->execute('SELECT * FROM t...')
#2 C:\xampp\htdocs\field_visit\system\Database\BaseConnection.php(652): CodeIgniter\Database\BaseConnection->simpleQuery('SELECT * FROM t...')
#3 C:\xampp\htdocs\field_visit\app\Views\Include\header.php(5): CodeIgniter\Database\BaseConnection->query('SELECT * FROM t...')
#4 C:\xampp\htdocs\field_visit\system\View\View.php(224): include('C:\\xampp\\htdocs...')
#5 C:\xampp\htdocs\field_visit\system\View\View.php(227): CodeIgniter\View\View->CodeIgniter\View\{closure}()
#6 C:\xampp\htdocs\field_visit\system\Common.php(1173): CodeIgniter\View\View->render('Include/header', Array, true)
#7 C:\xampp\htdocs\field_visit\app\Views\Dashboard\adminDashboard.php(11): view('Include/header')
#8 C:\xampp\htdocs\field_visit\system\View\View.php(224): include('C:\\xampp\\htdocs...')
#9 C:\xampp\htdocs\field_visit\system\View\View.php(227): CodeIgniter\View\View->CodeIgniter\View\{closure}()
#10 C:\xampp\htdocs\field_visit\system\Common.php(1173): CodeIgniter\View\View->render('Dashboard/admin...', Array, true)
#11 C:\xampp\htdocs\field_visit\app\Controllers\Dashboard\DashboardController.php(21): view('Dashboard/admin...')
#12 C:\xampp\htdocs\field_visit\system\CodeIgniter.php(933): App\Controllers\Dashboard\DashboardController->adminDashboard()
#13 C:\xampp\htdocs\field_visit\system\CodeIgniter.php(507): CodeIgniter\CodeIgniter->runController(Object(App\Controllers\Dashboard\DashboardController))
#14 C:\xampp\htdocs\field_visit\system\CodeIgniter.php(354): CodeIgniter\CodeIgniter->handleRequest(NULL, Object(Config\Cache), false)
#15 C:\xampp\htdocs\field_visit\system\Boot.php(334): CodeIgniter\CodeIgniter->run()
#16 C:\xampp\htdocs\field_visit\system\Boot.php(67): CodeIgniter\Boot::runCodeIgniter(Object(CodeIgniter\CodeIgniter))
#17 C:\xampp\htdocs\field_visit\index.php(56): CodeIgniter\Boot::bootWeb(Object(Config\Paths))
#18 {main}
CRITICAL - 2025-05-20 09:19:12 --> CodeIgniter\Database\Exceptions\DatabaseException: Table 'field_visit.tbl_users' doesn't exist
[Method: GET, Route: adminDashboard]
in SYSTEMPATH\Database\BaseConnection.php on line 692.
 1 APPPATH\Views\Include\header.php(5): CodeIgniter\Database\BaseConnection->query('SELECT * FROM tbl_users WHERE login_id = 1 ')
 2 SYSTEMPATH\View\View.php(224): include('C:\\xampp\\htdocs\\field_visit\\app\\Views\\Include\\header.php')
 3 SYSTEMPATH\View\View.php(227): CodeIgniter\View\View->CodeIgniter\View\{closure}()
 4 SYSTEMPATH\Common.php(1173): CodeIgniter\View\View->render('Include/header', [], true)
 5 APPPATH\Views\Dashboard\adminDashboard.php(11): view('Include/header')
 6 SYSTEMPATH\View\View.php(224): include('C:\\xampp\\htdocs\\field_visit\\app\\Views\\Dashboard\\adminDashboard.php')
 7 SYSTEMPATH\View\View.php(227): CodeIgniter\View\View->CodeIgniter\View\{closure}()
 8 SYSTEMPATH\Common.php(1173): CodeIgniter\View\View->render('Dashboard/adminDashboard', [], true)
 9 APPPATH\Controllers\Dashboard\DashboardController.php(21): view('Dashboard/adminDashboard')
10 SYSTEMPATH\CodeIgniter.php(933): App\Controllers\Dashboard\DashboardController->adminDashboard()
11 SYSTEMPATH\CodeIgniter.php(507): CodeIgniter\CodeIgniter->runController(Object(App\Controllers\Dashboard\DashboardController))
12 SYSTEMPATH\CodeIgniter.php(354): CodeIgniter\CodeIgniter->handleRequest(null, Object(Config\Cache), false)
13 SYSTEMPATH\Boot.php(334): CodeIgniter\CodeIgniter->run()
14 SYSTEMPATH\Boot.php(67): CodeIgniter\Boot::runCodeIgniter(Object(CodeIgniter\CodeIgniter))
15 FCPATH\index.php(56): CodeIgniter\Boot::bootWeb(Object(Config\Paths))
CRITICAL - 2025-05-20 09:19:12 --> [Caused by] CodeIgniter\Database\Exceptions\DatabaseException: Table 'field_visit.tbl_users' doesn't exist
in SYSTEMPATH\Database\MySQLi\Connection.php on line 332.
 1 SYSTEMPATH\Database\BaseConnection.php(738): CodeIgniter\Database\MySQLi\Connection->execute('SELECT * FROM tbl_users WHERE login_id = 1 ')
 2 SYSTEMPATH\Database\BaseConnection.php(652): CodeIgniter\Database\BaseConnection->simpleQuery('SELECT * FROM tbl_users WHERE login_id = 1 ')
 3 APPPATH\Views\Include\header.php(5): CodeIgniter\Database\BaseConnection->query('SELECT * FROM tbl_users WHERE login_id = 1 ')
 4 SYSTEMPATH\View\View.php(224): include('C:\\xampp\\htdocs\\field_visit\\app\\Views\\Include\\header.php')
 5 SYSTEMPATH\View\View.php(227): CodeIgniter\View\View->CodeIgniter\View\{closure}()
 6 SYSTEMPATH\Common.php(1173): CodeIgniter\View\View->render('Include/header', [], true)
 7 APPPATH\Views\Dashboard\adminDashboard.php(11): view('Include/header')
 8 SYSTEMPATH\View\View.php(224): include('C:\\xampp\\htdocs\\field_visit\\app\\Views\\Dashboard\\adminDashboard.php')
 9 SYSTEMPATH\View\View.php(227): CodeIgniter\View\View->CodeIgniter\View\{closure}()
10 SYSTEMPATH\Common.php(1173): CodeIgniter\View\View->render('Dashboard/adminDashboard', [], true)
11 APPPATH\Controllers\Dashboard\DashboardController.php(21): view('Dashboard/adminDashboard')
12 SYSTEMPATH\CodeIgniter.php(933): App\Controllers\Dashboard\DashboardController->adminDashboard()
13 SYSTEMPATH\CodeIgniter.php(507): CodeIgniter\CodeIgniter->runController(Object(App\Controllers\Dashboard\DashboardController))
14 SYSTEMPATH\CodeIgniter.php(354): CodeIgniter\CodeIgniter->handleRequest(null, Object(Config\Cache), false)
15 SYSTEMPATH\Boot.php(334): CodeIgniter\CodeIgniter->run()
16 SYSTEMPATH\Boot.php(67): CodeIgniter\Boot::runCodeIgniter(Object(CodeIgniter\CodeIgniter))
17 FCPATH\index.php(56): CodeIgniter\Boot::bootWeb(Object(Config\Paths))
CRITICAL - 2025-05-20 09:19:12 --> [Caused by] mysqli_sql_exception: Table 'field_visit.tbl_users' doesn't exist
in SYSTEMPATH\Database\MySQLi\Connection.php on line 327.
 1 SYSTEMPATH\Database\MySQLi\Connection.php(327): mysqli->query('SELECT * FROM tbl_users WHERE login_id = 1 ', 0)
 2 SYSTEMPATH\Database\BaseConnection.php(738): CodeIgniter\Database\MySQLi\Connection->execute('SELECT * FROM tbl_users WHERE login_id = 1 ')
 3 SYSTEMPATH\Database\BaseConnection.php(652): CodeIgniter\Database\BaseConnection->simpleQuery('SELECT * FROM tbl_users WHERE login_id = 1 ')
 4 APPPATH\Views\Include\header.php(5): CodeIgniter\Database\BaseConnection->query('SELECT * FROM tbl_users WHERE login_id = 1 ')
 5 SYSTEMPATH\View\View.php(224): include('C:\\xampp\\htdocs\\field_visit\\app\\Views\\Include\\header.php')
 6 SYSTEMPATH\View\View.php(227): CodeIgniter\View\View->CodeIgniter\View\{closure}()
 7 SYSTEMPATH\Common.php(1173): CodeIgniter\View\View->render('Include/header', [], true)
 8 APPPATH\Views\Dashboard\adminDashboard.php(11): view('Include/header')
 9 SYSTEMPATH\View\View.php(224): include('C:\\xampp\\htdocs\\field_visit\\app\\Views\\Dashboard\\adminDashboard.php')
10 SYSTEMPATH\View\View.php(227): CodeIgniter\View\View->CodeIgniter\View\{closure}()
11 SYSTEMPATH\Common.php(1173): CodeIgniter\View\View->render('Dashboard/adminDashboard', [], true)
12 APPPATH\Controllers\Dashboard\DashboardController.php(21): view('Dashboard/adminDashboard')
13 SYSTEMPATH\CodeIgniter.php(933): App\Controllers\Dashboard\DashboardController->adminDashboard()
14 SYSTEMPATH\CodeIgniter.php(507): CodeIgniter\CodeIgniter->runController(Object(App\Controllers\Dashboard\DashboardController))
15 SYSTEMPATH\CodeIgniter.php(354): CodeIgniter\CodeIgniter->handleRequest(null, Object(Config\Cache), false)
16 SYSTEMPATH\Boot.php(334): CodeIgniter\CodeIgniter->run()
17 SYSTEMPATH\Boot.php(67): CodeIgniter\Boot::runCodeIgniter(Object(CodeIgniter\CodeIgniter))
18 FCPATH\index.php(56): CodeIgniter\Boot::bootWeb(Object(Config\Paths))
ERROR - 2025-05-20 09:20:05 --> mysqli_sql_exception: Table 'field_visit.tbl_users' doesn't exist in C:\xampp\htdocs\field_visit\system\Database\MySQLi\Connection.php:327
Stack trace:
#0 C:\xampp\htdocs\field_visit\system\Database\MySQLi\Connection.php(327): mysqli->query('SELECT * FROM t...', 0)
#1 C:\xampp\htdocs\field_visit\system\Database\BaseConnection.php(738): CodeIgniter\Database\MySQLi\Connection->execute('SELECT * FROM t...')
#2 C:\xampp\htdocs\field_visit\system\Database\BaseConnection.php(652): CodeIgniter\Database\BaseConnection->simpleQuery('SELECT * FROM t...')
#3 C:\xampp\htdocs\field_visit\app\Views\Category\categoryList.php(4): CodeIgniter\Database\BaseConnection->query('SELECT * FROM t...')
#4 C:\xampp\htdocs\field_visit\system\View\View.php(224): include('C:\\xampp\\htdocs...')
#5 C:\xampp\htdocs\field_visit\system\View\View.php(227): CodeIgniter\View\View->CodeIgniter\View\{closure}()
#6 C:\xampp\htdocs\field_visit\system\Common.php(1173): CodeIgniter\View\View->render('Category/catego...', Array, true)
#7 C:\xampp\htdocs\field_visit\app\Controllers\Category\CategoryController.php(23): view('Category/catego...', Array)
#8 C:\xampp\htdocs\field_visit\system\CodeIgniter.php(933): App\Controllers\Category\CategoryController->categoryList()
#9 C:\xampp\htdocs\field_visit\system\CodeIgniter.php(507): CodeIgniter\CodeIgniter->runController(Object(App\Controllers\Category\CategoryController))
#10 C:\xampp\htdocs\field_visit\system\CodeIgniter.php(354): CodeIgniter\CodeIgniter->handleRequest(NULL, Object(Config\Cache), false)
#11 C:\xampp\htdocs\field_visit\system\Boot.php(334): CodeIgniter\CodeIgniter->run()
#12 C:\xampp\htdocs\field_visit\system\Boot.php(67): CodeIgniter\Boot::runCodeIgniter(Object(CodeIgniter\CodeIgniter))
#13 C:\xampp\htdocs\field_visit\index.php(56): CodeIgniter\Boot::bootWeb(Object(Config\Paths))
#14 {main}
CRITICAL - 2025-05-20 09:20:05 --> CodeIgniter\Database\Exceptions\DatabaseException: Table 'field_visit.tbl_users' doesn't exist
[Method: GET, Route: categoryList]
in SYSTEMPATH\Database\BaseConnection.php on line 692.
 1 APPPATH\Views\Category\categoryList.php(4): CodeIgniter\Database\BaseConnection->query('SELECT * FROM tbl_users WHERE login_id = 1 ')
 2 SYSTEMPATH\View\View.php(224): include('C:\\xampp\\htdocs\\field_visit\\app\\Views\\Category\\categoryList.php')
 3 SYSTEMPATH\View\View.php(227): CodeIgniter\View\View->CodeIgniter\View\{closure}()
 4 SYSTEMPATH\Common.php(1173): CodeIgniter\View\View->render('Category/categoryList', [], true)
 5 APPPATH\Controllers\Category\CategoryController.php(23): view('Category/categoryList', [...])
 6 SYSTEMPATH\CodeIgniter.php(933): App\Controllers\Category\CategoryController->categoryList()
 7 SYSTEMPATH\CodeIgniter.php(507): CodeIgniter\CodeIgniter->runController(Object(App\Controllers\Category\CategoryController))
 8 SYSTEMPATH\CodeIgniter.php(354): CodeIgniter\CodeIgniter->handleRequest(null, Object(Config\Cache), false)
 9 SYSTEMPATH\Boot.php(334): CodeIgniter\CodeIgniter->run()
10 SYSTEMPATH\Boot.php(67): CodeIgniter\Boot::runCodeIgniter(Object(CodeIgniter\CodeIgniter))
11 FCPATH\index.php(56): CodeIgniter\Boot::bootWeb(Object(Config\Paths))
CRITICAL - 2025-05-20 09:20:05 --> [Caused by] CodeIgniter\Database\Exceptions\DatabaseException: Table 'field_visit.tbl_users' doesn't exist
in SYSTEMPATH\Database\MySQLi\Connection.php on line 332.
 1 SYSTEMPATH\Database\BaseConnection.php(738): CodeIgniter\Database\MySQLi\Connection->execute('SELECT * FROM tbl_users WHERE login_id = 1 ')
 2 SYSTEMPATH\Database\BaseConnection.php(652): CodeIgniter\Database\BaseConnection->simpleQuery('SELECT * FROM tbl_users WHERE login_id = 1 ')
 3 APPPATH\Views\Category\categoryList.php(4): CodeIgniter\Database\BaseConnection->query('SELECT * FROM tbl_users WHERE login_id = 1 ')
 4 SYSTEMPATH\View\View.php(224): include('C:\\xampp\\htdocs\\field_visit\\app\\Views\\Category\\categoryList.php')
 5 SYSTEMPATH\View\View.php(227): CodeIgniter\View\View->CodeIgniter\View\{closure}()
 6 SYSTEMPATH\Common.php(1173): CodeIgniter\View\View->render('Category/categoryList', [], true)
 7 APPPATH\Controllers\Category\CategoryController.php(23): view('Category/categoryList', [...])
 8 SYSTEMPATH\CodeIgniter.php(933): App\Controllers\Category\CategoryController->categoryList()
 9 SYSTEMPATH\CodeIgniter.php(507): CodeIgniter\CodeIgniter->runController(Object(App\Controllers\Category\CategoryController))
10 SYSTEMPATH\CodeIgniter.php(354): CodeIgniter\CodeIgniter->handleRequest(null, Object(Config\Cache), false)
11 SYSTEMPATH\Boot.php(334): CodeIgniter\CodeIgniter->run()
12 SYSTEMPATH\Boot.php(67): CodeIgniter\Boot::runCodeIgniter(Object(CodeIgniter\CodeIgniter))
13 FCPATH\index.php(56): CodeIgniter\Boot::bootWeb(Object(Config\Paths))
CRITICAL - 2025-05-20 09:20:05 --> [Caused by] mysqli_sql_exception: Table 'field_visit.tbl_users' doesn't exist
in SYSTEMPATH\Database\MySQLi\Connection.php on line 327.
 1 SYSTEMPATH\Database\MySQLi\Connection.php(327): mysqli->query('SELECT * FROM tbl_users WHERE login_id = 1 ', 0)
 2 SYSTEMPATH\Database\BaseConnection.php(738): CodeIgniter\Database\MySQLi\Connection->execute('SELECT * FROM tbl_users WHERE login_id = 1 ')
 3 SYSTEMPATH\Database\BaseConnection.php(652): CodeIgniter\Database\BaseConnection->simpleQuery('SELECT * FROM tbl_users WHERE login_id = 1 ')
 4 APPPATH\Views\Category\categoryList.php(4): CodeIgniter\Database\BaseConnection->query('SELECT * FROM tbl_users WHERE login_id = 1 ')
 5 SYSTEMPATH\View\View.php(224): include('C:\\xampp\\htdocs\\field_visit\\app\\Views\\Category\\categoryList.php')
 6 SYSTEMPATH\View\View.php(227): CodeIgniter\View\View->CodeIgniter\View\{closure}()
 7 SYSTEMPATH\Common.php(1173): CodeIgniter\View\View->render('Category/categoryList', [], true)
 8 APPPATH\Controllers\Category\CategoryController.php(23): view('Category/categoryList', [...])
 9 SYSTEMPATH\CodeIgniter.php(933): App\Controllers\Category\CategoryController->categoryList()
10 SYSTEMPATH\CodeIgniter.php(507): CodeIgniter\CodeIgniter->runController(Object(App\Controllers\Category\CategoryController))
11 SYSTEMPATH\CodeIgniter.php(354): CodeIgniter\CodeIgniter->handleRequest(null, Object(Config\Cache), false)
12 SYSTEMPATH\Boot.php(334): CodeIgniter\CodeIgniter->run()
13 SYSTEMPATH\Boot.php(67): CodeIgniter\Boot::runCodeIgniter(Object(CodeIgniter\CodeIgniter))
14 FCPATH\index.php(56): CodeIgniter\Boot::bootWeb(Object(Config\Paths))
ERROR - 2025-05-20 09:20:05 --> mysqli_sql_exception: Table 'field_visit.tbl_users' doesn't exist in C:\xampp\htdocs\field_visit\system\Database\MySQLi\Connection.php:327
Stack trace:
#0 C:\xampp\htdocs\field_visit\system\Database\MySQLi\Connection.php(327): mysqli->query('SELECT * FROM t...', 0)
#1 C:\xampp\htdocs\field_visit\system\Database\BaseConnection.php(738): CodeIgniter\Database\MySQLi\Connection->execute('SELECT * FROM t...')
#2 C:\xampp\htdocs\field_visit\system\Database\BaseConnection.php(652): CodeIgniter\Database\BaseConnection->simpleQuery('SELECT * FROM t...')
#3 C:\xampp\htdocs\field_visit\app\Views\Category\categoryList.php(4): CodeIgniter\Database\BaseConnection->query('SELECT * FROM t...')
#4 C:\xampp\htdocs\field_visit\system\View\View.php(224): include('C:\\xampp\\htdocs...')
#5 C:\xampp\htdocs\field_visit\system\View\View.php(227): CodeIgniter\View\View->CodeIgniter\View\{closure}()
#6 C:\xampp\htdocs\field_visit\system\Common.php(1173): CodeIgniter\View\View->render('Category/catego...', Array, true)
#7 C:\xampp\htdocs\field_visit\app\Controllers\Category\CategoryController.php(23): view('Category/catego...', Array)
#8 C:\xampp\htdocs\field_visit\system\CodeIgniter.php(933): App\Controllers\Category\CategoryController->categoryList()
#9 C:\xampp\htdocs\field_visit\system\CodeIgniter.php(507): CodeIgniter\CodeIgniter->runController(Object(App\Controllers\Category\CategoryController))
#10 C:\xampp\htdocs\field_visit\system\CodeIgniter.php(354): CodeIgniter\CodeIgniter->handleRequest(NULL, Object(Config\Cache), false)
#11 C:\xampp\htdocs\field_visit\system\Boot.php(334): CodeIgniter\CodeIgniter->run()
#12 C:\xampp\htdocs\field_visit\system\Boot.php(67): CodeIgniter\Boot::runCodeIgniter(Object(CodeIgniter\CodeIgniter))
#13 C:\xampp\htdocs\field_visit\index.php(56): CodeIgniter\Boot::bootWeb(Object(Config\Paths))
#14 {main}
CRITICAL - 2025-05-20 09:20:05 --> CodeIgniter\Database\Exceptions\DatabaseException: Table 'field_visit.tbl_users' doesn't exist
[Method: GET, Route: categoryList]
in SYSTEMPATH\Database\BaseConnection.php on line 692.
 1 APPPATH\Views\Category\categoryList.php(4): CodeIgniter\Database\BaseConnection->query('SELECT * FROM tbl_users WHERE login_id = 1 ')
 2 SYSTEMPATH\View\View.php(224): include('C:\\xampp\\htdocs\\field_visit\\app\\Views\\Category\\categoryList.php')
 3 SYSTEMPATH\View\View.php(227): CodeIgniter\View\View->CodeIgniter\View\{closure}()
 4 SYSTEMPATH\Common.php(1173): CodeIgniter\View\View->render('Category/categoryList', [], true)
 5 APPPATH\Controllers\Category\CategoryController.php(23): view('Category/categoryList', [...])
 6 SYSTEMPATH\CodeIgniter.php(933): App\Controllers\Category\CategoryController->categoryList()
 7 SYSTEMPATH\CodeIgniter.php(507): CodeIgniter\CodeIgniter->runController(Object(App\Controllers\Category\CategoryController))
 8 SYSTEMPATH\CodeIgniter.php(354): CodeIgniter\CodeIgniter->handleRequest(null, Object(Config\Cache), false)
 9 SYSTEMPATH\Boot.php(334): CodeIgniter\CodeIgniter->run()
10 SYSTEMPATH\Boot.php(67): CodeIgniter\Boot::runCodeIgniter(Object(CodeIgniter\CodeIgniter))
11 FCPATH\index.php(56): CodeIgniter\Boot::bootWeb(Object(Config\Paths))
CRITICAL - 2025-05-20 09:20:05 --> [Caused by] CodeIgniter\Database\Exceptions\DatabaseException: Table 'field_visit.tbl_users' doesn't exist
in SYSTEMPATH\Database\MySQLi\Connection.php on line 332.
 1 SYSTEMPATH\Database\BaseConnection.php(738): CodeIgniter\Database\MySQLi\Connection->execute('SELECT * FROM tbl_users WHERE login_id = 1 ')
 2 SYSTEMPATH\Database\BaseConnection.php(652): CodeIgniter\Database\BaseConnection->simpleQuery('SELECT * FROM tbl_users WHERE login_id = 1 ')
 3 APPPATH\Views\Category\categoryList.php(4): CodeIgniter\Database\BaseConnection->query('SELECT * FROM tbl_users WHERE login_id = 1 ')
 4 SYSTEMPATH\View\View.php(224): include('C:\\xampp\\htdocs\\field_visit\\app\\Views\\Category\\categoryList.php')
 5 SYSTEMPATH\View\View.php(227): CodeIgniter\View\View->CodeIgniter\View\{closure}()
 6 SYSTEMPATH\Common.php(1173): CodeIgniter\View\View->render('Category/categoryList', [], true)
 7 APPPATH\Controllers\Category\CategoryController.php(23): view('Category/categoryList', [...])
 8 SYSTEMPATH\CodeIgniter.php(933): App\Controllers\Category\CategoryController->categoryList()
 9 SYSTEMPATH\CodeIgniter.php(507): CodeIgniter\CodeIgniter->runController(Object(App\Controllers\Category\CategoryController))
10 SYSTEMPATH\CodeIgniter.php(354): CodeIgniter\CodeIgniter->handleRequest(null, Object(Config\Cache), false)
11 SYSTEMPATH\Boot.php(334): CodeIgniter\CodeIgniter->run()
12 SYSTEMPATH\Boot.php(67): CodeIgniter\Boot::runCodeIgniter(Object(CodeIgniter\CodeIgniter))
13 FCPATH\index.php(56): CodeIgniter\Boot::bootWeb(Object(Config\Paths))
CRITICAL - 2025-05-20 09:20:05 --> [Caused by] mysqli_sql_exception: Table 'field_visit.tbl_users' doesn't exist
in SYSTEMPATH\Database\MySQLi\Connection.php on line 327.
 1 SYSTEMPATH\Database\MySQLi\Connection.php(327): mysqli->query('SELECT * FROM tbl_users WHERE login_id = 1 ', 0)
 2 SYSTEMPATH\Database\BaseConnection.php(738): CodeIgniter\Database\MySQLi\Connection->execute('SELECT * FROM tbl_users WHERE login_id = 1 ')
 3 SYSTEMPATH\Database\BaseConnection.php(652): CodeIgniter\Database\BaseConnection->simpleQuery('SELECT * FROM tbl_users WHERE login_id = 1 ')
 4 APPPATH\Views\Category\categoryList.php(4): CodeIgniter\Database\BaseConnection->query('SELECT * FROM tbl_users WHERE login_id = 1 ')
 5 SYSTEMPATH\View\View.php(224): include('C:\\xampp\\htdocs\\field_visit\\app\\Views\\Category\\categoryList.php')
 6 SYSTEMPATH\View\View.php(227): CodeIgniter\View\View->CodeIgniter\View\{closure}()
 7 SYSTEMPATH\Common.php(1173): CodeIgniter\View\View->render('Category/categoryList', [], true)
 8 APPPATH\Controllers\Category\CategoryController.php(23): view('Category/categoryList', [...])
 9 SYSTEMPATH\CodeIgniter.php(933): App\Controllers\Category\CategoryController->categoryList()
10 SYSTEMPATH\CodeIgniter.php(507): CodeIgniter\CodeIgniter->runController(Object(App\Controllers\Category\CategoryController))
11 SYSTEMPATH\CodeIgniter.php(354): CodeIgniter\CodeIgniter->handleRequest(null, Object(Config\Cache), false)
12 SYSTEMPATH\Boot.php(334): CodeIgniter\CodeIgniter->run()
13 SYSTEMPATH\Boot.php(67): CodeIgniter\Boot::runCodeIgniter(Object(CodeIgniter\CodeIgniter))
14 FCPATH\index.php(56): CodeIgniter\Boot::bootWeb(Object(Config\Paths))
